#
# There is insufficient memory for the Java Runtime Environment to continue.
# Native memory allocation (malloc) failed to allocate 1691216 bytes for Chunk::new
# Possible reasons:
#   The system is out of physical RAM or swap space
#   In 32 bit mode, the process size limit was hit
# Possible solutions:
#   Reduce memory load on the system
#   Increase physical memory or swap space
#   Check if swap backing store is full
#   Use 64 bit Java on a 64 bit OS
#   Decrease Java heap size (-Xmx/-Xms)
#   Decrease number of Java threads
#   Decrease Java thread stack sizes (-Xss)
#   Set larger code cache with -XX:ReservedCodeCacheSize=
# This output file may be truncated or incomplete.
#
#  Out of Memory Error (allocation.cpp:323), pid=3000, tid=7900
#
# JRE version: Java(TM) SE Runtime Environment (7.0_76-b13) (build 1.7.0_76-b13)
# Java VM: Java HotSpot(TM) 64-Bit Server VM (24.76-b04 mixed mode windows-amd64 compressed oops)
# Failed to write core dump. Minidumps are not enabled by default on client versions of Windows
#

---------------  T H R E A D  ---------------

Current thread (0x0000000002246000):  JavaThread "C2 CompilerThread0" daemon [_thread_in_native, id=7900, stack(0x000000000b1d0000,0x000000000b2d0000)]

Stack: [0x000000000b1d0000,0x000000000b2d0000]
[error occurred during error reporting (printing stack bounds), id 0xc0000005]


[error occurred during error reporting (printing native stack), id 0xc0000005]


Current CompileTask:
C2:10775755 2907             org.codehaus.groovy.runtime.callsite.CallSiteGenerator::writeMethod (624 bytes)


---------------  P R O C E S S  ---------------

Java Threads: ( => current thread )
  0x000000000dc76000 JavaThread "Forward streams with process: command 'C:\Program Files\Java\jdk1.7.0_76\bin\java.exe' Thread 3" [_thread_in_native, id=4844, stack(0x0000000012080000,0x0000000012180000)]
  0x000000000dc79800 JavaThread "Forward streams with process: command 'C:\Program Files\Java\jdk1.7.0_76\bin\java.exe' Thread 2" [_thread_in_native, id=8512, stack(0x0000000011f80000,0x0000000012080000)]
  0x000000000dc79000 JavaThread "Forward streams with process: command 'C:\Program Files\Java\jdk1.7.0_76\bin\java.exe'" [_thread_blocked, id=2276, stack(0x0000000011b80000,0x0000000011c80000)]
  0x000000000dc72000 JavaThread "Forward streams with process: command 'C:\Program Files\Java\jdk1.7.0_76\bin\java.exe' Thread 3" [_thread_in_native, id=1488, stack(0x0000000011e80000,0x0000000011f80000)]
  0x000000000dc78000 JavaThread "Forward streams with process: command 'C:\Program Files\Java\jdk1.7.0_76\bin\java.exe' Thread 2" [_thread_in_native, id=8416, stack(0x0000000011d80000,0x0000000011e80000)]
  0x000000000dc71800 JavaThread "Forward streams with process: command 'C:\Program Files\Java\jdk1.7.0_76\bin\java.exe'" [_thread_blocked, id=9568, stack(0x0000000011c80000,0x0000000011d80000)]
  0x000000000dc74800 JavaThread "Forward streams with process: command 'C:\Program Files\Java\jdk1.7.0_76\bin\java.exe' Thread 3" [_thread_in_native, id=3020, stack(0x0000000011a80000,0x0000000011b80000)]
  0x000000000dc77800 JavaThread "Forward streams with process: command 'C:\Program Files\Java\jdk1.7.0_76\bin\java.exe' Thread 2" [_thread_in_native, id=9068, stack(0x0000000011980000,0x0000000011a80000)]
  0x000000000dea5800 JavaThread "Forward streams with process: command 'C:\Program Files\Java\jdk1.7.0_76\bin\java.exe'" [_thread_blocked, id=4528, stack(0x0000000011880000,0x0000000011980000)]
  0x000000000deac800 JavaThread "Forward streams with process: command 'C:\Program Files\Java\jdk1.7.0_76\bin\java.exe' Thread 3" [_thread_in_native, id=6980, stack(0x0000000011780000,0x0000000011880000)]
  0x000000000deab000 JavaThread "Forward streams with process: command 'C:\Program Files\Java\jdk1.7.0_76\bin\java.exe' Thread 2" [_thread_in_native, id=3776, stack(0x0000000011680000,0x0000000011780000)]
  0x000000000deaa000 JavaThread "Forward streams with process: command 'C:\Program Files\Java\jdk1.7.0_76\bin\java.exe'" [_thread_blocked, id=7768, stack(0x0000000011580000,0x0000000011680000)]
  0x000000000deab800 JavaThread "Forward streams with process: command 'C:\Program Files\Java\jdk1.7.0_76\bin\java.exe' Thread 3" [_thread_in_native, id=3088, stack(0x0000000011480000,0x0000000011580000)]
  0x000000000dea1800 JavaThread "Forward streams with process: command 'C:\Program Files\Java\jdk1.7.0_76\bin\java.exe' Thread 2" [_thread_in_native, id=10172, stack(0x0000000011380000,0x0000000011480000)]
  0x000000000dea8800 JavaThread "Forward streams with process: command 'C:\Program Files\Java\jdk1.7.0_76\bin\java.exe'" [_thread_blocked, id=7412, stack(0x0000000011280000,0x0000000011380000)]
  0x000000000dea8000 JavaThread "Forward streams with process: command 'C:\Program Files\Java\jdk1.7.0_76\bin\java.exe' Thread 3" [_thread_in_native, id=9272, stack(0x0000000011180000,0x0000000011280000)]
  0x000000000dea7000 JavaThread "Forward streams with process: command 'C:\Program Files\Java\jdk1.7.0_76\bin\java.exe' Thread 2" [_thread_in_native, id=9904, stack(0x0000000011080000,0x0000000011180000)]
  0x000000000dea6800 JavaThread "Forward streams with process: command 'C:\Program Files\Java\jdk1.7.0_76\bin\java.exe'" [_thread_blocked, id=7980, stack(0x0000000010f80000,0x0000000011080000)]
  0x000000000dea5000 JavaThread "Forward streams with process: command 'C:\Program Files\Java\jdk1.7.0_76\bin\java.exe' Thread 3" [_thread_in_native, id=9820, stack(0x0000000010d80000,0x0000000010e80000)]
  0x000000000de9d000 JavaThread "Forward streams with process: command 'C:\Program Files\Java\jdk1.7.0_76\bin\java.exe' Thread 2" [_thread_in_native, id=5664, stack(0x0000000010c80000,0x0000000010d80000)]
  0x000000000dea4000 JavaThread "Forward streams with process: command 'C:\Program Files\Java\jdk1.7.0_76\bin\java.exe'" [_thread_blocked, id=9740, stack(0x0000000010b80000,0x0000000010c80000)]
  0x000000000dea1000 JavaThread "Forward streams with process: command 'C:\Program Files\Java\jdk1.7.0_76\bin\java.exe' Thread 3" [_thread_in_native, id=7056, stack(0x0000000010780000,0x0000000010880000)]
  0x000000000dea3800 JavaThread "Forward streams with process: command 'C:\Program Files\Java\jdk1.7.0_76\bin\java.exe' Thread 2" [_thread_in_native, id=6616, stack(0x0000000010980000,0x0000000010a80000)]
  0x000000000dea0000 JavaThread "Forward streams with process: command 'C:\Program Files\Java\jdk1.7.0_76\bin\java.exe'" [_thread_blocked, id=9140, stack(0x0000000010880000,0x0000000010980000)]
  0x000000000de9f800 JavaThread "Run command 'C:\Program Files\Java\jdk1.7.0_76\bin\java.exe'" [_thread_in_native, id=7124, stack(0x0000000010680000,0x0000000010780000)]
  0x000000000dea2800 JavaThread "Run command 'C:\Program Files\Java\jdk1.7.0_76\bin\java.exe'" [_thread_in_native, id=3308, stack(0x0000000010580000,0x0000000010680000)]
  0x000000000de9e800 JavaThread "Run command 'C:\Program Files\Java\jdk1.7.0_76\bin\java.exe'" [_thread_in_native, id=2028, stack(0x0000000010480000,0x0000000010580000)]
  0x000000000de9e000 JavaThread "Run command 'C:\Program Files\Java\jdk1.7.0_76\bin\java.exe'" [_thread_in_native, id=9372, stack(0x0000000010380000,0x0000000010480000)]
  0x000000000cd78800 JavaThread "Run command 'C:\Program Files\Java\jdk1.7.0_76\bin\java.exe'" [_thread_in_native, id=9892, stack(0x0000000010280000,0x0000000010380000)]
  0x000000000cd76800 JavaThread "Run command 'C:\Program Files\Java\jdk1.7.0_76\bin\java.exe'" [_thread_in_native, id=10148, stack(0x0000000010180000,0x0000000010280000)]
  0x000000000cd75800 JavaThread "Run command 'C:\Program Files\Java\jdk1.7.0_76\bin\java.exe'" [_thread_in_native, id=9676, stack(0x0000000010080000,0x0000000010180000)]
  0x000000000cd78000 JavaThread "Run command 'C:\Program Files\Java\jdk1.7.0_76\bin\java.exe'" [_thread_in_native, id=4756, stack(0x000000000ff80000,0x0000000010080000)]
  0x000000000cd73800 JavaThread "pool-3-thread-8" [_thread_blocked, id=7468, stack(0x000000000fe80000,0x000000000ff80000)]
  0x000000000cd7a000 JavaThread "pool-3-thread-7" [_thread_blocked, id=1968, stack(0x000000000ed30000,0x000000000ee30000)]
  0x000000000cd79800 JavaThread "pool-3-thread-6" [_thread_blocked, id=6580, stack(0x000000000ec30000,0x000000000ed30000)]
  0x000000000cd75000 JavaThread "pool-3-thread-5" [_thread_blocked, id=3900, stack(0x000000000eb30000,0x000000000ec30000)]
  0x000000000cd74000 JavaThread "pool-3-thread-4" [_thread_blocked, id=8780, stack(0x000000000ea30000,0x000000000eb30000)]
  0x000000000cd77000 JavaThread "pool-3-thread-3" [_thread_blocked, id=8728, stack(0x000000000d760000,0x000000000d860000)]
  0x000000000c663800 JavaThread "pool-3-thread-2" [_thread_blocked, id=828, stack(0x000000000d660000,0x000000000d760000)]
  0x000000000c663000 JavaThread "pool-3-thread-1" [_thread_blocked, id=5788, stack(0x000000000d560000,0x000000000d660000)]
  0x000000000c662000 JavaThread "Stdin handler" [_thread_blocked, id=8532, stack(0x000000000d460000,0x000000000d560000)]
  0x000000000c664800 JavaThread "Daemon worker Thread 5" [_thread_blocked, id=3700, stack(0x000000000d360000,0x000000000d460000)]
  0x000000000c661800 JavaThread "Cancel handler" [_thread_blocked, id=9292, stack(0x0000000000750000,0x0000000000850000)]
  0x000000000c660800 JavaThread "Handler for socket connection from /127.0.0.1:52403 to /127.0.0.1:58068" [_thread_in_native, id=9720, stack(0x0000000000650000,0x0000000000750000)]
  0x000000000c666000 JavaThread "Daemon Thread 5" [_thread_blocked, id=3288, stack(0x0000000000550000,0x0000000000650000)]
  0x000000000ba4c800 JavaThread "File lock request listener" [_thread_in_native, id=4512, stack(0x000000000d860000,0x000000000d960000)]
  0x000000000bee5000 JavaThread "Incoming local TCP Connector on port 52403" [_thread_in_native, id=5112, stack(0x000000000d180000,0x000000000d280000)]
  0x000000000224a800 JavaThread "Service Thread" daemon [_thread_blocked, id=1604, stack(0x000000000b3d0000,0x000000000b4d0000)]
  0x0000000002248000 JavaThread "C2 CompilerThread1" daemon [_thread_blocked, id=4952, stack(0x000000000b2d0000,0x000000000b3d0000)]
=>0x0000000002246000 JavaThread "C2 CompilerThread0" daemon [_thread_in_native, id=7900, stack(0x000000000b1d0000,0x000000000b2d0000)]
  0x0000000002245800 JavaThread "Attach Listener" daemon [_thread_blocked, id=4356, stack(0x000000000b0d0000,0x000000000b1d0000)]
  0x000000000abf1000 JavaThread "Signal Dispatcher" daemon [_thread_blocked, id=6272, stack(0x000000000afd0000,0x000000000b0d0000)]
  0x0000000008bf1000 JavaThread "Finalizer" daemon [_thread_blocked, id=8384, stack(0x000000000aad0000,0x000000000abd0000)]
  0x0000000008be9000 JavaThread "Reference Handler" daemon [_thread_blocked, id=6764, stack(0x000000000a9d0000,0x000000000aad0000)]
  0x000000000214d800 JavaThread "main" [_thread_blocked, id=804, stack(0x0000000002040000,0x0000000002140000)]

Other Threads:
  0x0000000008be4800 VMThread [stack: 0x000000000a8d0000,0x000000000a9d0000] [id=5728]
  0x000000000ac06000 WatcherThread [stack: 0x000000000b4d0000,0x000000000b5d0000] [id=8196]

VM state:not at safepoint (normal execution)

VM Mutex/Monitor currently owned by a thread: None

Heap
 PSYoungGen      total 275456K, used 194370K [0x00000000eaa80000, 0x00000000fd380000, 0x0000000100000000)
  eden space 246784K, 78% used [0x00000000eaa80000,0x00000000f68509e0,0x00000000f9b80000)
  from space 28672K, 0% used [0x00000000fb780000,0x00000000fb780000,0x00000000fd380000)
  to   space 28672K, 0% used [0x00000000f9b80000,0x00000000f9b80000,0x00000000fb780000)
 ParOldGen       total 86528K, used 58454K [0x00000000c0000000, 0x00000000c5480000, 0x00000000eaa80000)
  object space 86528K, 67% used [0x00000000c0000000,0x00000000c3915900,0x00000000c5480000)
 PSPermGen       total 101888K, used 54462K [0x00000000b0000000, 0x00000000b6380000, 0x00000000c0000000)
  object space 101888K, 53% used [0x00000000b0000000,0x00000000b352fb20,0x00000000b6380000)

Card table byte_map: [0x0000000005310000,0x00000000055a0000] byte_map_base: 0x0000000004d90000

Polling page: 0x0000000000440000

Code Cache  [0x0000000002250000, 0x0000000002c00000, 0x0000000005250000)
 total_blobs=3312 nmethods=2662 adapters=601 free_code_cache=39562Kb largest_free_block=40220992

Compilation events (10 events):
Event: 10773.939 Thread 0x0000000002246000 2903             com.sun.tools.javac.jvm.Pool::put (164 bytes)
Event: 10773.944 Thread 0x0000000002248000 nmethod 2899 0x00000000029ea8d0 code [0x00000000029ead00, 0x00000000029ee3c8]
Event: 10773.950 Thread 0x0000000002246000 nmethod 2903 0x00000000029a4a50 code [0x00000000029a4c40, 0x00000000029a5420]
Event: 10773.968 Thread 0x0000000002248000 2904             com.sun.tools.javac.jvm.Items$ImmediateItem::load (344 bytes)
Event: 10773.981 Thread 0x0000000002248000 nmethod 2904 0x00000000029d8950 code [0x00000000029d8ca0, 0x00000000029d9ee0]
Event: 10773.987 Thread 0x0000000002246000 2905             org.gradle.cache.internal.btree.BlockPayload::setBlock (6 bytes)
Event: 10773.988 Thread 0x0000000002246000 nmethod 2905 0x0000000002904290 code [0x00000000029043c0, 0x0000000002904418]
Event: 10773.997 Thread 0x0000000002248000 2906             com.google.common.cache.LocalCache$StrongValueReference::get (5 bytes)
Event: 10773.997 Thread 0x0000000002248000 nmethod 2906 0x00000000029de3d0 code [0x00000000029de500, 0x00000000029de558]
Event: 10774.035 Thread 0x0000000002246000 2907             org.codehaus.groovy.runtime.callsite.CallSiteGenerator::writeMethod (624 bytes)

GC Heap History (10 events):
Event: 5893.228 GC heap before
{Heap before GC invocations=18 (full 3):
 PSYoungGen      total 299520K, used 1312K [0x00000000eaa80000, 0x00000000fec00000, 0x0000000100000000)
  eden space 269824K, 0% used [0x00000000eaa80000,0x00000000eaa80000,0x00000000fb200000)
  from space 29696K, 4% used [0x00000000fb200000,0x00000000fb348000,0x00000000fcf00000)
  to   space 29696K, 0% used [0x00000000fcf00000,0x00000000fcf00000,0x00000000fec00000)
 ParOldGen       total 86528K, used 70336K [0x00000000c0000000, 0x00000000c5480000, 0x00000000eaa80000)
  object space 86528K, 81% used [0x00000000c0000000,0x00000000c44b02e0,0x00000000c5480000)
 PSPermGen       total 103424K, used 54428K [0x00000000b0000000, 0x00000000b6500000, 0x00000000c0000000)
  object space 103424K, 52% used [0x00000000b0000000,0x00000000b35271e0,0x00000000b6500000)
Event: 5893.506 GC heap after
Heap after GC invocations=18 (full 3):
 PSYoungGen      total 299520K, used 0K [0x00000000eaa80000, 0x00000000fec00000, 0x0000000100000000)
  eden space 269824K, 0% used [0x00000000eaa80000,0x00000000eaa80000,0x00000000fb200000)
  from space 29696K, 0% used [0x00000000fb200000,0x00000000fb200000,0x00000000fcf00000)
  to   space 29696K, 0% used [0x00000000fcf00000,0x00000000fcf00000,0x00000000fec00000)
 ParOldGen       total 86528K, used 53996K [0x00000000c0000000, 0x00000000c5480000, 0x00000000eaa80000)
  object space 86528K, 62% used [0x00000000c0000000,0x00000000c34bb140,0x00000000c5480000)
 PSPermGen       total 103936K, used 53257K [0x00000000b0000000, 0x00000000b6580000, 0x00000000c0000000)
  object space 103936K, 51% used [0x00000000b0000000,0x00000000b3402490,0x00000000b6580000)
}
Event: 8281.274 GC heap before
{Heap before GC invocations=19 (full 3):
 PSYoungGen      total 299520K, used 269819K [0x00000000eaa80000, 0x00000000fec00000, 0x0000000100000000)
  eden space 269824K, 99% used [0x00000000eaa80000,0x00000000fb1fefb0,0x00000000fb200000)
  from space 29696K, 0% used [0x00000000fb200000,0x00000000fb200000,0x00000000fcf00000)
  to   space 29696K, 0% used [0x00000000fcf00000,0x00000000fcf00000,0x00000000fec00000)
 ParOldGen       total 86528K, used 53996K [0x00000000c0000000, 0x00000000c5480000, 0x00000000eaa80000)
  object space 86528K, 62% used [0x00000000c0000000,0x00000000c34bb140,0x00000000c5480000)
 PSPermGen       total 103936K, used 53881K [0x00000000b0000000, 0x00000000b6580000, 0x00000000c0000000)
  object space 103936K, 51% used [0x00000000b0000000,0x00000000b349e688,0x00000000b6580000)
Event: 8281.290 GC heap after
Heap after GC invocations=19 (full 3):
 PSYoungGen      total 278016K, used 18374K [0x00000000eaa80000, 0x00000000fe280000, 0x0000000100000000)
  eden space 258048K, 0% used [0x00000000eaa80000,0x00000000eaa80000,0x00000000fa680000)
  from space 19968K, 92% used [0x00000000fcf00000,0x00000000fe0f1840,0x00000000fe280000)
  to   space 30720K, 0% used [0x00000000fa680000,0x00000000fa680000,0x00000000fc480000)
 ParOldGen       total 86528K, used 53996K [0x00000000c0000000, 0x00000000c5480000, 0x00000000eaa80000)
  object space 86528K, 62% used [0x00000000c0000000,0x00000000c34bb140,0x00000000c5480000)
 PSPermGen       total 103936K, used 53881K [0x00000000b0000000, 0x00000000b6580000, 0x00000000c0000000)
  object space 103936K, 51% used [0x00000000b0000000,0x00000000b349e688,0x00000000b6580000)
}
Event: 8283.529 GC heap before
{Heap before GC invocations=20 (full 3):
 PSYoungGen      total 278016K, used 276422K [0x00000000eaa80000, 0x00000000fe280000, 0x0000000100000000)
  eden space 258048K, 100% used [0x00000000eaa80000,0x00000000fa680000,0x00000000fa680000)
  from space 19968K, 92% used [0x00000000fcf00000,0x00000000fe0f1840,0x00000000fe280000)
  to   space 30720K, 0% used [0x00000000fa680000,0x00000000fa680000,0x00000000fc480000)
 ParOldGen       total 86528K, used 53996K [0x00000000c0000000, 0x00000000c5480000, 0x00000000eaa80000)
  object space 86528K, 62% used [0x00000000c0000000,0x00000000c34bb140,0x00000000c5480000)
 PSPermGen       total 103936K, used 53937K [0x00000000b0000000, 0x00000000b6580000, 0x00000000c0000000)
  object space 103936K, 51% used [0x00000000b0000000,0x00000000b34ac410,0x00000000b6580000)
Event: 8283.545 GC heap after
Heap after GC invocations=20 (full 3):
 PSYoungGen      total 258560K, used 11390K [0x00000000eaa80000, 0x00000000fd380000, 0x0000000100000000)
  eden space 246784K, 0% used [0x00000000eaa80000,0x00000000eaa80000,0x00000000f9b80000)
  from space 11776K, 96% used [0x00000000fa680000,0x00000000fb19f8d0,0x00000000fb200000)
  to   space 28672K, 0% used [0x00000000fb780000,0x00000000fb780000,0x00000000fd380000)
 ParOldGen       total 86528K, used 66515K [0x00000000c0000000, 0x00000000c5480000, 0x00000000eaa80000)
  object space 86528K, 76% used [0x00000000c0000000,0x00000000c40f4de8,0x00000000c5480000)
 PSPermGen       total 103936K, used 53937K [0x00000000b0000000, 0x00000000b6580000, 0x00000000c0000000)
  object space 103936K, 51% used [0x00000000b0000000,0x00000000b34ac410,0x00000000b6580000)
}
Event: 8286.726 GC heap before
{Heap before GC invocations=21 (full 3):
 PSYoungGen      total 258560K, used 203692K [0x00000000eaa80000, 0x00000000fd380000, 0x0000000100000000)
  eden space 246784K, 77% used [0x00000000eaa80000,0x00000000f664b7e8,0x00000000f9b80000)
  from space 11776K, 96% used [0x00000000fa680000,0x00000000fb19f8d0,0x00000000fb200000)
  to   space 28672K, 0% used [0x00000000fb780000,0x00000000fb780000,0x00000000fd380000)
 ParOldGen       total 86528K, used 66515K [0x00000000c0000000, 0x00000000c5480000, 0x00000000eaa80000)
  object space 86528K, 76% used [0x00000000c0000000,0x00000000c40f4de8,0x00000000c5480000)
 PSPermGen       total 103936K, used 54069K [0x00000000b0000000, 0x00000000b6580000, 0x00000000c0000000)
  object space 103936K, 52% used [0x00000000b0000000,0x00000000b34cd4f8,0x00000000b6580000)
Event: 8286.732 GC heap after
Heap after GC invocations=21 (full 3):
 PSYoungGen      total 275456K, used 2816K [0x00000000eaa80000, 0x00000000fd380000, 0x0000000100000000)
  eden space 246784K, 0% used [0x00000000eaa80000,0x00000000eaa80000,0x00000000f9b80000)
  from space 28672K, 9% used [0x00000000fb780000,0x00000000fba40000,0x00000000fd380000)
  to   space 28672K, 0% used [0x00000000f9b80000,0x00000000f9b80000,0x00000000fb780000)
 ParOldGen       total 86528K, used 68563K [0x00000000c0000000, 0x00000000c5480000, 0x00000000eaa80000)
  object space 86528K, 79% used [0x00000000c0000000,0x00000000c42f4e28,0x00000000c5480000)
 PSPermGen       total 103936K, used 54069K [0x00000000b0000000, 0x00000000b6580000, 0x00000000c0000000)
  object space 103936K, 52% used [0x00000000b0000000,0x00000000b34cd4f8,0x00000000b6580000)
}
Event: 8286.732 GC heap before
{Heap before GC invocations=22 (full 4):
 PSYoungGen      total 275456K, used 2816K [0x00000000eaa80000, 0x00000000fd380000, 0x0000000100000000)
  eden space 246784K, 0% used [0x00000000eaa80000,0x00000000eaa80000,0x00000000f9b80000)
  from space 28672K, 9% used [0x00000000fb780000,0x00000000fba40000,0x00000000fd380000)
  to   space 28672K, 0% used [0x00000000f9b80000,0x00000000f9b80000,0x00000000fb780000)
 ParOldGen       total 86528K, used 68563K [0x00000000c0000000, 0x00000000c5480000, 0x00000000eaa80000)
  object space 86528K, 79% used [0x00000000c0000000,0x00000000c42f4e28,0x00000000c5480000)
 PSPermGen       total 103936K, used 54069K [0x00000000b0000000, 0x00000000b6580000, 0x00000000c0000000)
  object space 103936K, 52% used [0x00000000b0000000,0x00000000b34cd4f8,0x00000000b6580000)
Event: 8287.326 GC heap after
Heap after GC invocations=22 (full 4):
 PSYoungGen      total 275456K, used 0K [0x00000000eaa80000, 0x00000000fd380000, 0x0000000100000000)
  eden space 246784K, 0% used [0x00000000eaa80000,0x00000000eaa80000,0x00000000f9b80000)
  from space 28672K, 0% used [0x00000000fb780000,0x00000000fb780000,0x00000000fd380000)
  to   space 28672K, 0% used [0x00000000f9b80000,0x00000000f9b80000,0x00000000fb780000)
 ParOldGen       total 86528K, used 58454K [0x00000000c0000000, 0x00000000c5480000, 0x00000000eaa80000)
  object space 86528K, 67% used [0x00000000c0000000,0x00000000c3915900,0x00000000c5480000)
 PSPermGen       total 101888K, used 53652K [0x00000000b0000000, 0x00000000b6380000, 0x00000000c0000000)
  object space 101888K, 52% used [0x00000000b0000000,0x00000000b3465178,0x00000000b6380000)
}

Deoptimization events (10 events):
Event: 10773.978 Thread 0x000000000c664800 Uncommon trap: reason=unreached action=reinterpret pc=0x0000000002b71104 method=org.gradle.api.internal.changedetection.state.DefaultFileCollectionSnapshotter$FileCollectionSnapshotImpl.diff(Ljava/util/Map;Ljava/util/Map;Lorg/gradle/util/ChangeListener;)V ²c(KÅ@
Event: 10774.018 Thread 0x000000000c664800 Uncommon trap: reason=unreached action=reinterpret pc=0x0000000002580ab4 method=org.codehaus.groovy.runtime.metaclass.MetaMethodIndex.getMethods(Ljava/lang/Class;Ljava/lang/String;)Lorg/codehaus/groovy/runtime/metaclass/MetaMethodIndex$Entry; @ 61
Event: 10774.023 Thread 0x000000000c663800 Uncommon trap: reason=unreached action=reinterpret pc=0x00000000024efa24 method=groovy.lang.MetaClassImpl.findPropertyMethod(Ljava/lang/Object;ZZ)Lgroovy/lang/MetaMethod; @ 95
Event: 10774.039 Thread 0x000000000c663000 Uncommon trap: reason=unreached action=reinterpret pc=0x0000000002b4c78c method=java.io.ExpiringCache.put(Ljava/lang/String;Ljava/lang/String;)V @ 29
Event: 10774.039 Thread 0x000000000cd73800 Uncommon trap: reason=unreached action=reinterpret pc=0x0000000002b4c78c method=java.io.ExpiringCache.put(Ljava/lang/String;Ljava/lang/String;)V @ 29
Event: 10774.039 Thread 0x000000000cd79800 Uncommon trap: reason=unreached action=reinterpret pc=0x0000000002b4c78c method=java.io.ExpiringCache.put(Ljava/lang/String;Ljava/lang/String;)V @ 29
Event: 10774.039 Thread 0x000000000cd74000 Uncommon trap: reason=unreached action=reinterpret pc=0x0000000002b4c78c method=java.io.ExpiringCache.put(Ljava/lang/String;Ljava/lang/String;)V @ 29
Event: 10774.039 Thread 0x000000000cd75000 Uncommon trap: reason=unreached action=reinterpret pc=0x0000000002b4c78c method=java.io.ExpiringCache.put(Ljava/lang/String;Ljava/lang/String;)V @ 29
Event: 10774.039 Thread 0x000000000cd77000 Uncommon trap: reason=unreached action=reinterpret pc=0x0000000002b4c78c method=java.io.ExpiringCache.put(Ljava/lang/String;Ljava/lang/String;)V @ 29
Event: 10774.039 Thread 0x000000000cd7a000 Uncommon trap: reason=unreached action=reinterpret pc=0x0000000002b4c78c method=java.io.ExpiringCache.put(Ljava/lang/String;Ljava/lang/String;)V @ 29

Internal exceptions (10 events):
Event: 10774.032 Thread 0x000000000cd73800 Threw 0x00000000f51e9da8 at C:\re\jdk7u76\1941\hotspot\src\share\vm\prims\jvm.cpp:1304
Event: 10774.032 Thread 0x000000000cd73800 Threw 0x00000000f51ea078 at C:\re\jdk7u76\1941\hotspot\src\share\vm\classfile\systemDictionary.cpp:185
Event: 10774.032 Thread 0x000000000cd73800 Threw 0x00000000f51f25b8 at C:\re\jdk7u76\1941\hotspot\src\share\vm\prims\jvm.cpp:1304
Event: 10774.032 Thread 0x000000000cd73800 Threw 0x00000000f51f72f0 at C:\re\jdk7u76\1941\hotspot\src\share\vm\prims\jvm.cpp:1304
Event: 10774.032 Thread 0x000000000cd73800 Threw 0x00000000f51fbcd8 at C:\re\jdk7u76\1941\hotspot\src\share\vm\prims\jvm.cpp:1304
Event: 10774.032 Thread 0x000000000cd73800 Threw 0x00000000f51fbfa0 at C:\re\jdk7u76\1941\hotspot\src\share\vm\classfile\systemDictionary.cpp:185
Event: 10774.036 Thread 0x000000000c663800 Threw 0x00000000f4e06de0 at C:\re\jdk7u76\1941\hotspot\src\share\vm\prims\jvm.cpp:1304
Event: 10774.038 Thread 0x000000000cd79800 Threw 0x00000000f5068700 at C:\re\jdk7u76\1941\hotspot\src\share\vm\prims\jvm.cpp:1304
Event: 10774.038 Thread 0x000000000cd79800 Threw 0x00000000f5069490 at C:\re\jdk7u76\1941\hotspot\src\share\vm\prims\jvm.cpp:1304
Event: 10774.038 Thread 0x000000000cd79800 Threw 0x00000000f5073af0 at C:\re\jdk7u76\1941\hotspot\src\share\vm\prims\jvm.cpp:1304

Events (10 events):
Event: 10774.050 Thread 0x000000000dc73000 Thread added: 0x000000000dc73000
Event: 10774.050 Thread 0x000000000dc71800 Thread added: 0x000000000dc71800
Event: 10774.050 Thread 0x000000000dc78000 Thread added: 0x000000000dc78000
Event: 10774.050 Thread 0x000000000dc72000 Thread added: 0x000000000dc72000
Event: 10774.050 Thread 0x000000000dc73000 Thread exited: 0x000000000dc73000
Event: 10774.053 Thread 0x000000000dc76800 Thread added: 0x000000000dc76800
Event: 10774.053 Thread 0x000000000dc79000 Thread added: 0x000000000dc79000
Event: 10774.053 Thread 0x000000000dc79800 Thread added: 0x000000000dc79800
Event: 10774.054 Thread 0x000000000dc76000 Thread added: 0x000000000dc76000
Event: 10774.055 Thread 0x000000000dc76800 Thread exited: 0x000000000dc76800


Dynamic libraries:
0x00007ff74a200000 - 0x00007ff74a233000 	C:\Program Files\Java\jdk1.7.0_76\bin\java.exe
0x00007fffa5a40000 - 0x00007fffa5c01000 	C:\WINDOWS\SYSTEM32\ntdll.dll
0x00007fffa3120000 - 0x00007fffa31cd000 	C:\WINDOWS\system32\KERNEL32.DLL
0x00007fffa2f30000 - 0x00007fffa310d000 	C:\WINDOWS\system32\KERNELBASE.dll
0x00007fffa5990000 - 0x00007fffa5a36000 	C:\WINDOWS\system32\ADVAPI32.dll
0x00007fffa53b0000 - 0x00007fffa544d000 	C:\WINDOWS\system32\msvcrt.dll
0x00007fffa5350000 - 0x00007fffa53ab000 	C:\WINDOWS\system32\sechost.dll
0x00007fffa3940000 - 0x00007fffa3a66000 	C:\WINDOWS\system32\RPCRT4.dll
0x00007fffa5450000 - 0x00007fffa559e000 	C:\WINDOWS\system32\USER32.dll
0x00007fffa5150000 - 0x00007fffa52d6000 	C:\WINDOWS\system32\GDI32.dll
0x00007fff9e170000 - 0x00007fff9e3e4000 	C:\WINDOWS\WinSxS\amd64_microsoft.windows.common-controls_6595b64144ccf1df_6.0.10240.16384_none_f41f7b285750ef43\COMCTL32.dll
0x00007fffa3a70000 - 0x00007fffa3aa6000 	C:\WINDOWS\system32\IMM32.DLL
0x00007fffa3610000 - 0x00007fffa376c000 	C:\WINDOWS\system32\MSCTF.dll
0x0000000064cd0000 - 0x0000000064da2000 	C:\Program Files\Java\jdk1.7.0_76\jre\bin\msvcr100.dll
0x0000000065240000 - 0x0000000065a15000 	C:\Program Files\Java\jdk1.7.0_76\jre\bin\server\jvm.dll
0x00007fffa55a0000 - 0x00007fffa55a8000 	C:\WINDOWS\system32\PSAPI.DLL
0x00007fffa0b30000 - 0x00007fffa0b39000 	C:\WINDOWS\SYSTEM32\WSOCK32.dll
0x00007fffa0a50000 - 0x00007fffa0a73000 	C:\WINDOWS\SYSTEM32\WINMM.dll
0x00007fffa52e0000 - 0x00007fffa5349000 	C:\WINDOWS\system32\WS2_32.dll
0x00007fffa09f0000 - 0x00007fffa0a1c000 	C:\WINDOWS\SYSTEM32\WINMMBASE.dll
0x00007fffa31d0000 - 0x00007fffa31d8000 	C:\WINDOWS\system32\NSI.dll
0x00007fffa2510000 - 0x00007fffa2554000 	C:\WINDOWS\system32\cfgmgr32.dll
0x00007fffa0d40000 - 0x00007fffa0d67000 	C:\WINDOWS\SYSTEM32\DEVOBJ.dll
0x0000000065150000 - 0x000000006515f000 	C:\Program Files\Java\jdk1.7.0_76\jre\bin\verify.dll
0x0000000065120000 - 0x0000000065148000 	C:\Program Files\Java\jdk1.7.0_76\jre\bin\java.dll
0x0000000065100000 - 0x0000000065115000 	C:\Program Files\Java\jdk1.7.0_76\jre\bin\zip.dll
0x00000000650e0000 - 0x00000000650fa000 	C:\Program Files\Java\jdk1.7.0_76\jre\bin\net.dll
0x00007fffa1c80000 - 0x00007fffa1cdd000 	C:\WINDOWS\system32\mswsock.dll
0x00000000650c0000 - 0x00000000650d1000 	C:\Program Files\Java\jdk1.7.0_76\jre\bin\nio.dll
0x00007fff961c0000 - 0x00007fff961d2000 	C:\Users\Xian\.gradle\native\19\windows-amd64\native-platform.dll
0x00007fffa3ab0000 - 0x00007fffa3b01000 	C:\WINDOWS\system32\SHLWAPI.dll
0x00007fffa5710000 - 0x00007fffa598c000 	C:\WINDOWS\system32\combase.dll
0x00007fff9bfa0000 - 0x00007fff9bfd8000 	C:\WINDOWS\SYSTEM32\IPHLPAPI.DLL
0x00007fff9beb0000 - 0x00007fff9bebb000 	C:\WINDOWS\SYSTEM32\WINNSI.DLL
0x00007fff9b8d0000 - 0x00007fff9b8e6000 	C:\WINDOWS\SYSTEM32\dhcpcsvc6.DLL
0x00007fff9b9b0000 - 0x00007fff9b9ca000 	C:\WINDOWS\SYSTEM32\dhcpcsvc.DLL
0x00007fffa1ce0000 - 0x00007fffa1cf7000 	C:\WINDOWS\SYSTEM32\CRYPTSP.dll
0x00007fffa23a0000 - 0x00007fffa23c8000 	C:\WINDOWS\SYSTEM32\bcrypt.dll
0x00007fffa1930000 - 0x00007fffa1963000 	C:\WINDOWS\system32\rsaenh.dll
0x00007fffa1b10000 - 0x00007fffa1b2f000 	C:\WINDOWS\SYSTEM32\USERENV.dll
0x00007fffa2470000 - 0x00007fffa2483000 	C:\WINDOWS\system32\profapi.dll
0x00007fffa2290000 - 0x00007fffa22fb000 	C:\WINDOWS\system32\bcryptprimitives.dll
0x00007fffa1e50000 - 0x00007fffa1e5b000 	C:\WINDOWS\SYSTEM32\CRYPTBASE.dll
0x0000000064ec0000 - 0x0000000064ecb000 	C:\Program Files\Java\jdk1.7.0_76\jre\bin\management.dll

VM Arguments:
jvm_args: -XX:MaxPermSize=256m -XX:+HeapDumpOnOutOfMemoryError -Xmx1024m -Dfile.encoding=windows-1252 -Duser.country=US -Duser.language=en -Duser.variant 
java_command: org.gradle.launcher.daemon.bootstrap.GradleDaemon 2.4 C:\Users\Xian\.gradle C:\Users\Xian\.gradle\daemon 10800000 29e01438-9dd4-4e27-9143-df721eb7bf3f -XX:MaxPermSize=256m -XX:+HeapDumpOnOutOfMemoryError -Xmx1024m -Dfile.encoding=windows-1252 -Duser.country=US -Duser.language=en -Duser.variant
Launcher Type: SUN_STANDARD

Environment Variables:
JAVA_HOME=C:\Program Files\Java\jdk1.7.0_76
CLASSPATH=.;C:\Program Files\Java\jdk1.7.0_76\lib;C:\Program Files\Java\jdk1.7.0_76\lib\tools.jar
PATH=C:\Python27\;C:\Python27\Scripts;C:\Program Files (x86)\Intel\iCLS Client\;C:\Program Files\Intel\iCLS Client\;C:\WINDOWS\system32;C:\WINDOWS;C:\WINDOWS\System32\Wbem;C:\WINDOWS\System32\WindowsPowerShell\v1.0\;C:\Program Files\Intel\Intel(R) Management Engine Components\DAL;C:\Program Files\Intel\Intel(R) Management Engine Components\IPT;C:\Program Files (x86)\Intel\Intel(R) Management Engine Components\DAL;C:\Program Files (x86)\Intel\Intel(R) Management Engine Components\IPT;C:\Program Files\MATLAB\R2013a\runtime\win64;C:\Program Files\MATLAB\R2013a\bin;C:\Program Files\Java\jdk1.7.0_76\bin;C:\Program Files\Java\jdk1.7.0_76\jre\bin;C:\Program Files (x86)\Android\android-sdk\platform-tools;C:\Program Files\Intel\WiFi\bin\;C:\Program Files\Common Files\Intel\WirelessCommon\;C:\Program Files (x86)\NVIDIA Corporation\PhysX\Common;C:\Program Files\TortoiseSVN\bin;C:\Users\Xian\AppData\Roaming\Python\Scripts;C:\Program Files (x86)\Android\android-sdk\platform-tools;C:\Users\Xian\AppData\Roaming\Python\Scripts;C:\Program Files\Intel\WiFi\bin\;C:\Program Files\Common Files\Intel\WirelessCommon\
USERNAME=Xian
OS=Windows_NT
PROCESSOR_IDENTIFIER=Intel64 Family 6 Model 60 Stepping 3, GenuineIntel



---------------  S Y S T E M  ---------------

OS: Windows 8.1 , 64 bit Build 9600 

CPU:total 8 (4 cores per cpu, 2 threads per core) family 6 model 60 stepping 3, cmov, cx8, fxsr, mmx, sse, sse2, sse3, ssse3, sse4.1, sse4.2, popcnt, avx, avx2, aes, erms, ht, tsc, tscinvbit

Memory: 4k page, physical 8298776k(2115060k free), swap 9347352k(5896k free)

vm_info: Java HotSpot(TM) 64-Bit Server VM (24.76-b04) for windows-amd64 JRE (1.7.0_76-b13), built on Dec 18 2014 16:31:25 by "java_re" with unknown MS VC++:1600

time: Thu Oct 29 22:32:02 2015
elapsed time: 10774 seconds

