#
# There is insufficient memory for the Java Runtime Environment to continue.
# Native memory allocation (malloc) failed to allocate 287696 bytes for Chunk::new
# Possible reasons:
#   The system is out of physical RAM or swap space
#   In 32 bit mode, the process size limit was hit
# Possible solutions:
#   Reduce memory load on the system
#   Increase physical memory or swap space
#   Check if swap backing store is full
#   Use 64 bit Java on a 64 bit OS
#   Decrease Java heap size (-Xmx/-Xms)
#   Decrease number of Java threads
#   Decrease Java thread stack sizes (-Xss)
#   Set larger code cache with -XX:ReservedCodeCacheSize=
# This output file may be truncated or incomplete.
#
#  Out of Memory Error (allocation.cpp:323), pid=9156, tid=5500
#
# JRE version: Java(TM) SE Runtime Environment (7.0_76-b13) (build 1.7.0_76-b13)
# Java VM: Java HotSpot(TM) 64-Bit Server VM (24.76-b04 mixed mode windows-amd64 compressed oops)
# Failed to write core dump. Minidumps are not enabled by default on client versions of Windows
#

---------------  T H R E A D  ---------------

Current thread (0x000000000252e000):  JavaThread "C2 CompilerThread0" daemon [_thread_in_native, id=5500, stack(0x000000000ae60000,0x000000000af60000)]

Stack: [0x000000000ae60000,0x000000000af60000]
[error occurred during error reporting (printing stack bounds), id 0xc0000005]


[error occurred during error reporting (printing native stack), id 0xc0000005]


Current CompileTask:
C2:   1617  185             com.android.dx.ssa.SCCP::simulateBranch (666 bytes)


---------------  P R O C E S S  ---------------

Java Threads: ( => current thread )
  0x000000000aa32000 JavaThread "pool-1-thread-4" [_thread_blocked, id=5504, stack(0x000000000b660000,0x000000000b760000)]
  0x000000000aa2f800 JavaThread "pool-1-thread-3" [_thread_in_Java, id=9460, stack(0x000000000b560000,0x000000000b660000)]
  0x000000000aa2e800 JavaThread "pool-1-thread-2" [_thread_blocked, id=7176, stack(0x000000000b460000,0x000000000b560000)]
  0x000000000a994800 JavaThread "pool-2-thread-1" [_thread_blocked, id=7780, stack(0x000000000b360000,0x000000000b460000)]
  0x000000000a993800 JavaThread "pool-1-thread-1" [_thread_blocked, id=5132, stack(0x000000000b260000,0x000000000b360000)]
  0x000000000253d000 JavaThread "Service Thread" daemon [_thread_blocked, id=6848, stack(0x000000000b060000,0x000000000b160000)]
  0x0000000002536800 JavaThread "C2 CompilerThread1" daemon [_thread_in_native, id=9160, stack(0x000000000af60000,0x000000000b060000)]
=>0x000000000252e000 JavaThread "C2 CompilerThread0" daemon [_thread_in_native, id=5500, stack(0x000000000ae60000,0x000000000af60000)]
  0x000000000252d000 JavaThread "Attach Listener" daemon [_thread_blocked, id=7204, stack(0x000000000ad60000,0x000000000ae60000)]
  0x0000000002528000 JavaThread "Signal Dispatcher" daemon [_thread_blocked, id=6016, stack(0x000000000ac60000,0x000000000ad60000)]
  0x0000000008890000 JavaThread "Finalizer" daemon [_thread_blocked, id=1000, stack(0x000000000a760000,0x000000000a860000)]
  0x0000000008889800 JavaThread "Reference Handler" daemon [_thread_blocked, id=9384, stack(0x000000000a660000,0x000000000a760000)]
  0x000000000220d800 JavaThread "main" [_thread_in_Java, id=6864, stack(0x0000000002210000,0x0000000002310000)]

Other Threads:
  0x0000000008885800 VMThread [stack: 0x000000000a560000,0x000000000a660000] [id=6084]
  0x000000000253e800 WatcherThread [stack: 0x000000000b160000,0x000000000b260000] [id=236]

VM state:not at safepoint (normal execution)

VM Mutex/Monitor currently owned by a thread: None

Heap
 PSYoungGen      total 38400K, used 28005K [0x00000000eaa80000, 0x00000000ed500000, 0x0000000100000000)
  eden space 33280K, 84% used [0x00000000eaa80000,0x00000000ec5d9538,0x00000000ecb00000)
  from space 5120K, 0% used [0x00000000ed000000,0x00000000ed000000,0x00000000ed500000)
  to   space 5120K, 0% used [0x00000000ecb00000,0x00000000ecb00000,0x00000000ed000000)
 ParOldGen       total 86528K, used 0K [0x00000000c0000000, 0x00000000c5480000, 0x00000000eaa80000)
  object space 86528K, 0% used [0x00000000c0000000,0x00000000c0000000,0x00000000c5480000)
 PSPermGen       total 21504K, used 5724K [0x00000000bae00000, 0x00000000bc300000, 0x00000000c0000000)
  object space 21504K, 26% used [0x00000000bae00000,0x00000000bb397398,0x00000000bc300000)

Card table byte_map: [0x0000000005600000,0x0000000005830000] byte_map_base: 0x0000000005029000

Polling page: 0x00000000021f0000

Code Cache  [0x0000000002540000, 0x00000000027b0000, 0x0000000005540000)
 total_blobs=422 nmethods=185 adapters=189 free_code_cache=48361Kb largest_free_block=49492992

Compilation events (10 events):
Event: 1.599 Thread 0x0000000002536800 nmethod 180 0x00000000025df2d0 code [0x00000000025df440, 0x00000000025df648]
Event: 1.599 Thread 0x0000000002536800  182             com.android.dx.ssa.SsaMethod::getUseListCopy (56 bytes)
Event: 1.605 Thread 0x000000000252e000 nmethod 181 0x00000000025ffc50 code [0x00000000025ffde0, 0x00000000026001e0]
Event: 1.605 Thread 0x000000000252e000  183             com.android.dx.dex.code.ZeroSizeInsn::<init> (12 bytes)
Event: 1.605 Thread 0x000000000252e000 nmethod 183 0x00000000025e1950 code [0x00000000025e1aa0, 0x00000000025e1b38]
Event: 1.606 Thread 0x000000000252e000  184             java.util.Arrays::hashCode (56 bytes)
Event: 1.608 Thread 0x000000000252e000 nmethod 184 0x00000000025e7e10 code [0x00000000025e7f60, 0x00000000025e8098]
Event: 1.608 Thread 0x000000000252e000  185             com.android.dx.ssa.SCCP::simulateBranch (666 bytes)
Event: 1.608 Thread 0x0000000002536800 nmethod 182 0x00000000025af1d0 code [0x00000000025af340, 0x00000000025af808]
Event: 1.608 Thread 0x0000000002536800  186             com.android.dx.ssa.DeadCodeRemover::pruneDeadInstructions (246 bytes)

GC Heap History (0 events):
No events

Deoptimization events (8 events):
Event: 0.507 Thread 0x000000000a993800 Uncommon trap: reason=null_check action=make_not_entrant pc=0x00000000025bb8b0 method=com.android.dx.rop.code.LocalItem.equals(Ljava/lang/Object;)Z @ 1
Event: 0.551 Thread 0x000000000220d800 Uncommon trap: reason=class_check action=maybe_recompile pc=0x00000000025c6498 method=com.android.dx.ssa.NormalSsaInsn.accept(Lcom/android/dx/ssa/SsaInsn$Visitor;)V @ 9
Event: 1.116 Thread 0x000000000aa32000 Uncommon trap: reason=class_check action=maybe_recompile pc=0x00000000025c6498 method=com.android.dx.ssa.NormalSsaInsn.accept(Lcom/android/dx/ssa/SsaInsn$Visitor;)V @ 9
Event: 1.116 Thread 0x000000000aa32000 Uncommon trap: reason=class_check action=maybe_recompile pc=0x00000000025c1674 method=com.android.dx.ssa.NormalSsaInsn.accept(Lcom/android/dx/ssa/SsaInsn$Visitor;)V @ 9
Event: 1.116 Thread 0x000000000aa32000 Uncommon trap: reason=class_check action=maybe_recompile pc=0x00000000025c1674 method=com.android.dx.ssa.NormalSsaInsn.accept(Lcom/android/dx/ssa/SsaInsn$Visitor;)V @ 9
Event: 1.347 Thread 0x000000000aa2e800 Uncommon trap: reason=class_check action=maybe_recompile pc=0x00000000025c6498 method=com.android.dx.ssa.NormalSsaInsn.accept(Lcom/android/dx/ssa/SsaInsn$Visitor;)V @ 9
Event: 1.441 Thread 0x000000000220d800 Uncommon trap: reason=null_check action=make_not_entrant pc=0x00000000025f7d70 method=com.android.dx.rop.code.RegisterSpec.equals(Ljava/lang/Object;)Z @ 1
Event: 1.457 Thread 0x000000000220d800 Uncommon trap: reason=null_check action=make_not_entrant pc=0x00000000025d6d94 method=com.android.dx.rop.type.Type.equals(Ljava/lang/Object;)Z @ 8

Internal exceptions (10 events):
Event: 1.079 Thread 0x000000000220d800 Threw 0x00000000eb984070 at C:\re\jdk7u76\1941\hotspot\src\share\vm\prims\jvm.cpp:1304
Event: 1.098 Thread 0x000000000aa32000 Threw 0x00000000eb396c40 at C:\re\jdk7u76\1941\hotspot\src\share\vm\prims\jvm.cpp:1304
Event: 1.161 Thread 0x000000000a993800 Threw 0x00000000ebad6558 at C:\re\jdk7u76\1941\hotspot\src\share\vm\prims\jvm.cpp:1304
Event: 1.195 Thread 0x000000000220d800 Threw 0x00000000eb9db748 at C:\re\jdk7u76\1941\hotspot\src\share\vm\prims\jvm.cpp:1304
Event: 1.196 Thread 0x000000000220d800 Threw 0x00000000eb9ddd70 at C:\re\jdk7u76\1941\hotspot\src\share\vm\prims\jvm.cpp:1304
Event: 1.420 Thread 0x000000000aa2e800 Threw 0x00000000ec0aac00 at C:\re\jdk7u76\1941\hotspot\src\share\vm\prims\jvm.cpp:1304
Event: 1.421 Thread 0x000000000aa2e800 Threw 0x00000000ec0b0428 at C:\re\jdk7u76\1941\hotspot\src\share\vm\prims\jvm.cpp:1304
Event: 1.422 Thread 0x000000000aa2e800 Threw 0x00000000ec0b59a0 at C:\re\jdk7u76\1941\hotspot\src\share\vm\prims\jvm.cpp:1304
Event: 1.441 Thread 0x000000000220d800 Implicit null exception at 0x00000000025f6e7e to 0x00000000025f7d39
Event: 1.457 Thread 0x000000000220d800 Implicit null exception at 0x00000000025d6c92 to 0x00000000025d6d85

Events (10 events):
Event: 1.421 loading class 0x000000000ab90db0
Event: 1.421 loading class 0x000000000ab90db0 done
Event: 1.422 loading class 0x000000000ab91830
Event: 1.422 loading class 0x000000000ab91830 done
Event: 1.441 Thread 0x000000000220d800 Uncommon trap: trap_request=0xfffffff4 fr.pc=0x00000000025f7d70
Event: 1.441 Thread 0x000000000220d800 DEOPT PACKING pc=0x00000000025f7d70 sp=0x000000000230e710
Event: 1.441 Thread 0x000000000220d800 DEOPT UNPACKING pc=0x00000000025775a4 sp=0x000000000230e638 mode 2
Event: 1.457 Thread 0x000000000220d800 Uncommon trap: trap_request=0xfffffff4 fr.pc=0x00000000025d6d94
Event: 1.457 Thread 0x000000000220d800 DEOPT PACKING pc=0x00000000025d6d94 sp=0x000000000230e4e0
Event: 1.457 Thread 0x000000000220d800 DEOPT UNPACKING pc=0x00000000025775a4 sp=0x000000000230e478 mode 2


Dynamic libraries:
0x00007ff65d060000 - 0x00007ff65d093000 	C:\Program Files\Java\jdk1.7.0_76\bin\java.exe
0x00007ffabe5e0000 - 0x00007ffabe7a1000 	C:\WINDOWS\SYSTEM32\ntdll.dll
0x00007ffabc9b0000 - 0x00007ffabca5d000 	C:\WINDOWS\system32\KERNEL32.DLL
0x00007ffabbad0000 - 0x00007ffabbcad000 	C:\WINDOWS\system32\KERNELBASE.dll
0x00007ffabe530000 - 0x00007ffabe5d6000 	C:\WINDOWS\system32\ADVAPI32.dll
0x00007ffabc070000 - 0x00007ffabc10d000 	C:\WINDOWS\system32\msvcrt.dll
0x00007ffabbcc0000 - 0x00007ffabbd1b000 	C:\WINDOWS\system32\sechost.dll
0x00007ffabc110000 - 0x00007ffabc236000 	C:\WINDOWS\system32\RPCRT4.dll
0x00007ffabe3e0000 - 0x00007ffabe52e000 	C:\WINDOWS\system32\USER32.dll
0x00007ffabc740000 - 0x00007ffabc8c6000 	C:\WINDOWS\system32\GDI32.dll
0x00007ffab71c0000 - 0x00007ffab7434000 	C:\WINDOWS\WinSxS\amd64_microsoft.windows.common-controls_6595b64144ccf1df_6.0.10240.16384_none_f41f7b285750ef43\COMCTL32.dll
0x00007ffabe330000 - 0x00007ffabe366000 	C:\WINDOWS\system32\IMM32.DLL
0x00007ffabc4a0000 - 0x00007ffabc5fc000 	C:\WINDOWS\system32\MSCTF.dll
0x0000000050140000 - 0x0000000050212000 	C:\Program Files\Java\jdk1.7.0_76\jre\bin\msvcr100.dll
0x00000000506b0000 - 0x0000000050e85000 	C:\Program Files\Java\jdk1.7.0_76\jre\bin\server\jvm.dll
0x00007ffabe370000 - 0x00007ffabe378000 	C:\WINDOWS\system32\PSAPI.DLL
0x00007ffab91f0000 - 0x00007ffab91f9000 	C:\WINDOWS\SYSTEM32\WSOCK32.dll
0x00007ffabc600000 - 0x00007ffabc669000 	C:\WINDOWS\system32\WS2_32.dll
0x00007ffabbcb0000 - 0x00007ffabbcb8000 	C:\WINDOWS\system32\NSI.dll
0x00007ffab9130000 - 0x00007ffab9153000 	C:\WINDOWS\SYSTEM32\WINMM.dll
0x00007ffab90d0000 - 0x00007ffab90fc000 	C:\WINDOWS\SYSTEM32\WINMMBASE.dll
0x00007ffabba80000 - 0x00007ffabbac4000 	C:\WINDOWS\system32\cfgmgr32.dll
0x00007ffab98e0000 - 0x00007ffab9907000 	C:\WINDOWS\SYSTEM32\DEVOBJ.dll
0x00000000505c0000 - 0x00000000505cf000 	C:\Program Files\Java\jdk1.7.0_76\jre\bin\verify.dll
0x0000000050590000 - 0x00000000505b8000 	C:\Program Files\Java\jdk1.7.0_76\jre\bin\java.dll
0x0000000050570000 - 0x0000000050585000 	C:\Program Files\Java\jdk1.7.0_76\jre\bin\zip.dll
0x0000000050550000 - 0x000000005056a000 	C:\Program Files\Java\jdk1.7.0_76\jre\bin\net.dll
0x00007ffaba820000 - 0x00007ffaba87d000 	C:\WINDOWS\system32\mswsock.dll
0x0000000050530000 - 0x0000000050541000 	C:\Program Files\Java\jdk1.7.0_76\jre\bin\nio.dll

VM Arguments:
jvm_args: -Xmx1024M -Dfile.encoding=windows-1252 -Duser.country=US -Duser.language=en -Duser.variant 
java_command: com.android.dx.command.Main --dex --num-threads=4 --output C:\Users\Xian\Desktop\watchface01\wear\build\intermediates\pre-dexed\debug\classes-0a642ef91c59ebab626d9152da45d73736625328.jar C:\Users\Xian\Desktop\watchface01\wear\build\intermediates\exploded-aar\com.google.android.support\wearable\1.3.0\jars\classes.jar
Launcher Type: SUN_STANDARD

Environment Variables:
JAVA_HOME=C:\Program Files\Java\jdk1.7.0_76
CLASSPATH=.;C:\Program Files\Java\jdk1.7.0_76\lib;C:\Program Files\Java\jdk1.7.0_76\lib\tools.jar
PATH=C:\Python27\;C:\Python27\Scripts;C:\Program Files (x86)\Intel\iCLS Client\;C:\Program Files\Intel\iCLS Client\;C:\WINDOWS\system32;C:\WINDOWS;C:\WINDOWS\System32\Wbem;C:\WINDOWS\System32\WindowsPowerShell\v1.0\;C:\Program Files\Intel\Intel(R) Management Engine Components\DAL;C:\Program Files\Intel\Intel(R) Management Engine Components\IPT;C:\Program Files (x86)\Intel\Intel(R) Management Engine Components\DAL;C:\Program Files (x86)\Intel\Intel(R) Management Engine Components\IPT;C:\Program Files\MATLAB\R2013a\runtime\win64;C:\Program Files\MATLAB\R2013a\bin;C:\Program Files\Java\jdk1.7.0_76\bin;C:\Program Files\Java\jdk1.7.0_76\jre\bin;C:\Program Files (x86)\Android\android-sdk\platform-tools;C:\Program Files\Intel\WiFi\bin\;C:\Program Files\Common Files\Intel\WirelessCommon\;C:\Program Files (x86)\NVIDIA Corporation\PhysX\Common;C:\Program Files\TortoiseSVN\bin;C:\Users\Xian\AppData\Roaming\Python\Scripts;C:\Program Files (x86)\Android\android-sdk\platform-tools;C:\Users\Xian\AppData\Roaming\Python\Scripts;C:\Program Files\Intel\WiFi\bin\;C:\Program Files\Common Files\Intel\WirelessCommon\
USERNAME=Xian
OS=Windows_NT
PROCESSOR_IDENTIFIER=Intel64 Family 6 Model 60 Stepping 3, GenuineIntel



---------------  S Y S T E M  ---------------

OS: Windows 8.1 , 64 bit Build 9600 

CPU:total 8 (4 cores per cpu, 2 threads per core) family 6 model 60 stepping 3, cmov, cx8, fxsr, mmx, sse, sse2, sse3, ssse3, sse4.1, sse4.2, popcnt, avx, avx2, aes, erms, ht, tsc, tscinvbit

Memory: 4k page, physical 8298776k(1488888k free), swap 9347352k(5516k free)

vm_info: Java HotSpot(TM) 64-Bit Server VM (24.76-b04) for windows-amd64 JRE (1.7.0_76-b13), built on Dec 18 2014 16:31:25 by "java_re" with unknown MS VC++:1600

time: Sat Oct 31 02:07:35 2015
elapsed time: 1 seconds

