#
# There is insufficient memory for the Java Runtime Environment to continue.
# Native memory allocation (malloc) failed to allocate 282416 bytes for Chunk::new
# Possible reasons:
#   The system is out of physical RAM or swap space
#   In 32 bit mode, the process size limit was hit
# Possible solutions:
#   Reduce memory load on the system
#   Increase physical memory or swap space
#   Check if swap backing store is full
#   Use 64 bit Java on a 64 bit OS
#   Decrease Java heap size (-Xmx/-Xms)
#   Decrease number of Java threads
#   Decrease Java thread stack sizes (-Xss)
#   Set larger code cache with -XX:ReservedCodeCacheSize=
# This output file may be truncated or incomplete.
#
#  Out of Memory Error (allocation.cpp:323), pid=2556, tid=5376
#
# JRE version: Java(TM) SE Runtime Environment (7.0_76-b13) (build 1.7.0_76-b13)
# Java VM: Java HotSpot(TM) 64-Bit Server VM (24.76-b04 mixed mode windows-amd64 compressed oops)
# Failed to write core dump. Minidumps are not enabled by default on client versions of Windows
#

---------------  T H R E A D  ---------------

Current thread (0x0000000002bfe000):  JavaThread "C2 CompilerThread0" daemon [_thread_in_native, id=5376, stack(0x000000000b500000,0x000000000b600000)]

Stack: [0x000000000b500000,0x000000000b600000]
[error occurred during error reporting (printing stack bounds), id 0xc0000005]


[error occurred during error reporting (printing native stack), id 0xc0000005]


Current CompileTask:
C2:   1776   72             com.android.dx.ssa.SsaMethod::computeReachability (131 bytes)


---------------  P R O C E S S  ---------------

Java Threads: ( => current thread )
  0x000000000b09a800 JavaThread "pool-1-thread-4" [_thread_in_Java, id=8768, stack(0x000000000bd00000,0x000000000be00000)]
  0x000000000b073800 JavaThread "pool-1-thread-3" [_thread_in_Java, id=8080, stack(0x000000000bc00000,0x000000000bd00000)]
  0x000000000b117800 JavaThread "pool-1-thread-2" [_thread_in_Java, id=5552, stack(0x000000000bb00000,0x000000000bc00000)]
  0x000000000b072800 JavaThread "pool-2-thread-1" [_thread_blocked, id=7100, stack(0x000000000ba00000,0x000000000bb00000)]
  0x000000000b10d000 JavaThread "pool-1-thread-1" [_thread_in_Java, id=412, stack(0x000000000b900000,0x000000000ba00000)]
  0x0000000002c00800 JavaThread "Service Thread" daemon [_thread_blocked, id=10104, stack(0x000000000b700000,0x000000000b800000)]
  0x0000000002c00000 JavaThread "C2 CompilerThread1" daemon [_thread_in_native, id=9524, stack(0x000000000b600000,0x000000000b700000)]
=>0x0000000002bfe000 JavaThread "C2 CompilerThread0" daemon [_thread_in_native, id=5376, stack(0x000000000b500000,0x000000000b600000)]
  0x0000000002bfd800 JavaThread "Attach Listener" daemon [_thread_blocked, id=5288, stack(0x000000000b400000,0x000000000b500000)]
  0x0000000002bf8800 JavaThread "Signal Dispatcher" daemon [_thread_blocked, id=2880, stack(0x000000000b300000,0x000000000b400000)]
  0x0000000008f0a000 JavaThread "Finalizer" daemon [_thread_blocked, id=5828, stack(0x000000000ae00000,0x000000000af00000)]
  0x0000000008f09000 JavaThread "Reference Handler" daemon [_thread_blocked, id=8956, stack(0x000000000ad00000,0x000000000ae00000)]
  0x00000000028bd800 JavaThread "main" [_thread_in_Java, id=9848, stack(0x0000000002a10000,0x0000000002b10000)]

Other Threads:
  0x0000000008f05800 VMThread [stack: 0x000000000ac00000,0x000000000ad00000] [id=3984]
  0x0000000002c07000 WatcherThread [stack: 0x000000000b800000,0x000000000b900000] [id=8948]

VM state:not at safepoint (normal execution)

VM Mutex/Monitor currently owned by a thread: None

Heap
 PSYoungGen      total 38400K, used 13632K [0x00000000eaa80000, 0x00000000ed500000, 0x0000000100000000)
  eden space 33280K, 40% used [0x00000000eaa80000,0x00000000eb7d0290,0x00000000ecb00000)
  from space 5120K, 0% used [0x00000000ed000000,0x00000000ed000000,0x00000000ed500000)
  to   space 5120K, 0% used [0x00000000ecb00000,0x00000000ecb00000,0x00000000ed000000)
 ParOldGen       total 86528K, used 0K [0x00000000c0000000, 0x00000000c5480000, 0x00000000eaa80000)
  object space 86528K, 0% used [0x00000000c0000000,0x00000000c0000000,0x00000000c5480000)
 PSPermGen       total 21504K, used 5494K [0x00000000bae00000, 0x00000000bc300000, 0x00000000c0000000)
  object space 21504K, 25% used [0x00000000bae00000,0x00000000bb35d8d0,0x00000000bc300000)

Card table byte_map: [0x0000000005cd0000,0x0000000005f00000] byte_map_base: 0x00000000056f9000

Polling page: 0x00000000010a0000

Code Cache  [0x0000000002c10000, 0x0000000002e80000, 0x0000000005c10000)
 total_blobs=312 nmethods=75 adapters=189 free_code_cache=48651Kb largest_free_block=49800640

Compilation events (10 events):
Event: 1.761 Thread 0x0000000002bfe000   72             com.android.dx.ssa.SsaMethod::computeReachability (131 bytes)
Event: 1.763 Thread 0x0000000002c00000   73             java.util.AbstractList::<init> (10 bytes)
Event: 1.763 Thread 0x0000000002c00000 nmethod 73 0x0000000002c900d0 code [0x0000000002c90200, 0x0000000002c90258]
Event: 1.765 Thread 0x0000000002c00000   74             java.util.ArrayList$Itr::<init> (6 bytes)
Event: 1.765 Thread 0x0000000002c00000 nmethod 74 0x0000000002c8c3d0 code [0x0000000002c8c500, 0x0000000002c8c578]
Event: 1.765 Thread 0x0000000002c00000   75             java.util.ArrayList$Itr::<init> (26 bytes)
Event: 1.766 Thread 0x0000000002c00000 nmethod 75 0x0000000002c8c110 code [0x0000000002c8c240, 0x0000000002c8c2b8]
Event: 1.766 Thread 0x0000000002c00000   76             com.android.dx.rop.code.BasicBlockList::get (9 bytes)
Event: 1.767 Thread 0x0000000002c00000 nmethod 76 0x0000000002c8e090 code [0x0000000002c8e1e0, 0x0000000002c8e298]
Event: 1.768 Thread 0x0000000002c00000   77             com.android.dx.rop.code.RopMethod::calcPredecessors (227 bytes)

GC Heap History (0 events):
No events

Deoptimization events (0 events):
No events

Internal exceptions (10 events):
Event: 1.223 Thread 0x00000000028bd800 Threw 0x00000000eb136300 at C:\re\jdk7u76\1941\hotspot\src\share\vm\prims\jvm.cpp:1304
Event: 1.230 Thread 0x000000000b117800 Threw 0x00000000eb3f70d8 at C:\re\jdk7u76\1941\hotspot\src\share\vm\prims\jvm.cpp:1304
Event: 1.232 Thread 0x00000000028bd800 Threw 0x00000000eb159698 at C:\re\jdk7u76\1941\hotspot\src\share\vm\prims\jvm.cpp:1304
Event: 1.232 Thread 0x00000000028bd800 Threw 0x00000000eb15bf18 at C:\re\jdk7u76\1941\hotspot\src\share\vm\prims\jvm.cpp:1304
Event: 1.235 Thread 0x00000000028bd800 Threw 0x00000000eb166358 at C:\re\jdk7u76\1941\hotspot\src\share\vm\prims\jvm.cpp:1304
Event: 1.240 Thread 0x000000000b10d000 Threw 0x00000000eb1d3ff8 at C:\re\jdk7u76\1941\hotspot\src\share\vm\prims\jvm.cpp:1304
Event: 1.243 Thread 0x000000000b10d000 Threw 0x00000000eb1db948 at C:\re\jdk7u76\1941\hotspot\src\share\vm\prims\jvm.cpp:1304
Event: 1.487 Thread 0x000000000b09a800 Threw 0x00000000eb4ecca0 at C:\re\jdk7u76\1941\hotspot\src\share\vm\prims\jvm.cpp:1304
Event: 1.728 Thread 0x00000000028bd800 Threw 0x00000000eb6e85f0 at C:\re\jdk7u76\1941\hotspot\src\share\vm\prims\jvm.cpp:1304
Event: 1.733 Thread 0x00000000028bd800 Threw 0x00000000eb70e768 at C:\re\jdk7u76\1941\hotspot\src\share\vm\prims\jvm.cpp:1304

Events (10 events):
Event: 1.702 loading class 0x000000000af25140
Event: 1.703 loading class 0x000000000af25140 done
Event: 1.703 loading class 0x000000000af25110
Event: 1.703 loading class 0x000000000af25110 done
Event: 1.728 loading class 0x000000000afa5a40
Event: 1.728 loading class 0x000000000afa5a40 done
Event: 1.733 loading class 0x000000000b062310
Event: 1.733 loading class 0x000000000b062310 done
Event: 1.765 loading class 0x0000000002b8f8f0
Event: 1.765 loading class 0x0000000002b8f8f0 done


Dynamic libraries:
0x00007ff685050000 - 0x00007ff685083000 	C:\Program Files\Java\jdk1.7.0_76\bin\java.exe
0x00007ffa1f3c0000 - 0x00007ffa1f581000 	C:\WINDOWS\SYSTEM32\ntdll.dll
0x00007ffa1f310000 - 0x00007ffa1f3bd000 	C:\WINDOWS\system32\KERNEL32.DLL
0x00007ffa1be90000 - 0x00007ffa1c06d000 	C:\WINDOWS\system32\KERNELBASE.dll
0x00007ffa1ea00000 - 0x00007ffa1eaa6000 	C:\WINDOWS\system32\ADVAPI32.dll
0x00007ffa1f190000 - 0x00007ffa1f22d000 	C:\WINDOWS\system32\msvcrt.dll
0x00007ffa1ed60000 - 0x00007ffa1edbb000 	C:\WINDOWS\system32\sechost.dll
0x00007ffa1d180000 - 0x00007ffa1d2a6000 	C:\WINDOWS\system32\RPCRT4.dll
0x00007ffa1d370000 - 0x00007ffa1d4be000 	C:\WINDOWS\system32\USER32.dll
0x00007ffa1ee30000 - 0x00007ffa1efb6000 	C:\WINDOWS\system32\GDI32.dll
0x00007ffa17d70000 - 0x00007ffa17fe4000 	C:\WINDOWS\WinSxS\amd64_microsoft.windows.common-controls_6595b64144ccf1df_6.0.10240.16384_none_f41f7b285750ef43\COMCTL32.dll
0x00007ffa1d2b0000 - 0x00007ffa1d2e6000 	C:\WINDOWS\system32\IMM32.DLL
0x00007ffa1ce70000 - 0x00007ffa1cfcc000 	C:\WINDOWS\system32\MSCTF.dll
0x0000000069b30000 - 0x0000000069c02000 	C:\Program Files\Java\jdk1.7.0_76\jre\bin\msvcr100.dll
0x0000000069d80000 - 0x000000006a555000 	C:\Program Files\Java\jdk1.7.0_76\jre\bin\server\jvm.dll
0x00007ffa1e9f0000 - 0x00007ffa1e9f8000 	C:\WINDOWS\system32\PSAPI.DLL
0x00007ffa19f20000 - 0x00007ffa19f29000 	C:\WINDOWS\SYSTEM32\WSOCK32.dll
0x00007ffa1edc0000 - 0x00007ffa1ee29000 	C:\WINDOWS\system32\WS2_32.dll
0x00007ffa1cbe0000 - 0x00007ffa1cbe8000 	C:\WINDOWS\system32\NSI.dll
0x00007ffa19e20000 - 0x00007ffa19e43000 	C:\WINDOWS\SYSTEM32\WINMM.dll
0x00007ffa19dc0000 - 0x00007ffa19dec000 	C:\WINDOWS\SYSTEM32\WINMMBASE.dll
0x00007ffa1c990000 - 0x00007ffa1c9d4000 	C:\WINDOWS\system32\cfgmgr32.dll
0x00007ffa1a6c0000 - 0x00007ffa1a6e7000 	C:\WINDOWS\SYSTEM32\DEVOBJ.dll
0x000000006a7f0000 - 0x000000006a7ff000 	C:\Program Files\Java\jdk1.7.0_76\jre\bin\verify.dll
0x000000006a7c0000 - 0x000000006a7e8000 	C:\Program Files\Java\jdk1.7.0_76\jre\bin\java.dll
0x000000006a7a0000 - 0x000000006a7b5000 	C:\Program Files\Java\jdk1.7.0_76\jre\bin\zip.dll
0x000000006a780000 - 0x000000006a79a000 	C:\Program Files\Java\jdk1.7.0_76\jre\bin\net.dll
0x00007ffa1b600000 - 0x00007ffa1b65d000 	C:\WINDOWS\system32\mswsock.dll
0x000000006a760000 - 0x000000006a771000 	C:\Program Files\Java\jdk1.7.0_76\jre\bin\nio.dll

VM Arguments:
jvm_args: -Xmx1024M -Dfile.encoding=windows-1252 -Duser.country=US -Duser.language=en -Duser.variant 
java_command: com.android.dx.command.Main --dex --num-threads=4 --output C:\Users\Xian\Desktop\watchface01\mobile\build\intermediates\pre-dexed\release\classes-9cc80521dc775ad5bb9939d53ff02c1a29a200bd.jar C:\Users\Xian\Desktop\watchface01\mobile\build\intermediates\exploded-aar\com.google.android.gms\play-services-measurement\8.1.0\jars\classes.jar
Launcher Type: SUN_STANDARD

Environment Variables:
JAVA_HOME=C:\Program Files\Java\jdk1.7.0_76
CLASSPATH=.;C:\Program Files\Java\jdk1.7.0_76\lib;C:\Program Files\Java\jdk1.7.0_76\lib\tools.jar
PATH=C:\Python27\;C:\Python27\Scripts;C:\Program Files (x86)\Intel\iCLS Client\;C:\Program Files\Intel\iCLS Client\;C:\WINDOWS\system32;C:\WINDOWS;C:\WINDOWS\System32\Wbem;C:\WINDOWS\System32\WindowsPowerShell\v1.0\;C:\Program Files\Intel\Intel(R) Management Engine Components\DAL;C:\Program Files\Intel\Intel(R) Management Engine Components\IPT;C:\Program Files (x86)\Intel\Intel(R) Management Engine Components\DAL;C:\Program Files (x86)\Intel\Intel(R) Management Engine Components\IPT;C:\Program Files\MATLAB\R2013a\runtime\win64;C:\Program Files\MATLAB\R2013a\bin;C:\Program Files\Java\jdk1.7.0_76\bin;C:\Program Files\Java\jdk1.7.0_76\jre\bin;C:\Program Files (x86)\Android\android-sdk\platform-tools;C:\Program Files\Intel\WiFi\bin\;C:\Program Files\Common Files\Intel\WirelessCommon\;C:\Program Files (x86)\NVIDIA Corporation\PhysX\Common;C:\Program Files\TortoiseSVN\bin;C:\Users\Xian\AppData\Roaming\Python\Scripts;C:\Program Files (x86)\Android\android-sdk\platform-tools;C:\Users\Xian\AppData\Roaming\Python\Scripts;C:\Program Files\Intel\WiFi\bin\;C:\Program Files\Common Files\Intel\WirelessCommon\
USERNAME=Xian
OS=Windows_NT
PROCESSOR_IDENTIFIER=Intel64 Family 6 Model 60 Stepping 3, GenuineIntel



---------------  S Y S T E M  ---------------

OS: Windows 8.1 , 64 bit Build 9600 

CPU:total 8 (4 cores per cpu, 2 threads per core) family 6 model 60 stepping 3, cmov, cx8, fxsr, mmx, sse, sse2, sse3, ssse3, sse4.1, sse4.2, popcnt, avx, avx2, aes, erms, ht, tsc, tscinvbit

Memory: 4k page, physical 8298776k(3176456k free), swap 9347352k(1096k free)

vm_info: Java HotSpot(TM) 64-Bit Server VM (24.76-b04) for windows-amd64 JRE (1.7.0_76-b13), built on Dec 18 2014 16:31:25 by "java_re" with unknown MS VC++:1600

time: Sat Oct 31 14:29:19 2015
elapsed time: 1 seconds

