#
# There is insufficient memory for the Java Runtime Environment to continue.
# Native memory allocation (malloc) failed to allocate 479136 bytes for Chunk::new
# Possible reasons:
#   The system is out of physical RAM or swap space
#   In 32 bit mode, the process size limit was hit
# Possible solutions:
#   Reduce memory load on the system
#   Increase physical memory or swap space
#   Check if swap backing store is full
#   Use 64 bit Java on a 64 bit OS
#   Decrease Java heap size (-Xmx/-Xms)
#   Decrease number of Java threads
#   Decrease Java thread stack sizes (-Xss)
#   Set larger code cache with -XX:ReservedCodeCacheSize=
# This output file may be truncated or incomplete.
#
#  Out of Memory Error (allocation.cpp:323), pid=1088, tid=6672
#
# JRE version: Java(TM) SE Runtime Environment (7.0_76-b13) (build 1.7.0_76-b13)
# Java VM: Java HotSpot(TM) 64-Bit Server VM (24.76-b04 mixed mode windows-amd64 compressed oops)
# Failed to write core dump. Minidumps are not enabled by default on client versions of Windows
#

---------------  T H R E A D  ---------------

Current thread (0x000000000231b000):  JavaThread "C2 CompilerThread1" daemon [_thread_in_native, id=6672, stack(0x000000000acf0000,0x000000000adf0000)]

Stack: [0x000000000acf0000,0x000000000adf0000]
[error occurred during error reporting (printing stack bounds), id 0xc0000005]


[error occurred during error reporting (printing native stack), id 0xc0000005]


Current CompileTask:
C2:   4245  358             com.android.dx.ssa.PhiTypeResolver::run (179 bytes)


---------------  P R O C E S S  ---------------

Java Threads: ( => current thread )
  0x000000000a845000 JavaThread "pool-1-thread-4" [_thread_in_Java, id=8716, stack(0x000000000b3f0000,0x000000000b4f0000)]
  0x000000000a842800 JavaThread "pool-1-thread-3" [_thread_blocked, id=6132, stack(0x000000000b2f0000,0x000000000b3f0000)]
  0x000000000a841800 JavaThread "pool-1-thread-2" [_thread_blocked, id=7632, stack(0x000000000b1f0000,0x000000000b2f0000)]
  0x000000000a841000 JavaThread "pool-2-thread-1" [_thread_blocked, id=8260, stack(0x000000000b0f0000,0x000000000b1f0000)]
  0x000000000a840000 JavaThread "pool-1-thread-1" [_thread_in_Java, id=4556, stack(0x000000000aff0000,0x000000000b0f0000)]
  0x000000000231b800 JavaThread "Service Thread" daemon [_thread_blocked, id=4888, stack(0x000000000adf0000,0x000000000aef0000)]
=>0x000000000231b000 JavaThread "C2 CompilerThread1" daemon [_thread_in_native, id=6672, stack(0x000000000acf0000,0x000000000adf0000)]
  0x000000000230f000 JavaThread "C2 CompilerThread0" daemon [_thread_in_native, id=5924, stack(0x000000000abf0000,0x000000000acf0000)]
  0x000000000230e000 JavaThread "Attach Listener" daemon [_thread_blocked, id=9264, stack(0x000000000aaf0000,0x000000000abf0000)]
  0x000000000a611000 JavaThread "Signal Dispatcher" daemon [_thread_blocked, id=9408, stack(0x000000000a9f0000,0x000000000aaf0000)]
  0x0000000008621000 JavaThread "Finalizer" daemon [_thread_blocked, id=9080, stack(0x000000000a4f0000,0x000000000a5f0000)]
  0x0000000008619800 JavaThread "Reference Handler" daemon [_thread_blocked, id=8416, stack(0x000000000a3f0000,0x000000000a4f0000)]
  0x000000000200d800 JavaThread "main" [_thread_blocked, id=4736, stack(0x0000000002020000,0x0000000002120000)]

Other Threads:
  0x0000000008615800 VMThread [stack: 0x000000000a2f0000,0x000000000a3f0000] [id=5892]
  0x000000000a61a800 WatcherThread [stack: 0x000000000aef0000,0x000000000aff0000] [id=9720]

VM state:not at safepoint (normal execution)

VM Mutex/Monitor currently owned by a thread: None

Heap
 PSYoungGen      total 71680K, used 7530K [0x00000000eaa80000, 0x00000000ef580000, 0x0000000100000000)
  eden space 66560K, 3% used [0x00000000eaa80000,0x00000000eacdce48,0x00000000eeb80000)
  from space 5120K, 99% used [0x00000000ef080000,0x00000000ef57dc88,0x00000000ef580000)
  to   space 5120K, 0% used [0x00000000eeb80000,0x00000000eeb80000,0x00000000ef080000)
 ParOldGen       total 86528K, used 7043K [0x00000000c0000000, 0x00000000c5480000, 0x00000000eaa80000)
  object space 86528K, 8% used [0x00000000c0000000,0x00000000c06e0dd0,0x00000000c5480000)
 PSPermGen       total 21504K, used 5790K [0x00000000bae00000, 0x00000000bc300000, 0x00000000c0000000)
  object space 21504K, 26% used [0x00000000bae00000,0x00000000bb3a7bd0,0x00000000bc300000)

Card table byte_map: [0x00000000053e0000,0x0000000005610000] byte_map_base: 0x0000000004e09000

Polling page: 0x0000000001f60000

Code Cache  [0x0000000002320000, 0x0000000002590000, 0x0000000005320000)
 total_blobs=593 nmethods=356 adapters=189 free_code_cache=47682Kb largest_free_block=48790720

Compilation events (10 events):
Event: 4.086 Thread 0x000000000231b000 nmethod 353 0x0000000002475550 code [0x0000000002475680, 0x00000000024756d8]
Event: 4.086 Thread 0x000000000231b000  354             com.android.dx.cf.code.ValueAwareMachine::run (1142 bytes)
Event: 4.227 Thread 0x000000000231b000 nmethod 354 0x0000000002494610 code [0x00000000024950e0, 0x00000000024967e0]
Event: 4.227 Thread 0x000000000231b000  355             com.android.dx.cf.code.OneLocalsArray::getOrNull (7 bytes)
Event: 4.227 Thread 0x000000000231b000 nmethod 355 0x0000000002479410 code [0x0000000002479540, 0x00000000024795d8]
Event: 4.228 Thread 0x000000000231b000  356             com.android.dx.rop.type.Type::getBasicFrameType (60 bytes)
Event: 4.228 Thread 0x000000000231b000 nmethod 356 0x000000000247de50 code [0x000000000247df80, 0x000000000247dff8]
Event: 4.228 Thread 0x000000000231b000  357             com.android.dx.ssa.SsaRenamer$BlockRenamer$RenamingMapper::map (28 bytes)
Event: 4.229 Thread 0x000000000231b000 nmethod 357 0x000000000248af10 code [0x000000000248b060, 0x000000000248b148]
Event: 4.230 Thread 0x000000000231b000  358             com.android.dx.ssa.PhiTypeResolver::run (179 bytes)

GC Heap History (4 events):
Event: 2.809 GC heap before
{Heap before GC invocations=1 (full 0):
 PSYoungGen      total 38400K, used 33280K [0x00000000eaa80000, 0x00000000ed500000, 0x0000000100000000)
  eden space 33280K, 100% used [0x00000000eaa80000,0x00000000ecb00000,0x00000000ecb00000)
  from space 5120K, 0% used [0x00000000ed000000,0x00000000ed000000,0x00000000ed500000)
  to   space 5120K, 0% used [0x00000000ecb00000,0x00000000ecb00000,0x00000000ed000000)
 ParOldGen       total 86528K, used 0K [0x00000000c0000000, 0x00000000c5480000, 0x00000000eaa80000)
  object space 86528K, 0% used [0x00000000c0000000,0x00000000c0000000,0x00000000c5480000)
 PSPermGen       total 21504K, used 5730K [0x00000000bae00000, 0x00000000bc300000, 0x00000000c0000000)
  object space 21504K, 26% used [0x00000000bae00000,0x00000000bb398810,0x00000000bc300000)
Event: 2.986 GC heap after
Heap after GC invocations=1 (full 0):
 PSYoungGen      total 38400K, used 5095K [0x00000000eaa80000, 0x00000000ef580000, 0x0000000100000000)
  eden space 33280K, 0% used [0x00000000eaa80000,0x00000000eaa80000,0x00000000ecb00000)
  from space 5120K, 99% used [0x00000000ecb00000,0x00000000ecff9c78,0x00000000ed000000)
  to   space 5120K, 0% used [0x00000000ef080000,0x00000000ef080000,0x00000000ef580000)
 ParOldGen       total 86528K, used 1779K [0x00000000c0000000, 0x00000000c5480000, 0x00000000eaa80000)
  object space 86528K, 2% used [0x00000000c0000000,0x00000000c01bcd30,0x00000000c5480000)
 PSPermGen       total 21504K, used 5730K [0x00000000bae00000, 0x00000000bc300000, 0x00000000c0000000)
  object space 21504K, 26% used [0x00000000bae00000,0x00000000bb398810,0x00000000bc300000)
}
Event: 4.176 GC heap before
{Heap before GC invocations=2 (full 0):
 PSYoungGen      total 38400K, used 38375K [0x00000000eaa80000, 0x00000000ef580000, 0x0000000100000000)
  eden space 33280K, 100% used [0x00000000eaa80000,0x00000000ecb00000,0x00000000ecb00000)
  from space 5120K, 99% used [0x00000000ecb00000,0x00000000ecff9c78,0x00000000ed000000)
  to   space 5120K, 0% used [0x00000000ef080000,0x00000000ef080000,0x00000000ef580000)
 ParOldGen       total 86528K, used 1779K [0x00000000c0000000, 0x00000000c5480000, 0x00000000eaa80000)
  object space 86528K, 2% used [0x00000000c0000000,0x00000000c01bcd30,0x00000000c5480000)
 PSPermGen       total 21504K, used 5788K [0x00000000bae00000, 0x00000000bc300000, 0x00000000c0000000)
  object space 21504K, 26% used [0x00000000bae00000,0x00000000bb3a7190,0x00000000bc300000)
Event: 4.223 GC heap after
Heap after GC invocations=2 (full 0):
 PSYoungGen      total 71680K, used 5111K [0x00000000eaa80000, 0x00000000ef580000, 0x0000000100000000)
  eden space 66560K, 0% used [0x00000000eaa80000,0x00000000eaa80000,0x00000000eeb80000)
  from space 5120K, 99% used [0x00000000ef080000,0x00000000ef57dc88,0x00000000ef580000)
  to   space 5120K, 0% used [0x00000000eeb80000,0x00000000eeb80000,0x00000000ef080000)
 ParOldGen       total 86528K, used 7043K [0x00000000c0000000, 0x00000000c5480000, 0x00000000eaa80000)
  object space 86528K, 8% used [0x00000000c0000000,0x00000000c06e0dd0,0x00000000c5480000)
 PSPermGen       total 21504K, used 5788K [0x00000000bae00000, 0x00000000bc300000, 0x00000000c0000000)
  object space 21504K, 26% used [0x00000000bae00000,0x00000000bb3a7190,0x00000000bc300000)
}

Deoptimization events (8 events):
Event: 1.922 Thread 0x000000000200d800 Uncommon trap: reason=class_check action=maybe_recompile pc=0x0000000002397298 method=com.android.dx.ssa.NormalSsaInsn.accept(Lcom/android/dx/ssa/SsaInsn$Visitor;)V @ 9
Event: 1.927 Thread 0x000000000a840000 Uncommon trap: reason=class_check action=maybe_recompile pc=0x0000000002397298 method=com.android.dx.ssa.NormalSsaInsn.accept(Lcom/android/dx/ssa/SsaInsn$Visitor;)V @ 9
Event: 1.931 Thread 0x000000000a840000 Uncommon trap: reason=class_check action=maybe_recompile pc=0x0000000002397298 method=com.android.dx.ssa.NormalSsaInsn.accept(Lcom/android/dx/ssa/SsaInsn$Visitor;)V @ 9
Event: 1.931 Thread 0x000000000a840000 Uncommon trap: reason=class_check action=maybe_recompile pc=0x0000000002397298 method=com.android.dx.ssa.NormalSsaInsn.accept(Lcom/android/dx/ssa/SsaInsn$Visitor;)V @ 9
Event: 1.946 Thread 0x000000000a842800 Uncommon trap: reason=null_check action=make_not_entrant pc=0x000000000239b9f4 method=com.android.dx.rop.code.LocalItem.equals(Ljava/lang/Object;)Z @ 1
Event: 2.338 Thread 0x000000000200d800 Uncommon trap: reason=null_check action=make_not_entrant pc=0x00000000023a4640 method=com.android.dx.rop.code.LocalItem.equals(Ljava/lang/Object;)Z @ 1
Event: 2.452 Thread 0x000000000200d800 Uncommon trap: reason=null_check action=make_not_entrant pc=0x00000000023d843c method=com.android.dx.rop.code.RegisterSpec.equals(Ljava/lang/Object;)Z @ 1
Event: 3.485 Thread 0x000000000200d800 Uncommon trap: reason=null_check action=make_not_entrant pc=0x000000000242c628 method=com.android.dx.rop.type.Type.putIntern(Lcom/android/dx/rop/type/Type;)Lcom/android/dx/rop/type/Type; @ 18

Internal exceptions (10 events):
Event: 1.872 Thread 0x000000000200d800 Threw 0x00000000eb4f9200 at C:\re\jdk7u76\1941\hotspot\src\share\vm\prims\jvm.cpp:1304
Event: 1.910 Thread 0x000000000200d800 Threw 0x00000000eb51c7c8 at C:\re\jdk7u76\1941\hotspot\src\share\vm\prims\jvm.cpp:1304
Event: 1.915 Thread 0x000000000200d800 Threw 0x00000000eb5266a0 at C:\re\jdk7u76\1941\hotspot\src\share\vm\prims\jvm.cpp:1304
Event: 1.916 Thread 0x000000000200d800 Threw 0x00000000eb528a60 at C:\re\jdk7u76\1941\hotspot\src\share\vm\prims\jvm.cpp:1304
Event: 1.946 Thread 0x000000000a842800 Implicit null exception at 0x000000000239b5e1 to 0x000000000239b9d9
Event: 1.972 Thread 0x000000000a841800 Threw 0x00000000eb84f5b0 at C:\re\jdk7u76\1941\hotspot\src\share\vm\prims\jvm.cpp:1304
Event: 2.245 Thread 0x000000000200d800 Threw 0x00000000ebe6a9a8 at C:\re\jdk7u76\1941\hotspot\src\share\vm\prims\jvm.cpp:1304
Event: 2.338 Thread 0x000000000200d800 Implicit null exception at 0x00000000023a3e96 to 0x00000000023a462d
Event: 2.452 Thread 0x000000000200d800 Implicit null exception at 0x00000000023d770e to 0x00000000023d840d
Event: 3.484 Thread 0x000000000200d800 Implicit null exception at 0x000000000242bf37 to 0x000000000242c619

Events (10 events):
Event: 2.452 Thread 0x000000000200d800 Uncommon trap: trap_request=0xfffffff4 fr.pc=0x00000000023d843c
Event: 2.452 Thread 0x000000000200d800 DEOPT PACKING pc=0x00000000023d843c sp=0x000000000211e540
Event: 2.452 Thread 0x000000000200d800 DEOPT UNPACKING pc=0x00000000023575a4 sp=0x000000000211e468 mode 2
Event: 2.685 Executing VM operation: ParallelGCFailedAllocation
Event: 2.987 Executing VM operation: ParallelGCFailedAllocation done
Event: 3.484 Thread 0x000000000200d800 Uncommon trap: trap_request=0xfffffff4 fr.pc=0x000000000242c628
Event: 3.485 Thread 0x000000000200d800 DEOPT PACKING pc=0x000000000242c628 sp=0x000000000211e9b0
Event: 3.485 Thread 0x000000000200d800 DEOPT UNPACKING pc=0x00000000023575a4 sp=0x000000000211e8d0 mode 2
Event: 4.137 Executing VM operation: ParallelGCFailedAllocation
Event: 4.223 Executing VM operation: ParallelGCFailedAllocation done


Dynamic libraries:
0x00007ff685050000 - 0x00007ff685083000 	C:\Program Files\Java\jdk1.7.0_76\bin\java.exe
0x00007ffa1f3c0000 - 0x00007ffa1f581000 	C:\WINDOWS\SYSTEM32\ntdll.dll
0x00007ffa1f310000 - 0x00007ffa1f3bd000 	C:\WINDOWS\system32\KERNEL32.DLL
0x00007ffa1be90000 - 0x00007ffa1c06d000 	C:\WINDOWS\system32\KERNELBASE.dll
0x00007ffa1ea00000 - 0x00007ffa1eaa6000 	C:\WINDOWS\system32\ADVAPI32.dll
0x00007ffa1f190000 - 0x00007ffa1f22d000 	C:\WINDOWS\system32\msvcrt.dll
0x00007ffa1ed60000 - 0x00007ffa1edbb000 	C:\WINDOWS\system32\sechost.dll
0x00007ffa1d180000 - 0x00007ffa1d2a6000 	C:\WINDOWS\system32\RPCRT4.dll
0x00007ffa1d370000 - 0x00007ffa1d4be000 	C:\WINDOWS\system32\USER32.dll
0x00007ffa1ee30000 - 0x00007ffa1efb6000 	C:\WINDOWS\system32\GDI32.dll
0x00007ffa17d70000 - 0x00007ffa17fe4000 	C:\WINDOWS\WinSxS\amd64_microsoft.windows.common-controls_6595b64144ccf1df_6.0.10240.16384_none_f41f7b285750ef43\COMCTL32.dll
0x00007ffa1d2b0000 - 0x00007ffa1d2e6000 	C:\WINDOWS\system32\IMM32.DLL
0x00007ffa1ce70000 - 0x00007ffa1cfcc000 	C:\WINDOWS\system32\MSCTF.dll
0x0000000069b30000 - 0x0000000069c02000 	C:\Program Files\Java\jdk1.7.0_76\jre\bin\msvcr100.dll
0x0000000069d80000 - 0x000000006a555000 	C:\Program Files\Java\jdk1.7.0_76\jre\bin\server\jvm.dll
0x00007ffa1e9f0000 - 0x00007ffa1e9f8000 	C:\WINDOWS\system32\PSAPI.DLL
0x00007ffa19f20000 - 0x00007ffa19f29000 	C:\WINDOWS\SYSTEM32\WSOCK32.dll
0x00007ffa1edc0000 - 0x00007ffa1ee29000 	C:\WINDOWS\system32\WS2_32.dll
0x00007ffa1cbe0000 - 0x00007ffa1cbe8000 	C:\WINDOWS\system32\NSI.dll
0x00007ffa19e20000 - 0x00007ffa19e43000 	C:\WINDOWS\SYSTEM32\WINMM.dll
0x00007ffa19dc0000 - 0x00007ffa19dec000 	C:\WINDOWS\SYSTEM32\WINMMBASE.dll
0x00007ffa1c990000 - 0x00007ffa1c9d4000 	C:\WINDOWS\system32\cfgmgr32.dll
0x00007ffa1a6c0000 - 0x00007ffa1a6e7000 	C:\WINDOWS\SYSTEM32\DEVOBJ.dll
0x000000006a7f0000 - 0x000000006a7ff000 	C:\Program Files\Java\jdk1.7.0_76\jre\bin\verify.dll
0x000000006a7c0000 - 0x000000006a7e8000 	C:\Program Files\Java\jdk1.7.0_76\jre\bin\java.dll
0x000000006a7a0000 - 0x000000006a7b5000 	C:\Program Files\Java\jdk1.7.0_76\jre\bin\zip.dll
0x000000006a780000 - 0x000000006a79a000 	C:\Program Files\Java\jdk1.7.0_76\jre\bin\net.dll
0x00007ffa1b600000 - 0x00007ffa1b65d000 	C:\WINDOWS\system32\mswsock.dll
0x000000006a760000 - 0x000000006a771000 	C:\Program Files\Java\jdk1.7.0_76\jre\bin\nio.dll

VM Arguments:
jvm_args: -Xmx1024M -Dfile.encoding=windows-1252 -Duser.country=US -Duser.language=en -Duser.variant 
java_command: com.android.dx.command.Main --dex --num-threads=4 --output C:\Users\Xian\Desktop\watchface01\mobile\build\intermediates\pre-dexed\release\classes-f45a2562b506e6a545785016f6df95861e45d52c.jar C:\Users\Xian\Desktop\watchface01\mobile\build\intermediates\exploded-aar\com.google.android.gms\play-services-location\8.1.0\jars\classes.jar
Launcher Type: SUN_STANDARD

Environment Variables:
JAVA_HOME=C:\Program Files\Java\jdk1.7.0_76
CLASSPATH=.;C:\Program Files\Java\jdk1.7.0_76\lib;C:\Program Files\Java\jdk1.7.0_76\lib\tools.jar
PATH=C:\Python27\;C:\Python27\Scripts;C:\Program Files (x86)\Intel\iCLS Client\;C:\Program Files\Intel\iCLS Client\;C:\WINDOWS\system32;C:\WINDOWS;C:\WINDOWS\System32\Wbem;C:\WINDOWS\System32\WindowsPowerShell\v1.0\;C:\Program Files\Intel\Intel(R) Management Engine Components\DAL;C:\Program Files\Intel\Intel(R) Management Engine Components\IPT;C:\Program Files (x86)\Intel\Intel(R) Management Engine Components\DAL;C:\Program Files (x86)\Intel\Intel(R) Management Engine Components\IPT;C:\Program Files\MATLAB\R2013a\runtime\win64;C:\Program Files\MATLAB\R2013a\bin;C:\Program Files\Java\jdk1.7.0_76\bin;C:\Program Files\Java\jdk1.7.0_76\jre\bin;C:\Program Files (x86)\Android\android-sdk\platform-tools;C:\Program Files\Intel\WiFi\bin\;C:\Program Files\Common Files\Intel\WirelessCommon\;C:\Program Files (x86)\NVIDIA Corporation\PhysX\Common;C:\Program Files\TortoiseSVN\bin;C:\Users\Xian\AppData\Roaming\Python\Scripts;C:\Program Files (x86)\Android\android-sdk\platform-tools;C:\Users\Xian\AppData\Roaming\Python\Scripts;C:\Program Files\Intel\WiFi\bin\;C:\Program Files\Common Files\Intel\WirelessCommon\
USERNAME=Xian
OS=Windows_NT
PROCESSOR_IDENTIFIER=Intel64 Family 6 Model 60 Stepping 3, GenuineIntel



---------------  S Y S T E M  ---------------

OS: Windows 8.1 , 64 bit Build 9600 

CPU:total 8 (4 cores per cpu, 2 threads per core) family 6 model 60 stepping 3, cmov, cx8, fxsr, mmx, sse, sse2, sse3, ssse3, sse4.1, sse4.2, popcnt, avx, avx2, aes, erms, ht, tsc, tscinvbit

Memory: 4k page, physical 8298776k(3164812k free), swap 9347352k(5196k free)

vm_info: Java HotSpot(TM) 64-Bit Server VM (24.76-b04) for windows-amd64 JRE (1.7.0_76-b13), built on Dec 18 2014 16:31:25 by "java_re" with unknown MS VC++:1600

time: Sat Oct 31 14:31:04 2015
elapsed time: 4 seconds

