#
# There is insufficient memory for the Java Runtime Environment to continue.
# Native memory allocation (malloc) failed to allocate 934256 bytes for Chunk::new
# Possible reasons:
#   The system is out of physical RAM or swap space
#   In 32 bit mode, the process size limit was hit
# Possible solutions:
#   Reduce memory load on the system
#   Increase physical memory or swap space
#   Check if swap backing store is full
#   Use 64 bit Java on a 64 bit OS
#   Decrease Java heap size (-Xmx/-Xms)
#   Decrease number of Java threads
#   Decrease Java thread stack sizes (-Xss)
#   Set larger code cache with -XX:ReservedCodeCacheSize=
# This output file may be truncated or incomplete.
#
#  Out of Memory Error (allocation.cpp:323), pid=1240, tid=8988
#
# JRE version: Java(TM) SE Runtime Environment (7.0_76-b13) (build 1.7.0_76-b13)
# Java VM: Java HotSpot(TM) 64-Bit Server VM (24.76-b04 mixed mode windows-amd64 compressed oops)
# Failed to write core dump. Minidumps are not enabled by default on client versions of Windows
#

---------------  T H R E A D  ---------------

Current thread (0x0000000002d0e000):  JavaThread "C2 CompilerThread0" daemon [_thread_in_native, id=8988, stack(0x000000000b610000,0x000000000b710000)]

Stack: [0x000000000b610000,0x000000000b710000]
[error occurred during error reporting (printing stack bounds), id 0xc0000005]


Current CompileTask:
C2:   9646  632   !         com.android.dx.cf.code.Ropper::processBlock (1101 bytes)


---------------  P R O C E S S  ---------------

Java Threads: ( => current thread )
  0x000000000b26f000 JavaThread "pool-1-thread-4" [_thread_blocked, id=3476, stack(0x000000000be10000,0x000000000bf10000)]
  0x000000000b26c800 JavaThread "pool-1-thread-3" [_thread_blocked, id=8108, stack(0x000000000bd10000,0x000000000be10000)]
  0x000000000b26c000 JavaThread "pool-1-thread-2" [_thread_in_Java, id=9508, stack(0x000000000bc10000,0x000000000bd10000)]
  0x000000000b2e5800 JavaThread "pool-2-thread-1" [_thread_blocked, id=4336, stack(0x000000000bb10000,0x000000000bc10000)]
  0x000000000b2e4800 JavaThread "pool-1-thread-1" [_thread_blocked, id=3948, stack(0x000000000ba10000,0x000000000bb10000)]
  0x000000000b033800 JavaThread "Service Thread" daemon [_thread_blocked, id=8588, stack(0x000000000b810000,0x000000000b910000)]
  0x000000000b033000 JavaThread "C2 CompilerThread1" daemon [_thread_blocked, id=7220, stack(0x000000000b710000,0x000000000b810000)]
=>0x0000000002d0e000 JavaThread "C2 CompilerThread0" daemon [_thread_in_native, id=8988, stack(0x000000000b610000,0x000000000b710000)]
  0x0000000002d0d800 JavaThread "Attach Listener" daemon [_thread_blocked, id=9032, stack(0x000000000b510000,0x000000000b610000)]
  0x000000000b031000 JavaThread "Signal Dispatcher" daemon [_thread_blocked, id=3836, stack(0x000000000b410000,0x000000000b510000)]
  0x0000000009011000 JavaThread "Finalizer" daemon [_thread_blocked, id=7476, stack(0x000000000af10000,0x000000000b010000)]
  0x0000000009009000 JavaThread "Reference Handler" daemon [_thread_blocked, id=8828, stack(0x000000000ae10000,0x000000000af10000)]
  0x0000000002b0d800 JavaThread "main" [_thread_blocked, id=3792, stack(0x0000000002b10000,0x0000000002c10000)]

Other Threads:
  0x0000000009005800 VMThread [stack: 0x000000000ad10000,0x000000000ae10000] [id=5312]
  0x000000000b03a000 WatcherThread [stack: 0x000000000b910000,0x000000000ba10000] [id=4580]

VM state:not at safepoint (normal execution)

VM Mutex/Monitor currently owned by a thread: None

Heap
 PSYoungGen      total 138240K, used 42681K [0x00000000eaa80000, 0x00000000f3680000, 0x0000000100000000)
  eden space 133120K, 28% used [0x00000000eaa80000,0x00000000ecf31c10,0x00000000f2c80000)
  from space 5120K, 99% used [0x00000000f3180000,0x00000000f367cbe8,0x00000000f3680000)
  to   space 5120K, 0% used [0x00000000f2c80000,0x00000000f2c80000,0x00000000f3180000)
 ParOldGen       total 86528K, used 26092K [0x00000000c0000000, 0x00000000c5480000, 0x00000000eaa80000)
  object space 86528K, 30% used [0x00000000c0000000,0x00000000c197b3e0,0x00000000c5480000)
 PSPermGen       total 21504K, used 5870K [0x00000000bae00000, 0x00000000bc300000, 0x00000000c0000000)
  object space 21504K, 27% used [0x00000000bae00000,0x00000000bb3bb9c8,0x00000000bc300000)

Card table byte_map: [0x0000000005dd0000,0x0000000006000000] byte_map_base: 0x00000000057f9000

Polling page: 0x0000000001210000

Code Cache  [0x0000000002d10000, 0x0000000002fc0000, 0x0000000005d10000)
 total_blobs=860 nmethods=623 adapters=189 free_code_cache=46489Kb largest_free_block=47517248

Compilation events (10 events):
Event: 9.336 Thread 0x0000000002d0e000  628             com.android.dx.ssa.DeadCodeRemover$NoSideEffectVisitor::visitPhiInsn (22 bytes)
Event: 9.340 Thread 0x0000000002d0e000 nmethod 628 0x0000000002f717d0 code [0x0000000002f71920, 0x0000000002f71ae8]
Event: 9.499 Thread 0x0000000002d0e000  629             com.android.dx.rop.type.Prototype::getParameterTypes (5 bytes)
Event: 9.499 Thread 0x0000000002d0e000 nmethod 629 0x0000000002f72f90 code [0x0000000002f730c0, 0x0000000002f73118]
Event: 9.542 Thread 0x0000000002d0e000  630             com.android.dx.cf.direct.AttributeListParser::parseIfNecessary (12 bytes)
Event: 9.547 Thread 0x0000000002d0e000 nmethod 630 0x0000000002f70d90 code [0x0000000002f70f00, 0x0000000002f712e8]
Event: 9.548 Thread 0x0000000002d0e000  631             com.android.dx.ssa.back.FirstFitLocalCombiningAllocator::findNextUnreservedRopReg (68 bytes)
Event: 9.553 Thread 0x0000000002d0e000 nmethod 631 0x0000000002f921d0 code [0x0000000002f92340, 0x0000000002f925f8]
Event: 9.570 Thread 0x000000000b033000 nmethod 627 0x0000000002fb0790 code [0x0000000002fb1f40, 0x0000000002fb7d78]
Event: 9.586 Thread 0x0000000002d0e000  632   !         com.android.dx.cf.code.Ropper::processBlock (1101 bytes)

GC Heap History (8 events):
Event: 1.286 GC heap before
{Heap before GC invocations=1 (full 0):
 PSYoungGen      total 38400K, used 33280K [0x00000000eaa80000, 0x00000000ed500000, 0x0000000100000000)
  eden space 33280K, 100% used [0x00000000eaa80000,0x00000000ecb00000,0x00000000ecb00000)
  from space 5120K, 0% used [0x00000000ed000000,0x00000000ed000000,0x00000000ed500000)
  to   space 5120K, 0% used [0x00000000ecb00000,0x00000000ecb00000,0x00000000ed000000)
 ParOldGen       total 86528K, used 0K [0x00000000c0000000, 0x00000000c5480000, 0x00000000eaa80000)
  object space 86528K, 0% used [0x00000000c0000000,0x00000000c0000000,0x00000000c5480000)
 PSPermGen       total 21504K, used 5708K [0x00000000bae00000, 0x00000000bc300000, 0x00000000c0000000)
  object space 21504K, 26% used [0x00000000bae00000,0x00000000bb393390,0x00000000bc300000)
Event: 1.795 GC heap after
Heap after GC invocations=1 (full 0):
 PSYoungGen      total 38400K, used 5111K [0x00000000eaa80000, 0x00000000ef580000, 0x0000000100000000)
  eden space 33280K, 0% used [0x00000000eaa80000,0x00000000eaa80000,0x00000000ecb00000)
  from space 5120K, 99% used [0x00000000ecb00000,0x00000000ecffdc88,0x00000000ed000000)
  to   space 5120K, 0% used [0x00000000ef080000,0x00000000ef080000,0x00000000ef580000)
 ParOldGen       total 86528K, used 1581K [0x00000000c0000000, 0x00000000c5480000, 0x00000000eaa80000)
  object space 86528K, 1% used [0x00000000c0000000,0x00000000c018b630,0x00000000c5480000)
 PSPermGen       total 21504K, used 5708K [0x00000000bae00000, 0x00000000bc300000, 0x00000000c0000000)
  object space 21504K, 26% used [0x00000000bae00000,0x00000000bb393390,0x00000000bc300000)
}
Event: 3.240 GC heap before
{Heap before GC invocations=2 (full 0):
 PSYoungGen      total 38400K, used 38391K [0x00000000eaa80000, 0x00000000ef580000, 0x0000000100000000)
  eden space 33280K, 100% used [0x00000000eaa80000,0x00000000ecb00000,0x00000000ecb00000)
  from space 5120K, 99% used [0x00000000ecb00000,0x00000000ecffdc88,0x00000000ed000000)
  to   space 5120K, 0% used [0x00000000ef080000,0x00000000ef080000,0x00000000ef580000)
 ParOldGen       total 86528K, used 1581K [0x00000000c0000000, 0x00000000c5480000, 0x00000000eaa80000)
  object space 86528K, 1% used [0x00000000c0000000,0x00000000c018b630,0x00000000c5480000)
 PSPermGen       total 21504K, used 5783K [0x00000000bae00000, 0x00000000bc300000, 0x00000000c0000000)
  object space 21504K, 26% used [0x00000000bae00000,0x00000000bb3a5d68,0x00000000bc300000)
Event: 3.627 GC heap after
Heap after GC invocations=2 (full 0):
 PSYoungGen      total 71680K, used 5090K [0x00000000eaa80000, 0x00000000ef580000, 0x0000000100000000)
  eden space 66560K, 0% used [0x00000000eaa80000,0x00000000eaa80000,0x00000000eeb80000)
  from space 5120K, 99% used [0x00000000ef080000,0x00000000ef578bd8,0x00000000ef580000)
  to   space 5120K, 0% used [0x00000000eeb80000,0x00000000eeb80000,0x00000000ef080000)
 ParOldGen       total 86528K, used 5894K [0x00000000c0000000, 0x00000000c5480000, 0x00000000eaa80000)
  object space 86528K, 6% used [0x00000000c0000000,0x00000000c05c1818,0x00000000c5480000)
 PSPermGen       total 21504K, used 5783K [0x00000000bae00000, 0x00000000bc300000, 0x00000000c0000000)
  object space 21504K, 26% used [0x00000000bae00000,0x00000000bb3a5d68,0x00000000bc300000)
}
Event: 5.548 GC heap before
{Heap before GC invocations=3 (full 0):
 PSYoungGen      total 71680K, used 71650K [0x00000000eaa80000, 0x00000000ef580000, 0x0000000100000000)
  eden space 66560K, 100% used [0x00000000eaa80000,0x00000000eeb80000,0x00000000eeb80000)
  from space 5120K, 99% used [0x00000000ef080000,0x00000000ef578bd8,0x00000000ef580000)
  to   space 5120K, 0% used [0x00000000eeb80000,0x00000000eeb80000,0x00000000ef080000)
 ParOldGen       total 86528K, used 5894K [0x00000000c0000000, 0x00000000c5480000, 0x00000000eaa80000)
  object space 86528K, 6% used [0x00000000c0000000,0x00000000c05c1818,0x00000000c5480000)
 PSPermGen       total 21504K, used 5826K [0x00000000bae00000, 0x00000000bc300000, 0x00000000c0000000)
  object space 21504K, 27% used [0x00000000bae00000,0x00000000bb3b0a30,0x00000000bc300000)
Event: 5.954 GC heap after
Heap after GC invocations=3 (full 0):
 PSYoungGen      total 71680K, used 5107K [0x00000000eaa80000, 0x00000000f3680000, 0x0000000100000000)
  eden space 66560K, 0% used [0x00000000eaa80000,0x00000000eaa80000,0x00000000eeb80000)
  from space 5120K, 99% used [0x00000000eeb80000,0x00000000ef07cc08,0x00000000ef080000)
  to   space 5120K, 0% used [0x00000000f3180000,0x00000000f3180000,0x00000000f3680000)
 ParOldGen       total 86528K, used 16060K [0x00000000c0000000, 0x00000000c5480000, 0x00000000eaa80000)
  object space 86528K, 18% used [0x00000000c0000000,0x00000000c0faf230,0x00000000c5480000)
 PSPermGen       total 21504K, used 5826K [0x00000000bae00000, 0x00000000bc300000, 0x00000000c0000000)
  object space 21504K, 27% used [0x00000000bae00000,0x00000000bb3b0a30,0x00000000bc300000)
}
Event: 8.271 GC heap before
{Heap before GC invocations=4 (full 0):
 PSYoungGen      total 71680K, used 71667K [0x00000000eaa80000, 0x00000000f3680000, 0x0000000100000000)
  eden space 66560K, 100% used [0x00000000eaa80000,0x00000000eeb80000,0x00000000eeb80000)
  from space 5120K, 99% used [0x00000000eeb80000,0x00000000ef07cc08,0x00000000ef080000)
  to   space 5120K, 0% used [0x00000000f3180000,0x00000000f3180000,0x00000000f3680000)
 ParOldGen       total 86528K, used 16060K [0x00000000c0000000, 0x00000000c5480000, 0x00000000eaa80000)
  object space 86528K, 18% used [0x00000000c0000000,0x00000000c0faf230,0x00000000c5480000)
 PSPermGen       total 21504K, used 5854K [0x00000000bae00000, 0x00000000bc300000, 0x00000000c0000000)
  object space 21504K, 27% used [0x00000000bae00000,0x00000000bb3b7a10,0x00000000bc300000)
Event: 8.365 GC heap after
Heap after GC invocations=4 (full 0):
 PSYoungGen      total 138240K, used 5106K [0x00000000eaa80000, 0x00000000f3680000, 0x0000000100000000)
  eden space 133120K, 0% used [0x00000000eaa80000,0x00000000eaa80000,0x00000000f2c80000)
  from space 5120K, 99% used [0x00000000f3180000,0x00000000f367cbe8,0x00000000f3680000)
  to   space 5120K, 0% used [0x00000000f2c80000,0x00000000f2c80000,0x00000000f3180000)
 ParOldGen       total 86528K, used 26092K [0x00000000c0000000, 0x00000000c5480000, 0x00000000eaa80000)
  object space 86528K, 30% used [0x00000000c0000000,0x00000000c197b3e0,0x00000000c5480000)
 PSPermGen       total 21504K, used 5854K [0x00000000bae00000, 0x00000000bc300000, 0x00000000c0000000)
  object space 21504K, 27% used [0x00000000bae00000,0x00000000bb3b7a10,0x00000000bc300000)
}

Deoptimization events (10 events):
Event: 7.214 Thread 0x000000000b26c000 Uncommon trap: reason=bimorphic action=maybe_recompile pc=0x0000000002f7b0d0 method=com.android.dx.cf.code.BytecodeArray.parseInstruction(ILcom/android/dx/cf/code/BytecodeArray$Visitor;)I @ 1501
Event: 7.216 Thread 0x000000000b26c000 Uncommon trap: reason=bimorphic action=maybe_recompile pc=0x0000000002f7b0d0 method=com.android.dx.cf.code.BytecodeArray.parseInstruction(ILcom/android/dx/cf/code/BytecodeArray$Visitor;)I @ 1501
Event: 7.871 Thread 0x000000000b26c000 Uncommon trap: reason=class_check action=maybe_recompile pc=0x0000000002f18a40 method=com.android.dx.cf.code.Ropper.processBlock(Lcom/android/dx/cf/code/ByteBlock;Lcom/android/dx/cf/code/Frame;[I)V @ 711
Event: 7.906 Thread 0x000000000b26c000 Uncommon trap: reason=bimorphic action=maybe_recompile pc=0x0000000002f977f4 method=com.android.dx.cf.code.BytecodeArray.parseInstruction(ILcom/android/dx/cf/code/BytecodeArray$Visitor;)I @ 2281
Event: 7.906 Thread 0x000000000b26c000 Uncommon trap: reason=bimorphic action=maybe_recompile pc=0x0000000002f977f4 method=com.android.dx.cf.code.BytecodeArray.parseInstruction(ILcom/android/dx/cf/code/BytecodeArray$Visitor;)I @ 2281
Event: 9.132 Thread 0x000000000b26c800 Uncommon trap: reason=class_check action=maybe_recompile pc=0x0000000002f18a40 method=com.android.dx.cf.code.Ropper.processBlock(Lcom/android/dx/cf/code/ByteBlock;Lcom/android/dx/cf/code/Frame;[I)V @ 711
Event: 9.309 Thread 0x000000000b2e4800 Uncommon trap: reason=bimorphic action=maybe_recompile pc=0x0000000002fa503c method=com.android.dx.cf.code.BytecodeArray.parseInstruction(ILcom/android/dx/cf/code/BytecodeArray$Visitor;)I @ 1357
Event: 9.310 Thread 0x000000000b2e4800 Uncommon trap: reason=bimorphic action=maybe_recompile pc=0x0000000002fa503c method=com.android.dx.cf.code.BytecodeArray.parseInstruction(ILcom/android/dx/cf/code/BytecodeArray$Visitor;)I @ 1357
Event: 9.584 Thread 0x000000000b26c800 Uncommon trap: reason=class_check action=maybe_recompile pc=0x0000000002f18a40 method=com.android.dx.cf.code.Ropper.processBlock(Lcom/android/dx/cf/code/ByteBlock;Lcom/android/dx/cf/code/Frame;[I)V @ 711
Event: 9.586 Thread 0x000000000b26c800 Uncommon trap: reason=class_check action=maybe_recompile pc=0x0000000002f18a40 method=com.android.dx.cf.code.Ropper.processBlock(Lcom/android/dx/cf/code/ByteBlock;Lcom/android/dx/cf/code/Frame;[I)V @ 711

Internal exceptions (10 events):
Event: 0.391 Thread 0x000000000b26f000 Threw 0x00000000eb512a20 at C:\re\jdk7u76\1941\hotspot\src\share\vm\prims\jvm.cpp:1304
Event: 0.653 Thread 0x0000000002b0d800 Implicit null exception at 0x0000000002d8cba3 to 0x0000000002d8cf95
Event: 1.033 Thread 0x0000000002b0d800 Implicit null exception at 0x0000000002d9e189 to 0x0000000002d9e905
Event: 1.167 Thread 0x0000000002b0d800 Threw 0x00000000ec389178 at C:\re\jdk7u76\1941\hotspot\src\share\vm\prims\jvm.cpp:1304
Event: 1.254 Thread 0x000000000b26c800 Implicit null exception at 0x0000000002da14d2 to 0x0000000002da15c5
Event: 2.546 Thread 0x0000000002b0d800 Threw 0x00000000eb236798 at C:\re\jdk7u76\1941\hotspot\src\share\vm\prims\jvm.cpp:1304
Event: 3.075 Thread 0x0000000002b0d800 Threw 0x00000000ec0c40d0 at C:\re\jdk7u76\1941\hotspot\src\share\vm\prims\jvm.cpp:1304
Event: 3.639 Thread 0x000000000b26f000 Implicit null exception at 0x0000000002e179a4 to 0x0000000002e199f1
Event: 4.110 Thread 0x0000000002b0d800 Implicit null exception at 0x0000000002e329af to 0x0000000002e33091
Event: 5.124 Thread 0x000000000b26c800 Threw 0x00000000ebcc3ac8 at C:\re\jdk7u76\1941\hotspot\src\share\vm\prims\jvm.cpp:1304

Events (10 events):
Event: 9.309 Thread 0x000000000b2e4800 DEOPT UNPACKING pc=0x0000000002d475a4 sp=0x000000000bb0e610 mode 2
Event: 9.310 Thread 0x000000000b2e4800 Uncommon trap: trap_request=0xffffffc6 fr.pc=0x0000000002fa503c
Event: 9.310 Thread 0x000000000b2e4800 DEOPT PACKING pc=0x0000000002fa503c sp=0x000000000bb0e6d0
Event: 9.310 Thread 0x000000000b2e4800 DEOPT UNPACKING pc=0x0000000002d475a4 sp=0x000000000bb0e670 mode 2
Event: 9.584 Thread 0x000000000b26c800 Uncommon trap: trap_request=0xffffffde fr.pc=0x0000000002f18a40
Event: 9.584 Thread 0x000000000b26c800 DEOPT PACKING pc=0x0000000002f18a40 sp=0x000000000be0ec00
Event: 9.584 Thread 0x000000000b26c800 DEOPT UNPACKING pc=0x0000000002d475a4 sp=0x000000000be0ebb0 mode 2
Event: 9.586 Thread 0x000000000b26c800 Uncommon trap: trap_request=0xffffffde fr.pc=0x0000000002f18a40
Event: 9.586 Thread 0x000000000b26c800 DEOPT PACKING pc=0x0000000002f18a40 sp=0x000000000be0ec00
Event: 9.586 Thread 0x000000000b26c800 DEOPT UNPACKING pc=0x0000000002d475a4 sp=0x000000000be0ebb0 mode 2


Dynamic libraries:
0x00007ff685050000 - 0x00007ff685083000 	C:\Program Files\Java\jdk1.7.0_76\bin\java.exe
0x00007ffa1f3c0000 - 0x00007ffa1f581000 	C:\WINDOWS\SYSTEM32\ntdll.dll
0x00007ffa1f310000 - 0x00007ffa1f3bd000 	C:\WINDOWS\system32\KERNEL32.DLL
0x00007ffa1be90000 - 0x00007ffa1c06d000 	C:\WINDOWS\system32\KERNELBASE.dll
0x00007ffa1ea00000 - 0x00007ffa1eaa6000 	C:\WINDOWS\system32\ADVAPI32.dll
0x00007ffa1f190000 - 0x00007ffa1f22d000 	C:\WINDOWS\system32\msvcrt.dll
0x00007ffa1ed60000 - 0x00007ffa1edbb000 	C:\WINDOWS\system32\sechost.dll
0x00007ffa1d180000 - 0x00007ffa1d2a6000 	C:\WINDOWS\system32\RPCRT4.dll
0x00007ffa1d370000 - 0x00007ffa1d4be000 	C:\WINDOWS\system32\USER32.dll
0x00007ffa1ee30000 - 0x00007ffa1efb6000 	C:\WINDOWS\system32\GDI32.dll
0x00007ffa17d70000 - 0x00007ffa17fe4000 	C:\WINDOWS\WinSxS\amd64_microsoft.windows.common-controls_6595b64144ccf1df_6.0.10240.16384_none_f41f7b285750ef43\COMCTL32.dll
0x00007ffa1d2b0000 - 0x00007ffa1d2e6000 	C:\WINDOWS\system32\IMM32.DLL
0x00007ffa1ce70000 - 0x00007ffa1cfcc000 	C:\WINDOWS\system32\MSCTF.dll
0x0000000069810000 - 0x00000000698e2000 	C:\Program Files\Java\jdk1.7.0_76\jre\bin\msvcr100.dll
0x0000000069d80000 - 0x000000006a555000 	C:\Program Files\Java\jdk1.7.0_76\jre\bin\server\jvm.dll
0x00007ffa1e9f0000 - 0x00007ffa1e9f8000 	C:\WINDOWS\system32\PSAPI.DLL
0x00007ffa19f20000 - 0x00007ffa19f29000 	C:\WINDOWS\SYSTEM32\WSOCK32.dll
0x00007ffa19e20000 - 0x00007ffa19e43000 	C:\WINDOWS\SYSTEM32\WINMM.dll
0x00007ffa1edc0000 - 0x00007ffa1ee29000 	C:\WINDOWS\system32\WS2_32.dll
0x00007ffa1cbe0000 - 0x00007ffa1cbe8000 	C:\WINDOWS\system32\NSI.dll
0x00000000029d0000 - 0x00000000029fc000 	C:\WINDOWS\SYSTEM32\WINMMBASE.dll
0x00007ffa1c990000 - 0x00007ffa1c9d4000 	C:\WINDOWS\system32\cfgmgr32.dll
0x00007ffa1a6c0000 - 0x00007ffa1a6e7000 	C:\WINDOWS\SYSTEM32\DEVOBJ.dll
0x0000000069c90000 - 0x0000000069c9f000 	C:\Program Files\Java\jdk1.7.0_76\jre\bin\verify.dll
0x0000000069c60000 - 0x0000000069c88000 	C:\Program Files\Java\jdk1.7.0_76\jre\bin\java.dll
0x0000000069c40000 - 0x0000000069c55000 	C:\Program Files\Java\jdk1.7.0_76\jre\bin\zip.dll
0x0000000069c20000 - 0x0000000069c3a000 	C:\Program Files\Java\jdk1.7.0_76\jre\bin\net.dll
0x00007ffa1b600000 - 0x00007ffa1b65d000 	C:\WINDOWS\system32\mswsock.dll
0x0000000069c00000 - 0x0000000069c11000 	C:\Program Files\Java\jdk1.7.0_76\jre\bin\nio.dll

VM Arguments:
jvm_args: -Xmx1024M -Dfile.encoding=windows-1252 -Duser.country=US -Duser.language=en -Duser.variant 
java_command: com.android.dx.command.Main --dex --num-threads=4 --output C:\Users\Xian\Desktop\watchface01\mobile\build\intermediates\pre-dexed\debug\classes-428f3e272163f2b37447ae20b544b1df8f758f76.jar C:\Users\Xian\Desktop\watchface01\mobile\build\intermediates\exploded-aar\com.google.android.gms\play-services-analytics\8.1.0\jars\classes.jar
Launcher Type: SUN_STANDARD

Environment Variables:
JAVA_HOME=C:\Program Files\Java\jdk1.7.0_76
CLASSPATH=.;C:\Program Files\Java\jdk1.7.0_76\lib;C:\Program Files\Java\jdk1.7.0_76\lib\tools.jar
PATH=C:\Python27\;C:\Python27\Scripts;C:\Program Files (x86)\Intel\iCLS Client\;C:\Program Files\Intel\iCLS Client\;C:\WINDOWS\system32;C:\WINDOWS;C:\WINDOWS\System32\Wbem;C:\WINDOWS\System32\WindowsPowerShell\v1.0\;C:\Program Files\Intel\Intel(R) Management Engine Components\DAL;C:\Program Files\Intel\Intel(R) Management Engine Components\IPT;C:\Program Files (x86)\Intel\Intel(R) Management Engine Components\DAL;C:\Program Files (x86)\Intel\Intel(R) Management Engine Components\IPT;C:\Program Files\MATLAB\R2013a\runtime\win64;C:\Program Files\MATLAB\R2013a\bin;C:\Program Files\Java\jdk1.7.0_76\bin;C:\Program Files\Java\jdk1.7.0_76\jre\bin;C:\Program Files (x86)\Android\android-sdk\platform-tools;C:\Program Files\Intel\WiFi\bin\;C:\Program Files\Common Files\Intel\WirelessCommon\;C:\Program Files (x86)\NVIDIA Corporation\PhysX\Common;C:\Program Files\TortoiseSVN\bin;C:\Users\Xian\AppData\Roaming\Python\Scripts;C:\Program Files (x86)\Android\android-sdk\platform-tools;C:\Users\Xian\AppData\Roaming\Python\Scripts;C:\Program Files\Intel\WiFi\bin\;C:\Program Files\Common Files\Intel\WirelessCommon\
USERNAME=Xian
OS=Windows_NT
PROCESSOR_IDENTIFIER=Intel64 Family 6 Model 60 Stepping 3, GenuineIntel



---------------  S Y S T E M  ---------------

OS: Windows 8.1 , 64 bit Build 9600 

CPU:total 8 (4 cores per cpu, 2 threads per core) family 6 model 60 stepping 3, cmov, cx8, fxsr, mmx, sse, sse2, sse3, ssse3, sse4.1, sse4.2, popcnt, avx, avx2, aes, erms, ht, tsc, tscinvbit

Memory: 4k page, physical 8298776k(2879388k free), swap 9347352k(5520k free)

vm_info: Java HotSpot(TM) 64-Bit Server VM (24.76-b04) for windows-amd64 JRE (1.7.0_76-b13), built on Dec 18 2014 16:31:25 by "java_re" with unknown MS VC++:1600

time: Sat Oct 31 14:19:34 2015
elapsed time: 9 seconds

