#
# There is insufficient memory for the Java Runtime Environment to continue.
# Native memory allocation (malloc) failed to allocate 65552 bytes for Chunk::new
# Possible reasons:
#   The system is out of physical RAM or swap space
#   In 32 bit mode, the process size limit was hit
# Possible solutions:
#   Reduce memory load on the system
#   Increase physical memory or swap space
#   Check if swap backing store is full
#   Use 64 bit Java on a 64 bit OS
#   Decrease Java heap size (-Xmx/-Xms)
#   Decrease number of Java threads
#   Decrease Java thread stack sizes (-Xss)
#   Set larger code cache with -XX:ReservedCodeCacheSize=
# This output file may be truncated or incomplete.
#
#  Out of Memory Error (allocation.cpp:323), pid=2272, tid=7316
#
# JRE version: Java(TM) SE Runtime Environment (7.0_76-b13) (build 1.7.0_76-b13)
# Java VM: Java HotSpot(TM) 64-Bit Server VM (24.76-b04 mixed mode windows-amd64 compressed oops)
# Failed to write core dump. Minidumps are not enabled by default on client versions of Windows
#

---------------  T H R E A D  ---------------

Current thread (0x0000000002aae000):  JavaThread "C2 CompilerThread0" daemon [_thread_in_native, id=7316, stack(0x000000000b3e0000,0x000000000b4e0000)]

Stack: [0x000000000b3e0000,0x000000000b4e0000]
[error occurred during error reporting (printing stack bounds), id 0xc0000005]


[error occurred during error reporting (printing native stack), id 0xc0000005]


Current CompileTask:
C2:   1699  181             com.android.dx.ssa.SCCP::run (298 bytes)


---------------  P R O C E S S  ---------------

Java Threads: ( => current thread )
  0x000000000af7d000 JavaThread "pool-1-thread-4" [_thread_blocked, id=7372, stack(0x000000000bbe0000,0x000000000bce0000)]
  0x000000000afa5800 JavaThread "pool-1-thread-3" [_thread_in_Java, id=8472, stack(0x000000000bae0000,0x000000000bbe0000)]
  0x000000000afc0800 JavaThread "pool-1-thread-2" [_thread_blocked, id=9164, stack(0x000000000b9e0000,0x000000000bae0000)]
  0x000000000af29800 JavaThread "pool-2-thread-1" [_thread_blocked, id=9884, stack(0x000000000b8e0000,0x000000000b9e0000)]
  0x000000000af28800 JavaThread "pool-1-thread-1" [_thread_in_Java, id=9760, stack(0x000000000b7e0000,0x000000000b8e0000)]
  0x0000000002ab2800 JavaThread "Service Thread" daemon [_thread_blocked, id=3820, stack(0x000000000b5e0000,0x000000000b6e0000)]
  0x0000000002ab0000 JavaThread "C2 CompilerThread1" daemon [_thread_in_native, id=4880, stack(0x000000000b4e0000,0x000000000b5e0000)]
=>0x0000000002aae000 JavaThread "C2 CompilerThread0" daemon [_thread_in_native, id=7316, stack(0x000000000b3e0000,0x000000000b4e0000)]
  0x0000000002aad000 JavaThread "Attach Listener" daemon [_thread_blocked, id=5924, stack(0x000000000b2e0000,0x000000000b3e0000)]
  0x000000000ae01000 JavaThread "Signal Dispatcher" daemon [_thread_blocked, id=5732, stack(0x000000000b1e0000,0x000000000b2e0000)]
  0x0000000008e20000 JavaThread "Finalizer" daemon [_thread_blocked, id=9788, stack(0x000000000ace0000,0x000000000ade0000)]
  0x0000000008e19000 JavaThread "Reference Handler" daemon [_thread_blocked, id=9088, stack(0x000000000abe0000,0x000000000ace0000)]
  0x00000000029bd800 JavaThread "main" [_thread_blocked, id=9144, stack(0x00000000028a0000,0x00000000029a0000)]

Other Threads:
  0x0000000008e15800 VMThread [stack: 0x000000000aae0000,0x000000000abe0000] [id=2992]
  0x000000000ae12000 WatcherThread [stack: 0x000000000b6e0000,0x000000000b7e0000] [id=5100]

VM state:not at safepoint (normal execution)

VM Mutex/Monitor currently owned by a thread: None

Heap
 PSYoungGen      total 38400K, used 28248K [0x00000000eaa80000, 0x00000000ed500000, 0x0000000100000000)
  eden space 33280K, 84% used [0x00000000eaa80000,0x00000000ec616358,0x00000000ecb00000)
  from space 5120K, 0% used [0x00000000ed000000,0x00000000ed000000,0x00000000ed500000)
  to   space 5120K, 0% used [0x00000000ecb00000,0x00000000ecb00000,0x00000000ed000000)
 ParOldGen       total 86528K, used 0K [0x00000000c0000000, 0x00000000c5480000, 0x00000000eaa80000)
  object space 86528K, 0% used [0x00000000c0000000,0x00000000c0000000,0x00000000c5480000)
 PSPermGen       total 21504K, used 5695K [0x00000000bae00000, 0x00000000bc300000, 0x00000000c0000000)
  object space 21504K, 26% used [0x00000000bae00000,0x00000000bb38fe00,0x00000000bc300000)

Card table byte_map: [0x0000000005b90000,0x0000000005dc0000] byte_map_base: 0x00000000055b9000

Polling page: 0x0000000001260000

Code Cache  [0x0000000002ad0000, 0x0000000002d40000, 0x0000000005ad0000)
 total_blobs=434 nmethods=197 adapters=189 free_code_cache=48329Kb largest_free_block=49461760

Compilation events (10 events):
Event: 1.539 Thread 0x0000000002ab0000 nmethod 193 0x0000000002b75390 code [0x0000000002b75500, 0x0000000002b75668]
Event: 1.539 Thread 0x0000000002ab0000  194             com.android.dx.util.Bits::makeBitSet (11 bytes)
Event: 1.540 Thread 0x0000000002ab0000 nmethod 194 0x0000000002b74fd0 code [0x0000000002b75120, 0x0000000002b75218]
Event: 1.540 Thread 0x0000000002ab0000  195             com.android.dx.ssa.SsaBasicBlock::forEachPhiInsn (54 bytes)
Event: 1.546 Thread 0x0000000002ab0000 nmethod 195 0x0000000002b98390 code [0x0000000002b98520, 0x0000000002b988e8]
Event: 1.546 Thread 0x0000000002ab0000  196             com.android.dx.rop.code.PlainInsn::<init> (73 bytes)
Event: 1.548 Thread 0x0000000002ab0000 nmethod 196 0x0000000002b73510 code [0x0000000002b73660, 0x0000000002b73798]
Event: 1.548 Thread 0x0000000002ab0000  197             com.android.dx.ssa.DeadCodeRemover::isCircularNoSideEffect (140 bytes)
Event: 1.617 Thread 0x0000000002ab0000 nmethod 197 0x0000000002ba1490 code [0x0000000002ba16c0, 0x0000000002ba2740]
Event: 1.618 Thread 0x0000000002ab0000  198             com.android.dx.ssa.SCCP::simulatePhi (169 bytes)

GC Heap History (0 events):
No events

Deoptimization events (2 events):
Event: 0.798 Thread 0x000000000afa5800 Uncommon trap: reason=null_check action=make_not_entrant pc=0x0000000002b4c7bc method=com.android.dx.rop.code.LocalItem.equals(Ljava/lang/Object;)Z @ 1
Event: 1.031 Thread 0x000000000afa5800 Uncommon trap: reason=class_check action=maybe_recompile pc=0x0000000002b610b0 method=com.android.dx.ssa.NormalSsaInsn.accept(Lcom/android/dx/ssa/SsaInsn$Visitor;)V @ 9

Internal exceptions (10 events):
Event: 0.598 Thread 0x000000000afc0800 Threw 0x00000000eb3eba10 at C:\re\jdk7u76\1941\hotspot\src\share\vm\prims\jvm.cpp:1304
Event: 0.599 Thread 0x000000000af7d000 Threw 0x00000000eb0d3368 at C:\re\jdk7u76\1941\hotspot\src\share\vm\prims\jvm.cpp:1304
Event: 0.600 Thread 0x000000000afc0800 Threw 0x00000000eb3f48f8 at C:\re\jdk7u76\1941\hotspot\src\share\vm\prims\jvm.cpp:1304
Event: 0.603 Thread 0x000000000af7d000 Threw 0x00000000eb0e0b58 at C:\re\jdk7u76\1941\hotspot\src\share\vm\prims\jvm.cpp:1304
Event: 0.606 Thread 0x00000000029bd800 Threw 0x00000000eb4a3720 at C:\re\jdk7u76\1941\hotspot\src\share\vm\prims\jvm.cpp:1304
Event: 0.607 Thread 0x000000000af7d000 Threw 0x00000000eb0ea668 at C:\re\jdk7u76\1941\hotspot\src\share\vm\prims\jvm.cpp:1304
Event: 0.776 Thread 0x00000000029bd800 Threw 0x00000000eb7d8078 at C:\re\jdk7u76\1941\hotspot\src\share\vm\prims\jvm.cpp:1304
Event: 0.777 Thread 0x00000000029bd800 Threw 0x00000000eb7dbbe8 at C:\re\jdk7u76\1941\hotspot\src\share\vm\prims\jvm.cpp:1304
Event: 0.798 Thread 0x000000000afa5800 Implicit null exception at 0x0000000002b4c3b2 to 0x0000000002b4c7a1
Event: 1.024 Thread 0x000000000afa5800 Threw 0x00000000ebac0178 at C:\re\jdk7u76\1941\hotspot\src\share\vm\prims\jvm.cpp:1304

Events (10 events):
Event: 0.798 Thread 0x000000000afa5800 DEOPT UNPACKING pc=0x0000000002b075a4 sp=0x000000000bbde730 mode 2
Event: 1.024 loading class 0x000000000ae31370
Event: 1.024 loading class 0x000000000ae31370 done
Event: 1.031 loading class 0x000000000ae05410
Event: 1.031 loading class 0x000000000ae05410 done
Event: 1.031 loading class 0x000000000ae053e0
Event: 1.031 loading class 0x000000000ae053e0 done
Event: 1.031 Thread 0x000000000afa5800 Uncommon trap: trap_request=0xffffffde fr.pc=0x0000000002b610b0
Event: 1.031 Thread 0x000000000afa5800 DEOPT PACKING pc=0x0000000002b610b0 sp=0x000000000bbde8a0
Event: 1.032 Thread 0x000000000afa5800 DEOPT UNPACKING pc=0x0000000002b075a4 sp=0x000000000bbde7e0 mode 2


Dynamic libraries:
0x00007ff685050000 - 0x00007ff685083000 	C:\Program Files\Java\jdk1.7.0_76\bin\java.exe
0x00007ffa1f3c0000 - 0x00007ffa1f581000 	C:\WINDOWS\SYSTEM32\ntdll.dll
0x00007ffa1f310000 - 0x00007ffa1f3bd000 	C:\WINDOWS\system32\KERNEL32.DLL
0x00007ffa1be90000 - 0x00007ffa1c06d000 	C:\WINDOWS\system32\KERNELBASE.dll
0x00007ffa1ea00000 - 0x00007ffa1eaa6000 	C:\WINDOWS\system32\ADVAPI32.dll
0x00007ffa1f190000 - 0x00007ffa1f22d000 	C:\WINDOWS\system32\msvcrt.dll
0x00007ffa1ed60000 - 0x00007ffa1edbb000 	C:\WINDOWS\system32\sechost.dll
0x00007ffa1d180000 - 0x00007ffa1d2a6000 	C:\WINDOWS\system32\RPCRT4.dll
0x00007ffa1d370000 - 0x00007ffa1d4be000 	C:\WINDOWS\system32\USER32.dll
0x00007ffa1ee30000 - 0x00007ffa1efb6000 	C:\WINDOWS\system32\GDI32.dll
0x00007ffa17d70000 - 0x00007ffa17fe4000 	C:\WINDOWS\WinSxS\amd64_microsoft.windows.common-controls_6595b64144ccf1df_6.0.10240.16384_none_f41f7b285750ef43\COMCTL32.dll
0x00007ffa1d2b0000 - 0x00007ffa1d2e6000 	C:\WINDOWS\system32\IMM32.DLL
0x00007ffa1ce70000 - 0x00007ffa1cfcc000 	C:\WINDOWS\system32\MSCTF.dll
0x0000000069b30000 - 0x0000000069c02000 	C:\Program Files\Java\jdk1.7.0_76\jre\bin\msvcr100.dll
0x0000000069d80000 - 0x000000006a555000 	C:\Program Files\Java\jdk1.7.0_76\jre\bin\server\jvm.dll
0x00007ffa1e9f0000 - 0x00007ffa1e9f8000 	C:\WINDOWS\system32\PSAPI.DLL
0x00007ffa19f20000 - 0x00007ffa19f29000 	C:\WINDOWS\SYSTEM32\WSOCK32.dll
0x00007ffa1edc0000 - 0x00007ffa1ee29000 	C:\WINDOWS\system32\WS2_32.dll
0x00007ffa1cbe0000 - 0x00007ffa1cbe8000 	C:\WINDOWS\system32\NSI.dll
0x00007ffa19e20000 - 0x00007ffa19e43000 	C:\WINDOWS\SYSTEM32\WINMM.dll
0x00007ffa19dc0000 - 0x00007ffa19dec000 	C:\WINDOWS\SYSTEM32\WINMMBASE.dll
0x00007ffa1c990000 - 0x00007ffa1c9d4000 	C:\WINDOWS\system32\cfgmgr32.dll
0x00007ffa1a6c0000 - 0x00007ffa1a6e7000 	C:\WINDOWS\SYSTEM32\DEVOBJ.dll
0x000000006a7f0000 - 0x000000006a7ff000 	C:\Program Files\Java\jdk1.7.0_76\jre\bin\verify.dll
0x000000006a7c0000 - 0x000000006a7e8000 	C:\Program Files\Java\jdk1.7.0_76\jre\bin\java.dll
0x000000006a7a0000 - 0x000000006a7b5000 	C:\Program Files\Java\jdk1.7.0_76\jre\bin\zip.dll
0x000000006a780000 - 0x000000006a79a000 	C:\Program Files\Java\jdk1.7.0_76\jre\bin\net.dll
0x00007ffa1b600000 - 0x00007ffa1b65d000 	C:\WINDOWS\system32\mswsock.dll
0x000000006a760000 - 0x000000006a771000 	C:\Program Files\Java\jdk1.7.0_76\jre\bin\nio.dll

VM Arguments:
jvm_args: -Xmx1024M -Dfile.encoding=windows-1252 -Duser.country=US -Duser.language=en -Duser.variant 
java_command: com.android.dx.command.Main --dex --num-threads=4 --output C:\Users\Xian\Desktop\watchface01\mobile\build\intermediates\pre-dexed\release\classes-a4ef195a4849a09c0c975b369aee8c277b0feab5.jar C:\Users\Xian\Desktop\watchface01\mobile\build\intermediates\exploded-aar\com.google.android.gms\play-services-vision\8.1.0\jars\classes.jar
Launcher Type: SUN_STANDARD

Environment Variables:
JAVA_HOME=C:\Program Files\Java\jdk1.7.0_76
CLASSPATH=.;C:\Program Files\Java\jdk1.7.0_76\lib;C:\Program Files\Java\jdk1.7.0_76\lib\tools.jar
PATH=C:\Python27\;C:\Python27\Scripts;C:\Program Files (x86)\Intel\iCLS Client\;C:\Program Files\Intel\iCLS Client\;C:\WINDOWS\system32;C:\WINDOWS;C:\WINDOWS\System32\Wbem;C:\WINDOWS\System32\WindowsPowerShell\v1.0\;C:\Program Files\Intel\Intel(R) Management Engine Components\DAL;C:\Program Files\Intel\Intel(R) Management Engine Components\IPT;C:\Program Files (x86)\Intel\Intel(R) Management Engine Components\DAL;C:\Program Files (x86)\Intel\Intel(R) Management Engine Components\IPT;C:\Program Files\MATLAB\R2013a\runtime\win64;C:\Program Files\MATLAB\R2013a\bin;C:\Program Files\Java\jdk1.7.0_76\bin;C:\Program Files\Java\jdk1.7.0_76\jre\bin;C:\Program Files (x86)\Android\android-sdk\platform-tools;C:\Program Files\Intel\WiFi\bin\;C:\Program Files\Common Files\Intel\WirelessCommon\;C:\Program Files (x86)\NVIDIA Corporation\PhysX\Common;C:\Program Files\TortoiseSVN\bin;C:\Users\Xian\AppData\Roaming\Python\Scripts;C:\Program Files (x86)\Android\android-sdk\platform-tools;C:\Users\Xian\AppData\Roaming\Python\Scripts;C:\Program Files\Intel\WiFi\bin\;C:\Program Files\Common Files\Intel\WirelessCommon\
USERNAME=Xian
OS=Windows_NT
PROCESSOR_IDENTIFIER=Intel64 Family 6 Model 60 Stepping 3, GenuineIntel



---------------  S Y S T E M  ---------------

OS: Windows 8.1 , 64 bit Build 9600 

CPU:total 8 (4 cores per cpu, 2 threads per core) family 6 model 60 stepping 3, cmov, cx8, fxsr, mmx, sse, sse2, sse3, ssse3, sse4.1, sse4.2, popcnt, avx, avx2, aes, erms, ht, tsc, tscinvbit

Memory: 4k page, physical 8298776k(3184068k free), swap 9347352k(5168k free)

vm_info: Java HotSpot(TM) 64-Bit Server VM (24.76-b04) for windows-amd64 JRE (1.7.0_76-b13), built on Dec 18 2014 16:31:25 by "java_re" with unknown MS VC++:1600

time: Sat Oct 31 14:29:19 2015
elapsed time: 1 seconds

