#
# There is insufficient memory for the Java Runtime Environment to continue.
# Native memory allocation (malloc) failed to allocate 32744 bytes for ChunkPool::allocate
# Possible reasons:
#   The system is out of physical RAM or swap space
#   In 32 bit mode, the process size limit was hit
# Possible solutions:
#   Reduce memory load on the system
#   Increase physical memory or swap space
#   Check if swap backing store is full
#   Use 64 bit Java on a 64 bit OS
#   Decrease Java heap size (-Xmx/-Xms)
#   Decrease number of Java threads
#   Decrease Java thread stack sizes (-Xss)
#   Set larger code cache with -XX:ReservedCodeCacheSize=
# This output file may be truncated or incomplete.
#
#  Out of Memory Error (allocation.cpp:211), pid=8232, tid=8636
#
# JRE version: Java(TM) SE Runtime Environment (7.0_76-b13) (build 1.7.0_76-b13)
# Java VM: Java HotSpot(TM) 64-Bit Server VM (24.76-b04 mixed mode windows-amd64 compressed oops)
# Failed to write core dump. Minidumps are not enabled by default on client versions of Windows
#

---------------  T H R E A D  ---------------

Current thread (0x0000000002bbd800):  JavaThread "main" [_thread_in_vm, id=8636, stack(0x0000000002ce0000,0x0000000002de0000)]

Stack: [0x0000000002ce0000,0x0000000002de0000]
[error occurred during error reporting (printing stack bounds), id 0xc0000005]


[error occurred during error reporting (printing native stack), id 0xc0000005]

Java frames: (J=compiled Java code, j=interpreted, Vv=VM code)
j  java.lang.ClassLoader.defineClass1(Ljava/lang/String;[BIILjava/security/ProtectionDomain;Ljava/lang/String;)Ljava/lang/Class;+0
j  java.lang.ClassLoader.defineClass(Ljava/lang/String;[BIILjava/security/ProtectionDomain;)Ljava/lang/Class;+30
j  java.security.SecureClassLoader.defineClass(Ljava/lang/String;[BIILjava/security/CodeSource;)Ljava/lang/Class;+12
j  java.net.URLClassLoader.defineClass(Ljava/lang/String;Lsun/misc/Resource;)Ljava/lang/Class;+220
j  java.net.URLClassLoader.access$100(Ljava/net/URLClassLoader;Ljava/lang/String;Lsun/misc/Resource;)Ljava/lang/Class;+3
j  java.net.URLClassLoader$1.run()Ljava/lang/Class;+43
j  java.net.URLClassLoader$1.run()Ljava/lang/Object;+1
v  ~StubRoutines::call_stub
j  java.security.AccessController.doPrivileged(Ljava/security/PrivilegedExceptionAction;Ljava/security/AccessControlContext;)Ljava/lang/Object;+0
j  java.net.URLClassLoader.findClass(Ljava/lang/String;)Ljava/lang/Class;+13
j  java.lang.ClassLoader.loadClass(Ljava/lang/String;Z)Ljava/lang/Class;+70
j  sun.misc.Launcher$AppClassLoader.loadClass(Ljava/lang/String;Z)Ljava/lang/Class;+36
j  java.lang.ClassLoader.loadClass(Ljava/lang/String;)Ljava/lang/Class;+3
v  ~StubRoutines::call_stub
j  com.android.dx.command.Main.main([Ljava/lang/String;)V+61
v  ~StubRoutines::call_stub

---------------  P R O C E S S  ---------------

Java Threads: ( => current thread )
  0x0000000002fd2800 JavaThread "Service Thread" daemon [_thread_new, id=6196, stack(0x0000000000000000,0x0000000000000000)]
  0x0000000002fcf800 JavaThread "C2 CompilerThread1" daemon [_thread_blocked, id=5704, stack(0x000000000b9b0000,0x000000000bab0000)]
  0x0000000002fce000 JavaThread "C2 CompilerThread0" daemon [_thread_blocked, id=3776, stack(0x000000000b8b0000,0x000000000b9b0000)]
  0x0000000002fcd000 JavaThread "Attach Listener" daemon [_thread_new, id=7968, stack(0x0000000000000000,0x0000000000000000)]
  0x0000000002fc8000 JavaThread "Signal Dispatcher" daemon [_thread_new, id=3624, stack(0x0000000000000000,0x0000000000000000)]
  0x00000000092e0000 JavaThread "Finalizer" daemon [_thread_blocked, id=3052, stack(0x000000000b1b0000,0x000000000b2b0000)]
  0x00000000092d9000 JavaThread "Reference Handler" daemon [_thread_blocked, id=3832, stack(0x000000000b0b0000,0x000000000b1b0000)]
=>0x0000000002bbd800 JavaThread "main" [_thread_in_vm, id=8636, stack(0x0000000002ce0000,0x0000000002de0000)]

Other Threads:
  0x00000000092d5800 VMThread [stack: 0x000000000afb0000,0x000000000b0b0000] [id=10008]
  0x000000000b2da000 WatcherThread [stack: 0x000000000bbb0000,0x000000000bcb0000] [id=5072]

VM state:not at safepoint (normal execution)

VM Mutex/Monitor currently owned by a thread: None

Heap
 PSYoungGen      total 38400K, used 1331K [0x00000000eaa80000, 0x00000000ed500000, 0x0000000100000000)
  eden space 33280K, 4% used [0x00000000eaa80000,0x00000000eabccdb8,0x00000000ecb00000)
  from space 5120K, 0% used [0x00000000ed000000,0x00000000ed000000,0x00000000ed500000)
  to   space 5120K, 0% used [0x00000000ecb00000,0x00000000ecb00000,0x00000000ed000000)
 ParOldGen       total 86528K, used 0K [0x00000000c0000000, 0x00000000c5480000, 0x00000000eaa80000)
  object space 86528K, 0% used [0x00000000c0000000,0x00000000c0000000,0x00000000c5480000)
 PSPermGen       total 21504K, used 2777K [0x00000000bae00000, 0x00000000bc300000, 0x00000000c0000000)
  object space 21504K, 12% used [0x00000000bae00000,0x00000000bb0b6588,0x00000000bc300000)

Card table byte_map: [0x00000000060a0000,0x00000000062d0000] byte_map_base: 0x0000000005ac9000

Polling page: 0x0000000002ba0000

Code Cache  [0x0000000002fe0000, 0x0000000003250000, 0x0000000005fe0000)
 total_blobs=169 nmethods=0 adapters=137 free_code_cache=48772Kb largest_free_block=49942592

Compilation events (0 events):
No events

GC Heap History (0 events):
No events

Deoptimization events (0 events):
No events

Internal exceptions (10 events):
Event: 0.188 Thread 0x0000000002bbd800 Threw 0x00000000eaa8a788 at C:\re\jdk7u76\1941\hotspot\src\share\vm\prims\jni.cpp:3991
Event: 0.262 Thread 0x0000000002bbd800 Threw 0x00000000eaacd8f0 at C:\re\jdk7u76\1941\hotspot\src\share\vm\prims\jvm.cpp:1304
Event: 0.278 Thread 0x0000000002bbd800 Threw 0x00000000eaadeb58 at C:\re\jdk7u76\1941\hotspot\src\share\vm\prims\jvm.cpp:1304
Event: 0.279 Thread 0x0000000002bbd800 Threw 0x00000000eaae2920 at C:\re\jdk7u76\1941\hotspot\src\share\vm\prims\jvm.cpp:1304
Event: 0.284 Thread 0x0000000002bbd800 Threw 0x00000000eaafb6f0 at C:\re\jdk7u76\1941\hotspot\src\share\vm\prims\jvm.cpp:1304
Event: 0.285 Thread 0x0000000002bbd800 Threw 0x00000000eaafd600 at C:\re\jdk7u76\1941\hotspot\src\share\vm\prims\jvm.cpp:1304
Event: 0.286 Thread 0x0000000002bbd800 Threw 0x00000000eab00f28 at C:\re\jdk7u76\1941\hotspot\src\share\vm\prims\jvm.cpp:1304
Event: 0.286 Thread 0x0000000002bbd800 Threw 0x00000000eab032e8 at C:\re\jdk7u76\1941\hotspot\src\share\vm\prims\jvm.cpp:1304
Event: 0.287 Thread 0x0000000002bbd800 Threw 0x00000000eab066b8 at C:\re\jdk7u76\1941\hotspot\src\share\vm\prims\jvm.cpp:1304
Event: 0.290 Thread 0x0000000002bbd800 Threw 0x00000000eab08f38 at C:\re\jdk7u76\1941\hotspot\src\share\vm\prims\jvm.cpp:1304

Events (10 events):
Event: 0.287 loading class 0x000000000b2ed9f0
Event: 0.287 loading class 0x000000000b2ed9f0 done
Event: 0.287 loading class 0x000000000b2ecef0
Event: 0.287 loading class 0x000000000b2dd1c0
Event: 0.287 loading class 0x000000000b2dd1c0 done
Event: 0.287 loading class 0x000000000b2ecef0 done
Event: 0.287 loading class 0x000000000b2ee770
Event: 0.287 loading class 0x000000000b2ee770 done
Event: 0.289 loading class 0x000000000b2ed070
Event: 0.289 loading class 0x000000000b2ed070 done


Dynamic libraries:
0x00007ff685050000 - 0x00007ff685083000 	C:\Program Files\Java\jdk1.7.0_76\bin\java.exe
0x00007ffa1f3c0000 - 0x00007ffa1f581000 	C:\WINDOWS\SYSTEM32\ntdll.dll
0x00007ffa1f310000 - 0x00007ffa1f3bd000 	C:\WINDOWS\system32\KERNEL32.DLL
0x00007ffa1be90000 - 0x00007ffa1c06d000 	C:\WINDOWS\system32\KERNELBASE.dll
0x00007ffa1ea00000 - 0x00007ffa1eaa6000 	C:\WINDOWS\system32\ADVAPI32.dll
0x00007ffa1f190000 - 0x00007ffa1f22d000 	C:\WINDOWS\system32\msvcrt.dll
0x00007ffa1ed60000 - 0x00007ffa1edbb000 	C:\WINDOWS\system32\sechost.dll
0x00007ffa1d180000 - 0x00007ffa1d2a6000 	C:\WINDOWS\system32\RPCRT4.dll
0x00007ffa1d370000 - 0x00007ffa1d4be000 	C:\WINDOWS\system32\USER32.dll
0x00007ffa1ee30000 - 0x00007ffa1efb6000 	C:\WINDOWS\system32\GDI32.dll
0x00007ffa17d70000 - 0x00007ffa17fe4000 	C:\WINDOWS\WinSxS\amd64_microsoft.windows.common-controls_6595b64144ccf1df_6.0.10240.16384_none_f41f7b285750ef43\COMCTL32.dll
0x00007ffa1d2b0000 - 0x00007ffa1d2e6000 	C:\WINDOWS\system32\IMM32.DLL
0x00007ffa1ce70000 - 0x00007ffa1cfcc000 	C:\WINDOWS\system32\MSCTF.dll
0x0000000069b30000 - 0x0000000069c02000 	C:\Program Files\Java\jdk1.7.0_76\jre\bin\msvcr100.dll
0x0000000069d80000 - 0x000000006a555000 	C:\Program Files\Java\jdk1.7.0_76\jre\bin\server\jvm.dll
0x00007ffa1e9f0000 - 0x00007ffa1e9f8000 	C:\WINDOWS\system32\PSAPI.DLL
0x00007ffa19f20000 - 0x00007ffa19f29000 	C:\WINDOWS\SYSTEM32\WSOCK32.dll
0x00007ffa1edc0000 - 0x00007ffa1ee29000 	C:\WINDOWS\system32\WS2_32.dll
0x00007ffa1cbe0000 - 0x00007ffa1cbe8000 	C:\WINDOWS\system32\NSI.dll
0x00007ffa19e20000 - 0x00007ffa19e43000 	C:\WINDOWS\SYSTEM32\WINMM.dll
0x00007ffa19dc0000 - 0x00007ffa19dec000 	C:\WINDOWS\SYSTEM32\WINMMBASE.dll
0x00007ffa1c990000 - 0x00007ffa1c9d4000 	C:\WINDOWS\system32\cfgmgr32.dll
0x00007ffa1a6c0000 - 0x00007ffa1a6e7000 	C:\WINDOWS\SYSTEM32\DEVOBJ.dll
0x000000006a7f0000 - 0x000000006a7ff000 	C:\Program Files\Java\jdk1.7.0_76\jre\bin\verify.dll
0x000000006a7c0000 - 0x000000006a7e8000 	C:\Program Files\Java\jdk1.7.0_76\jre\bin\java.dll
0x000000006a7a0000 - 0x000000006a7b5000 	C:\Program Files\Java\jdk1.7.0_76\jre\bin\zip.dll

VM Arguments:
jvm_args: -Xmx1024M -Dfile.encoding=windows-1252 -Duser.country=US -Duser.language=en -Duser.variant 
java_command: com.android.dx.command.Main --dex --num-threads=4 --output C:\Users\Xian\Desktop\watchface01\mobile\build\intermediates\pre-dexed\release\classes-ba449ceb0dcea10cbc96e886a35859f5403ba484.jar C:\Users\Xian\Desktop\watchface01\mobile\build\intermediates\exploded-aar\com.google.android.gms\play-services-panorama\8.1.0\jars\classes.jar
Launcher Type: SUN_STANDARD

Environment Variables:
JAVA_HOME=C:\Program Files\Java\jdk1.7.0_76
CLASSPATH=.;C:\Program Files\Java\jdk1.7.0_76\lib;C:\Program Files\Java\jdk1.7.0_76\lib\tools.jar
PATH=C:\Python27\;C:\Python27\Scripts;C:\Program Files (x86)\Intel\iCLS Client\;C:\Program Files\Intel\iCLS Client\;C:\WINDOWS\system32;C:\WINDOWS;C:\WINDOWS\System32\Wbem;C:\WINDOWS\System32\WindowsPowerShell\v1.0\;C:\Program Files\Intel\Intel(R) Management Engine Components\DAL;C:\Program Files\Intel\Intel(R) Management Engine Components\IPT;C:\Program Files (x86)\Intel\Intel(R) Management Engine Components\DAL;C:\Program Files (x86)\Intel\Intel(R) Management Engine Components\IPT;C:\Program Files\MATLAB\R2013a\runtime\win64;C:\Program Files\MATLAB\R2013a\bin;C:\Program Files\Java\jdk1.7.0_76\bin;C:\Program Files\Java\jdk1.7.0_76\jre\bin;C:\Program Files (x86)\Android\android-sdk\platform-tools;C:\Program Files\Intel\WiFi\bin\;C:\Program Files\Common Files\Intel\WirelessCommon\;C:\Program Files (x86)\NVIDIA Corporation\PhysX\Common;C:\Program Files\TortoiseSVN\bin;C:\Users\Xian\AppData\Roaming\Python\Scripts;C:\Program Files (x86)\Android\android-sdk\platform-tools;C:\Users\Xian\AppData\Roaming\Python\Scripts;C:\Program Files\Intel\WiFi\bin\;C:\Program Files\Common Files\Intel\WirelessCommon\
USERNAME=Xian
OS=Windows_NT
PROCESSOR_IDENTIFIER=Intel64 Family 6 Model 60 Stepping 3, GenuineIntel



---------------  S Y S T E M  ---------------

OS: Windows 8.1 , 64 bit Build 9600 

CPU:total 8 (4 cores per cpu, 2 threads per core) family 6 model 60 stepping 3, cmov, cx8, fxsr, mmx, sse, sse2, sse3, ssse3, sse4.1, sse4.2, popcnt, avx, avx2, aes, erms, ht, tsc, tscinvbit

Memory: 4k page, physical 8298776k(3160192k free), swap 9347352k(6356k free)

vm_info: Java HotSpot(TM) 64-Bit Server VM (24.76-b04) for windows-amd64 JRE (1.7.0_76-b13), built on Dec 18 2014 16:31:25 by "java_re" with unknown MS VC++:1600

time: Sat Oct 31 14:31:04 2015
elapsed time: 0 seconds

