#
# There is insufficient memory for the Java Runtime Environment to continue.
# Native memory allocation (malloc) failed to allocate 70800 bytes for Chunk::new
# Possible reasons:
#   The system is out of physical RAM or swap space
#   In 32 bit mode, the process size limit was hit
# Possible solutions:
#   Reduce memory load on the system
#   Increase physical memory or swap space
#   Check if swap backing store is full
#   Use 64 bit Java on a 64 bit OS
#   Decrease Java heap size (-Xmx/-Xms)
#   Decrease number of Java threads
#   Decrease Java thread stack sizes (-Xss)
#   Set larger code cache with -XX:ReservedCodeCacheSize=
# This output file may be truncated or incomplete.
#
#  Out of Memory Error (allocation.cpp:323), pid=7912, tid=4876
#
# JRE version: Java(TM) SE Runtime Environment (7.0_76-b13) (build 1.7.0_76-b13)
# Java VM: Java HotSpot(TM) 64-Bit Server VM (24.76-b04 mixed mode windows-amd64 compressed oops)
# Failed to write core dump. Minidumps are not enabled by default on client versions of Windows
#

---------------  T H R E A D  ---------------

Current thread (0x000000000aa83000):  JavaThread "C2 CompilerThread1" daemon [_thread_in_native, id=4876, stack(0x000000000b160000,0x000000000b260000)]

Stack: [0x000000000b160000,0x000000000b260000]
[error occurred during error reporting (printing stack bounds), id 0xc0000005]


[error occurred during error reporting (printing native stack), id 0xc0000005]


Current CompileTask:
C2:   1809   54             com.android.dx.ssa.SsaMethod::deleteInsns (239 bytes)


---------------  P R O C E S S  ---------------

Java Threads: ( => current thread )
  0x000000000ac3e800 JavaThread "pool-1-thread-4" [_thread_new, id=3228, stack(0x0000000000000000,0x0000000000000000)]
  0x000000000ac3c000 JavaThread "pool-1-thread-3" [_thread_in_Java, id=7540, stack(0x000000000b760000,0x000000000b860000)]
  0x000000000ac3b000 JavaThread "pool-1-thread-2" [_thread_in_Java, id=8524, stack(0x000000000b660000,0x000000000b760000)]
  0x000000000ac55800 JavaThread "pool-2-thread-1" [_thread_blocked, id=9796, stack(0x000000000b560000,0x000000000b660000)]
  0x000000000ab91000 JavaThread "pool-1-thread-1" [_thread_in_Java, id=9000, stack(0x000000000b460000,0x000000000b560000)]
  0x000000000aa83800 JavaThread "Service Thread" daemon [_thread_blocked, id=8552, stack(0x000000000b260000,0x000000000b360000)]
=>0x000000000aa83000 JavaThread "C2 CompilerThread1" daemon [_thread_in_native, id=4876, stack(0x000000000b160000,0x000000000b260000)]
  0x000000000280e800 JavaThread "C2 CompilerThread0" daemon [_thread_blocked, id=4884, stack(0x000000000b060000,0x000000000b160000)]
  0x000000000280e000 JavaThread "Attach Listener" daemon [_thread_blocked, id=8792, stack(0x000000000af60000,0x000000000b060000)]
  0x0000000002809000 JavaThread "Signal Dispatcher" daemon [_thread_blocked, id=8756, stack(0x000000000ae60000,0x000000000af60000)]
  0x0000000008a8a800 JavaThread "Finalizer" daemon [_thread_blocked, id=4220, stack(0x000000000a960000,0x000000000aa60000)]
  0x0000000008a89800 JavaThread "Reference Handler" daemon [_thread_blocked, id=4664, stack(0x000000000a860000,0x000000000a960000)]
  0x0000000000ddd800 JavaThread "main" [_thread_in_Java, id=9908, stack(0x0000000002620000,0x0000000002720000)]

Other Threads:
  0x0000000008a86000 VMThread [stack: 0x000000000a760000,0x000000000a860000] [id=704]
  0x000000000aa90000 WatcherThread [stack: 0x000000000b360000,0x000000000b460000] [id=10076]

VM state:not at safepoint (normal execution)

VM Mutex/Monitor currently owned by a thread: None

Heap
 PSYoungGen      total 38400K, used 12699K [0x00000000eaa80000, 0x00000000ed500000, 0x0000000100000000)
  eden space 33280K, 38% used [0x00000000eaa80000,0x00000000eb6e6e70,0x00000000ecb00000)
  from space 5120K, 0% used [0x00000000ed000000,0x00000000ed000000,0x00000000ed500000)
  to   space 5120K, 0% used [0x00000000ecb00000,0x00000000ecb00000,0x00000000ed000000)
 ParOldGen       total 86528K, used 0K [0x00000000c0000000, 0x00000000c5480000, 0x00000000eaa80000)
  object space 86528K, 0% used [0x00000000c0000000,0x00000000c0000000,0x00000000c5480000)
 PSPermGen       total 21504K, used 5448K [0x00000000bae00000, 0x00000000bc300000, 0x00000000c0000000)
  object space 21504K, 25% used [0x00000000bae00000,0x00000000bb352118,0x00000000bc300000)

Card table byte_map: [0x0000000005820000,0x0000000005a50000] byte_map_base: 0x0000000005249000

Polling page: 0x0000000000db0000

Code Cache  [0x0000000002820000, 0x0000000002a90000, 0x0000000005820000)
 total_blobs=292 nmethods=55 adapters=189 free_code_cache=48678Kb largest_free_block=49834944

Compilation events (10 events):
Event: 1.763 Thread 0x000000000aa83000   50             com.android.dx.ssa.NormalSsaInsn::getOriginalRopInsn (5 bytes)
Event: 1.763 Thread 0x000000000aa83000 nmethod 50 0x0000000002890d90 code [0x0000000002890ec0, 0x0000000002890f18]
Event: 1.764 Thread 0x000000000280e800   51   !         com.android.dx.util.IntList::get (36 bytes)
Event: 1.765 Thread 0x000000000280e800 nmethod 51 0x0000000002897650 code [0x0000000002897780, 0x0000000002897818]
Event: 1.767 Thread 0x000000000aa83000   52             com.android.dx.ssa.SsaBasicBlock::getInsns (5 bytes)
Event: 1.767 Thread 0x000000000aa83000 nmethod 52 0x0000000002896250 code [0x0000000002896380, 0x00000000028963d8]
Event: 1.773 Thread 0x000000000280e800   53             com.android.dx.util.MutabilityControl::<init> (10 bytes)
Event: 1.774 Thread 0x000000000280e800 nmethod 53 0x0000000002895fd0 code [0x0000000002896100, 0x0000000002896158]
Event: 1.789 Thread 0x000000000aa83000   54             com.android.dx.ssa.SsaMethod::deleteInsns (239 bytes)
Event: 1.807 Thread 0x000000000280e800   55             com.android.dx.rop.code.Insn::getSources (5 bytes)

GC Heap History (0 events):
No events

Deoptimization events (0 events):
No events

Internal exceptions (10 events):
Event: 1.322 Thread 0x0000000000ddd800 Threw 0x00000000eb1cd0c0 at C:\re\jdk7u76\1941\hotspot\src\share\vm\prims\jvm.cpp:1304
Event: 1.322 Thread 0x0000000000ddd800 Threw 0x00000000eb1d2ab0 at C:\re\jdk7u76\1941\hotspot\src\share\vm\prims\jvm.cpp:1304
Event: 1.324 Thread 0x0000000000ddd800 Threw 0x00000000eb1db710 at C:\re\jdk7u76\1941\hotspot\src\share\vm\prims\jvm.cpp:1304
Event: 1.324 Thread 0x0000000000ddd800 Threw 0x00000000eb1e0bd0 at C:\re\jdk7u76\1941\hotspot\src\share\vm\prims\jvm.cpp:1304
Event: 1.338 Thread 0x0000000000ddd800 Threw 0x00000000eb1fe7a0 at C:\re\jdk7u76\1941\hotspot\src\share\vm\prims\jvm.cpp:1304
Event: 1.349 Thread 0x0000000000ddd800 Threw 0x00000000eb21f988 at C:\re\jdk7u76\1941\hotspot\src\share\vm\prims\jvm.cpp:1304
Event: 1.355 Thread 0x0000000000ddd800 Threw 0x00000000eb231258 at C:\re\jdk7u76\1941\hotspot\src\share\vm\prims\jvm.cpp:1304
Event: 1.362 Thread 0x000000000ac3b000 Threw 0x00000000eb363190 at C:\re\jdk7u76\1941\hotspot\src\share\vm\prims\jvm.cpp:1304
Event: 1.484 Thread 0x0000000000ddd800 Threw 0x00000000eb3d2ec0 at C:\re\jdk7u76\1941\hotspot\src\share\vm\prims\jvm.cpp:1304
Event: 1.506 Thread 0x000000000ac3b000 Threw 0x00000000eb451f10 at C:\re\jdk7u76\1941\hotspot\src\share\vm\prims\jvm.cpp:1304

Events (10 events):
Event: 1.362 loading class 0x000000000ac53170
Event: 1.362 loading class 0x000000000ac53170 done
Event: 1.484 loading class 0x000000000aaba210
Event: 1.484 loading class 0x000000000aaba210 done
Event: 1.486 loading class 0x00000000027a2a60
Event: 1.486 loading class 0x00000000027a2a60 done
Event: 1.486 loading class 0x00000000027a2a30
Event: 1.486 loading class 0x00000000027a2a30 done
Event: 1.506 loading class 0x000000000ac53270
Event: 1.506 loading class 0x000000000ac53270 done


Dynamic libraries:
0x00007ff685050000 - 0x00007ff685083000 	C:\Program Files\Java\jdk1.7.0_76\bin\java.exe
0x00007ffa1f3c0000 - 0x00007ffa1f581000 	C:\WINDOWS\SYSTEM32\ntdll.dll
0x00007ffa1f310000 - 0x00007ffa1f3bd000 	C:\WINDOWS\system32\KERNEL32.DLL
0x00007ffa1be90000 - 0x00007ffa1c06d000 	C:\WINDOWS\system32\KERNELBASE.dll
0x00007ffa1ea00000 - 0x00007ffa1eaa6000 	C:\WINDOWS\system32\ADVAPI32.dll
0x00007ffa1f190000 - 0x00007ffa1f22d000 	C:\WINDOWS\system32\msvcrt.dll
0x00007ffa1ed60000 - 0x00007ffa1edbb000 	C:\WINDOWS\system32\sechost.dll
0x00007ffa1d180000 - 0x00007ffa1d2a6000 	C:\WINDOWS\system32\RPCRT4.dll
0x00007ffa1d370000 - 0x00007ffa1d4be000 	C:\WINDOWS\system32\USER32.dll
0x00007ffa1ee30000 - 0x00007ffa1efb6000 	C:\WINDOWS\system32\GDI32.dll
0x00007ffa17d70000 - 0x00007ffa17fe4000 	C:\WINDOWS\WinSxS\amd64_microsoft.windows.common-controls_6595b64144ccf1df_6.0.10240.16384_none_f41f7b285750ef43\COMCTL32.dll
0x00007ffa1d2b0000 - 0x00007ffa1d2e6000 	C:\WINDOWS\system32\IMM32.DLL
0x00007ffa1ce70000 - 0x00007ffa1cfcc000 	C:\WINDOWS\system32\MSCTF.dll
0x0000000069b30000 - 0x0000000069c02000 	C:\Program Files\Java\jdk1.7.0_76\jre\bin\msvcr100.dll
0x0000000069d80000 - 0x000000006a555000 	C:\Program Files\Java\jdk1.7.0_76\jre\bin\server\jvm.dll
0x00007ffa1e9f0000 - 0x00007ffa1e9f8000 	C:\WINDOWS\system32\PSAPI.DLL
0x00007ffa19f20000 - 0x00007ffa19f29000 	C:\WINDOWS\SYSTEM32\WSOCK32.dll
0x00007ffa1edc0000 - 0x00007ffa1ee29000 	C:\WINDOWS\system32\WS2_32.dll
0x00007ffa19e20000 - 0x00007ffa19e43000 	C:\WINDOWS\SYSTEM32\WINMM.dll
0x00007ffa1cbe0000 - 0x00007ffa1cbe8000 	C:\WINDOWS\system32\NSI.dll
0x00007ffa19dc0000 - 0x00007ffa19dec000 	C:\WINDOWS\SYSTEM32\WINMMBASE.dll
0x00007ffa1c990000 - 0x00007ffa1c9d4000 	C:\WINDOWS\system32\cfgmgr32.dll
0x00007ffa1a6c0000 - 0x00007ffa1a6e7000 	C:\WINDOWS\SYSTEM32\DEVOBJ.dll
0x000000006a7f0000 - 0x000000006a7ff000 	C:\Program Files\Java\jdk1.7.0_76\jre\bin\verify.dll
0x000000006a7c0000 - 0x000000006a7e8000 	C:\Program Files\Java\jdk1.7.0_76\jre\bin\java.dll
0x000000006a7a0000 - 0x000000006a7b5000 	C:\Program Files\Java\jdk1.7.0_76\jre\bin\zip.dll
0x000000006a780000 - 0x000000006a79a000 	C:\Program Files\Java\jdk1.7.0_76\jre\bin\net.dll
0x00007ffa1b600000 - 0x00007ffa1b65d000 	C:\WINDOWS\system32\mswsock.dll
0x000000006a760000 - 0x000000006a771000 	C:\Program Files\Java\jdk1.7.0_76\jre\bin\nio.dll

VM Arguments:
jvm_args: -Xmx1024M -Dfile.encoding=windows-1252 -Duser.country=US -Duser.language=en -Duser.variant 
java_command: com.android.dx.command.Main --dex --num-threads=4 --output C:\Users\Xian\Desktop\watchface01\mobile\build\intermediates\pre-dexed\release\classes-65764b9eeaf2bdc2b3e350410e10282bdceafa95.jar C:\Users\Xian\Desktop\watchface01\mobile\build\intermediates\exploded-aar\com.android.support\support-v4\23.0.1\jars\classes.jar
Launcher Type: SUN_STANDARD

Environment Variables:
JAVA_HOME=C:\Program Files\Java\jdk1.7.0_76
CLASSPATH=.;C:\Program Files\Java\jdk1.7.0_76\lib;C:\Program Files\Java\jdk1.7.0_76\lib\tools.jar
PATH=C:\Python27\;C:\Python27\Scripts;C:\Program Files (x86)\Intel\iCLS Client\;C:\Program Files\Intel\iCLS Client\;C:\WINDOWS\system32;C:\WINDOWS;C:\WINDOWS\System32\Wbem;C:\WINDOWS\System32\WindowsPowerShell\v1.0\;C:\Program Files\Intel\Intel(R) Management Engine Components\DAL;C:\Program Files\Intel\Intel(R) Management Engine Components\IPT;C:\Program Files (x86)\Intel\Intel(R) Management Engine Components\DAL;C:\Program Files (x86)\Intel\Intel(R) Management Engine Components\IPT;C:\Program Files\MATLAB\R2013a\runtime\win64;C:\Program Files\MATLAB\R2013a\bin;C:\Program Files\Java\jdk1.7.0_76\bin;C:\Program Files\Java\jdk1.7.0_76\jre\bin;C:\Program Files (x86)\Android\android-sdk\platform-tools;C:\Program Files\Intel\WiFi\bin\;C:\Program Files\Common Files\Intel\WirelessCommon\;C:\Program Files (x86)\NVIDIA Corporation\PhysX\Common;C:\Program Files\TortoiseSVN\bin;C:\Users\Xian\AppData\Roaming\Python\Scripts;C:\Program Files (x86)\Android\android-sdk\platform-tools;C:\Users\Xian\AppData\Roaming\Python\Scripts;C:\Program Files\Intel\WiFi\bin\;C:\Program Files\Common Files\Intel\WirelessCommon\
USERNAME=Xian
OS=Windows_NT
PROCESSOR_IDENTIFIER=Intel64 Family 6 Model 60 Stepping 3, GenuineIntel



---------------  S Y S T E M  ---------------

OS: Windows 8.1 , 64 bit Build 9600 

CPU:total 8 (4 cores per cpu, 2 threads per core) family 6 model 60 stepping 3, cmov, cx8, fxsr, mmx, sse, sse2, sse3, ssse3, sse4.1, sse4.2, popcnt, avx, avx2, aes, erms, ht, tsc, tscinvbit

Memory: 4k page, physical 8298776k(3168956k free), swap 9347352k(228k free)

vm_info: Java HotSpot(TM) 64-Bit Server VM (24.76-b04) for windows-amd64 JRE (1.7.0_76-b13), built on Dec 18 2014 16:31:25 by "java_re" with unknown MS VC++:1600

time: Sat Oct 31 14:29:19 2015
elapsed time: 1 seconds

