#
# There is insufficient memory for the Java Runtime Environment to continue.
# Native memory allocation (malloc) failed to allocate 2305696 bytes for Chunk::new
# Possible reasons:
#   The system is out of physical RAM or swap space
#   In 32 bit mode, the process size limit was hit
# Possible solutions:
#   Reduce memory load on the system
#   Increase physical memory or swap space
#   Check if swap backing store is full
#   Use 64 bit Java on a 64 bit OS
#   Decrease Java heap size (-Xmx/-Xms)
#   Decrease number of Java threads
#   Decrease Java thread stack sizes (-Xss)
#   Set larger code cache with -XX:ReservedCodeCacheSize=
# This output file may be truncated or incomplete.
#
#  Out of Memory Error (allocation.cpp:323), pid=8012, tid=9512
#
# JRE version: Java(TM) SE Runtime Environment (7.0_76-b13) (build 1.7.0_76-b13)
# Java VM: Java HotSpot(TM) 64-Bit Server VM (24.76-b04 mixed mode windows-amd64 compressed oops)
# Failed to write core dump. Minidumps are not enabled by default on client versions of Windows
#

---------------  T H R E A D  ---------------

Current thread (0x00000000025be000):  JavaThread "C2 CompilerThread0" daemon [_thread_in_native, id=9512, stack(0x000000000aea0000,0x000000000afa0000)]

Stack: [0x000000000aea0000,0x000000000afa0000]
[error occurred during error reporting (printing stack bounds), id 0xc0000005]


Current CompileTask:
C2:   6647  595   !         com.android.dx.cf.code.BytecodeArray::parseInstruction (2764 bytes)


---------------  P R O C E S S  ---------------

Java Threads: ( => current thread )
  0x000000000ab00800 JavaThread "pool-1-thread-4" [_thread_blocked, id=412, stack(0x000000000b6a0000,0x000000000b7a0000)]
  0x000000000aafe000 JavaThread "pool-1-thread-3" [_thread_blocked, id=8828, stack(0x000000000b5a0000,0x000000000b6a0000)]
  0x000000000aafd000 JavaThread "pool-1-thread-2" [_thread_in_vm, id=10028, stack(0x000000000b4a0000,0x000000000b5a0000)]
  0x000000000ab06800 JavaThread "pool-2-thread-1" [_thread_blocked, id=7232, stack(0x000000000b3a0000,0x000000000b4a0000)]
  0x000000000aa92000 JavaThread "pool-1-thread-1" [_thread_blocked, id=6644, stack(0x000000000b2a0000,0x000000000b3a0000)]
  0x000000000a8c2800 JavaThread "Service Thread" daemon [_thread_blocked, id=4876, stack(0x000000000b0a0000,0x000000000b1a0000)]
  0x00000000025c7800 JavaThread "C2 CompilerThread1" daemon [_thread_blocked, id=604, stack(0x000000000afa0000,0x000000000b0a0000)]
=>0x00000000025be000 JavaThread "C2 CompilerThread0" daemon [_thread_in_native, id=9512, stack(0x000000000aea0000,0x000000000afa0000)]
  0x00000000025bd000 JavaThread "Attach Listener" daemon [_thread_blocked, id=9612, stack(0x000000000ada0000,0x000000000aea0000)]
  0x000000000a8c1000 JavaThread "Signal Dispatcher" daemon [_thread_blocked, id=9264, stack(0x000000000aca0000,0x000000000ada0000)]
  0x00000000088d0000 JavaThread "Finalizer" daemon [_thread_blocked, id=3904, stack(0x000000000a7a0000,0x000000000a8a0000)]
  0x00000000088c9000 JavaThread "Reference Handler" daemon [_thread_blocked, id=9024, stack(0x000000000a6a0000,0x000000000a7a0000)]
  0x00000000024cd800 JavaThread "main" [_thread_blocked, id=9252, stack(0x0000000002370000,0x0000000002470000)]

Other Threads:
  0x00000000088c5800 VMThread [stack: 0x000000000a5a0000,0x000000000a6a0000] [id=8164]
  0x000000000a8cf000 WatcherThread [stack: 0x000000000b1a0000,0x000000000b2a0000] [id=992]

VM state:synchronizing (normal execution)

VM Mutex/Monitor currently owned by a thread:  ([mutex/lock_event])
[0x00000000024cd000] Threads_lock - owner thread: 0x00000000088c5800

Heap
 PSYoungGen      total 138240K, used 30654K [0x00000000eaa80000, 0x00000000f3680000, 0x0000000100000000)
  eden space 133120K, 19% used [0x00000000eaa80000,0x00000000ec372a50,0x00000000f2c80000)
  from space 5120K, 99% used [0x00000000f3180000,0x00000000f367cfa0,0x00000000f3680000)
  to   space 5120K, 0% used [0x00000000f2c80000,0x00000000f2c80000,0x00000000f3180000)
 ParOldGen       total 86528K, used 26813K [0x00000000c0000000, 0x00000000c5480000, 0x00000000eaa80000)
  object space 86528K, 30% used [0x00000000c0000000,0x00000000c1a2f5a0,0x00000000c5480000)
 PSPermGen       total 21504K, used 5930K [0x00000000bae00000, 0x00000000bc300000, 0x00000000c0000000)
  object space 21504K, 27% used [0x00000000bae00000,0x00000000bb3ca898,0x00000000bc300000)

Card table byte_map: [0x0000000005690000,0x00000000058c0000] byte_map_base: 0x00000000050b9000

Polling page: 0x0000000000bf0000

Code Cache  [0x00000000025d0000, 0x0000000002870000, 0x00000000055d0000)
 total_blobs=857 nmethods=620 adapters=189 free_code_cache=46555Kb largest_free_block=47636928

Compilation events (10 events):
Event: 6.466 Thread 0x00000000025c7800 nmethod 619 0x000000000285d450 code [0x000000000285d5e0, 0x000000000285dad8]
Event: 6.466 Thread 0x00000000025c7800  620             com.android.dx.ssa.SsaRenamer::<init> (100 bytes)
Event: 6.473 Thread 0x00000000025c7800 nmethod 620 0x000000000285cc50 code [0x000000000285cdc0, 0x000000000285d1a8]
Event: 6.473 Thread 0x00000000025c7800  621   !         com.android.dx.cf.direct.AttributeListParser::parse (323 bytes)
Event: 6.488 Thread 0x00000000025c7800 nmethod 621 0x000000000285e9d0 code [0x000000000285eb80, 0x000000000285f318]
Event: 6.488 Thread 0x00000000025c7800  622             com.android.dx.ssa.back.FirstFitLocalCombiningAllocator::canMapRegs (60 bytes)
Event: 6.495 Thread 0x00000000025c7800 nmethod 622 0x000000000285b850 code [0x000000000285b9c0, 0x000000000285bcc8]
Event: 6.495 Thread 0x00000000025c7800  623             com.android.dx.cf.code.BaseMachine::auxCstArg (20 bytes)
Event: 6.495 Thread 0x00000000025c7800 nmethod 623 0x000000000285c9d0 code [0x000000000285cb00, 0x000000000285cb78]
Event: 6.495 Thread 0x00000000025c7800  624             com.android.dx.cf.code.Simulator$SimVisitor::visitConstant (332 bytes)

GC Heap History (8 events):
Event: 1.996 GC heap before
{Heap before GC invocations=1 (full 0):
 PSYoungGen      total 38400K, used 33280K [0x00000000eaa80000, 0x00000000ed500000, 0x0000000100000000)
  eden space 33280K, 100% used [0x00000000eaa80000,0x00000000ecb00000,0x00000000ecb00000)
  from space 5120K, 0% used [0x00000000ed000000,0x00000000ed000000,0x00000000ed500000)
  to   space 5120K, 0% used [0x00000000ecb00000,0x00000000ecb00000,0x00000000ed000000)
 ParOldGen       total 86528K, used 0K [0x00000000c0000000, 0x00000000c5480000, 0x00000000eaa80000)
  object space 86528K, 0% used [0x00000000c0000000,0x00000000c0000000,0x00000000c5480000)
 PSPermGen       total 21504K, used 5756K [0x00000000bae00000, 0x00000000bc300000, 0x00000000c0000000)
  object space 21504K, 26% used [0x00000000bae00000,0x00000000bb39f160,0x00000000bc300000)
Event: 2.034 GC heap after
Heap after GC invocations=1 (full 0):
 PSYoungGen      total 38400K, used 5117K [0x00000000eaa80000, 0x00000000ef580000, 0x0000000100000000)
  eden space 33280K, 0% used [0x00000000eaa80000,0x00000000eaa80000,0x00000000ecb00000)
  from space 5120K, 99% used [0x00000000ecb00000,0x00000000ecfff548,0x00000000ed000000)
  to   space 5120K, 0% used [0x00000000ef080000,0x00000000ef080000,0x00000000ef580000)
 ParOldGen       total 86528K, used 1208K [0x00000000c0000000, 0x00000000c5480000, 0x00000000eaa80000)
  object space 86528K, 1% used [0x00000000c0000000,0x00000000c012e1c8,0x00000000c5480000)
 PSPermGen       total 21504K, used 5756K [0x00000000bae00000, 0x00000000bc300000, 0x00000000c0000000)
  object space 21504K, 26% used [0x00000000bae00000,0x00000000bb39f160,0x00000000bc300000)
}
Event: 2.590 GC heap before
{Heap before GC invocations=2 (full 0):
 PSYoungGen      total 38400K, used 38397K [0x00000000eaa80000, 0x00000000ef580000, 0x0000000100000000)
  eden space 33280K, 100% used [0x00000000eaa80000,0x00000000ecb00000,0x00000000ecb00000)
  from space 5120K, 99% used [0x00000000ecb00000,0x00000000ecfff548,0x00000000ed000000)
  to   space 5120K, 0% used [0x00000000ef080000,0x00000000ef080000,0x00000000ef580000)
 ParOldGen       total 86528K, used 1208K [0x00000000c0000000, 0x00000000c5480000, 0x00000000eaa80000)
  object space 86528K, 1% used [0x00000000c0000000,0x00000000c012e1c8,0x00000000c5480000)
 PSPermGen       total 21504K, used 5822K [0x00000000bae00000, 0x00000000bc300000, 0x00000000c0000000)
  object space 21504K, 27% used [0x00000000bae00000,0x00000000bb3af8b0,0x00000000bc300000)
Event: 2.605 GC heap after
Heap after GC invocations=2 (full 0):
 PSYoungGen      total 71680K, used 5098K [0x00000000eaa80000, 0x00000000ef580000, 0x0000000100000000)
  eden space 66560K, 0% used [0x00000000eaa80000,0x00000000eaa80000,0x00000000eeb80000)
  from space 5120K, 99% used [0x00000000ef080000,0x00000000ef57abb0,0x00000000ef580000)
  to   space 5120K, 0% used [0x00000000eeb80000,0x00000000eeb80000,0x00000000ef080000)
 ParOldGen       total 86528K, used 5598K [0x00000000c0000000, 0x00000000c5480000, 0x00000000eaa80000)
  object space 86528K, 6% used [0x00000000c0000000,0x00000000c05779c0,0x00000000c5480000)
 PSPermGen       total 21504K, used 5822K [0x00000000bae00000, 0x00000000bc300000, 0x00000000c0000000)
  object space 21504K, 27% used [0x00000000bae00000,0x00000000bb3af8b0,0x00000000bc300000)
}
Event: 3.678 GC heap before
{Heap before GC invocations=3 (full 0):
 PSYoungGen      total 71680K, used 71658K [0x00000000eaa80000, 0x00000000ef580000, 0x0000000100000000)
  eden space 66560K, 100% used [0x00000000eaa80000,0x00000000eeb80000,0x00000000eeb80000)
  from space 5120K, 99% used [0x00000000ef080000,0x00000000ef57abb0,0x00000000ef580000)
  to   space 5120K, 0% used [0x00000000eeb80000,0x00000000eeb80000,0x00000000ef080000)
 ParOldGen       total 86528K, used 5598K [0x00000000c0000000, 0x00000000c5480000, 0x00000000eaa80000)
  object space 86528K, 6% used [0x00000000c0000000,0x00000000c05779c0,0x00000000c5480000)
 PSPermGen       total 21504K, used 5900K [0x00000000bae00000, 0x00000000bc300000, 0x00000000c0000000)
  object space 21504K, 27% used [0x00000000bae00000,0x00000000bb3c32c0,0x00000000bc300000)
Event: 3.712 GC heap after
Heap after GC invocations=3 (full 0):
 PSYoungGen      total 71680K, used 5100K [0x00000000eaa80000, 0x00000000f3680000, 0x0000000100000000)
  eden space 66560K, 0% used [0x00000000eaa80000,0x00000000eaa80000,0x00000000eeb80000)
  from space 5120K, 99% used [0x00000000eeb80000,0x00000000ef07b350,0x00000000ef080000)
  to   space 5120K, 0% used [0x00000000f3180000,0x00000000f3180000,0x00000000f3680000)
 ParOldGen       total 86528K, used 15573K [0x00000000c0000000, 0x00000000c5480000, 0x00000000eaa80000)
  object space 86528K, 17% used [0x00000000c0000000,0x00000000c0f355c0,0x00000000c5480000)
 PSPermGen       total 21504K, used 5900K [0x00000000bae00000, 0x00000000bc300000, 0x00000000c0000000)
  object space 21504K, 27% used [0x00000000bae00000,0x00000000bb3c32c0,0x00000000bc300000)
}
Event: 5.395 GC heap before
{Heap before GC invocations=4 (full 0):
 PSYoungGen      total 71680K, used 71660K [0x00000000eaa80000, 0x00000000f3680000, 0x0000000100000000)
  eden space 66560K, 100% used [0x00000000eaa80000,0x00000000eeb80000,0x00000000eeb80000)
  from space 5120K, 99% used [0x00000000eeb80000,0x00000000ef07b350,0x00000000ef080000)
  to   space 5120K, 0% used [0x00000000f3180000,0x00000000f3180000,0x00000000f3680000)
 ParOldGen       total 86528K, used 15573K [0x00000000c0000000, 0x00000000c5480000, 0x00000000eaa80000)
  object space 86528K, 17% used [0x00000000c0000000,0x00000000c0f355c0,0x00000000c5480000)
 PSPermGen       total 21504K, used 5923K [0x00000000bae00000, 0x00000000bc300000, 0x00000000c0000000)
  object space 21504K, 27% used [0x00000000bae00000,0x00000000bb3c8fb0,0x00000000bc300000)
Event: 5.578 GC heap after
Heap after GC invocations=4 (full 0):
 PSYoungGen      total 138240K, used 5107K [0x00000000eaa80000, 0x00000000f3680000, 0x0000000100000000)
  eden space 133120K, 0% used [0x00000000eaa80000,0x00000000eaa80000,0x00000000f2c80000)
  from space 5120K, 99% used [0x00000000f3180000,0x00000000f367cfa0,0x00000000f3680000)
  to   space 5120K, 0% used [0x00000000f2c80000,0x00000000f2c80000,0x00000000f3180000)
 ParOldGen       total 86528K, used 26813K [0x00000000c0000000, 0x00000000c5480000, 0x00000000eaa80000)
  object space 86528K, 30% used [0x00000000c0000000,0x00000000c1a2f5a0,0x00000000c5480000)
 PSPermGen       total 21504K, used 5923K [0x00000000bae00000, 0x00000000bc300000, 0x00000000c0000000)
  object space 21504K, 27% used [0x00000000bae00000,0x00000000bb3c8fb0,0x00000000bc300000)
}

Deoptimization events (10 events):
Event: 3.528 Thread 0x000000000ab00800 Uncommon trap: reason=unreached action=reinterpret pc=0x00000000026a4ac4 method=com.android.dx.ssa.SCCP.simulateBranch(Lcom/android/dx/ssa/SsaInsn;)V @ 132
Event: 3.796 Thread 0x000000000aafe000 Uncommon trap: reason=unreached action=reinterpret pc=0x00000000026c7f8c method=com.android.dx.rop.code.LocalVariableExtractor.processBlock(I)V @ 195
Event: 4.104 Thread 0x000000000aafd000 Uncommon trap: reason=unreached action=reinterpret pc=0x0000000002732f58 method=com.android.dx.rop.code.LocalItem.compareHandlesNulls(Lcom/android/dx/rop/cst/CstString;Lcom/android/dx/rop/cst/CstString;)I @ 14
Event: 4.104 Thread 0x000000000aafd000 Uncommon trap: reason=unreached action=reinterpret pc=0x000000000267fba8 method=com.android.dx.rop.code.LocalItem.compareHandlesNulls(Lcom/android/dx/rop/cst/CstString;Lcom/android/dx/rop/cst/CstString;)I @ 14
Event: 4.536 Thread 0x000000000aa92000 Uncommon trap: reason=bimorphic action=maybe_recompile pc=0x0000000002702de0 method=com.android.dx.ssa.SCCP.simulatePhi(Lcom/android/dx/ssa/PhiInsn;)V @ 124
Event: 4.539 Thread 0x000000000aa92000 Uncommon trap: reason=bimorphic action=maybe_recompile pc=0x0000000002702de0 method=com.android.dx.ssa.SCCP.simulatePhi(Lcom/android/dx/ssa/PhiInsn;)V @ 124
Event: 4.550 Thread 0x000000000aafe000 Uncommon trap: reason=unreached action=reinterpret pc=0x000000000267958c method=com.android.dx.rop.code.LocalItem.compareHandlesNulls(Lcom/android/dx/rop/cst/CstString;Lcom/android/dx/rop/cst/CstString;)I @ 14
Event: 4.650 Thread 0x000000000aafd000 Uncommon trap: reason=bimorphic action=maybe_recompile pc=0x0000000002702de0 method=com.android.dx.ssa.SCCP.simulatePhi(Lcom/android/dx/ssa/PhiInsn;)V @ 124
Event: 4.650 Thread 0x000000000aafd000 Uncommon trap: reason=bimorphic action=maybe_recompile pc=0x00000000026b3250 method=com.android.dx.ssa.SCCP.simulatePhi(Lcom/android/dx/ssa/PhiInsn;)V @ 124
Event: 4.659 Thread 0x000000000aafd000 Uncommon trap: reason=bimorphic action=maybe_recompile pc=0x0000000002702de0 method=com.android.dx.ssa.SCCP.simulatePhi(Lcom/android/dx/ssa/PhiInsn;)V @ 124

Internal exceptions (10 events):
Event: 1.992 Thread 0x00000000024cd800 Threw 0x00000000eca50b28 at C:\re\jdk7u76\1941\hotspot\src\share\vm\prims\jvm.cpp:1304
Event: 2.621 Thread 0x000000000aafe000 Implicit null exception at 0x000000000269bb4d to 0x000000000269d391
Event: 2.790 Thread 0x00000000024cd800 Implicit null exception at 0x00000000026d48c7 to 0x00000000026d4fa9
Event: 2.881 Thread 0x00000000024cd800 Threw 0x00000000ebc75ef0 at C:\re\jdk7u76\1941\hotspot\src\share\vm\prims\jvm.cpp:1304
Event: 2.973 Thread 0x00000000024cd800 Threw 0x00000000ebfe36f8 at C:\re\jdk7u76\1941\hotspot\src\share\vm\prims\jvm.cpp:1304
Event: 3.528 Thread 0x000000000ab00800 Threw 0x00000000ee3c1c28 at C:\re\jdk7u76\1941\hotspot\src\share\vm\prims\jvm.cpp:1304
Event: 4.104 Thread 0x000000000aafd000 Implicit null exception at 0x00000000027324bd to 0x0000000002732f35
Event: 4.104 Thread 0x000000000aafd000 Implicit null exception at 0x000000000267f8a8 to 0x000000000267fb95
Event: 4.373 Thread 0x00000000024cd800 Threw 0x00000000ed170920 at C:\re\jdk7u76\1941\hotspot\src\share\vm\prims\jvm.cpp:1304
Event: 4.550 Thread 0x000000000aafe000 Implicit null exception at 0x000000000267941c to 0x0000000002679579

Events (10 events):
Event: 4.650 Thread 0x000000000aafd000 Uncommon trap: trap_request=0xffffffc6 fr.pc=0x00000000026b3250
Event: 4.650 Thread 0x000000000aafd000 DEOPT PACKING pc=0x00000000026b3250 sp=0x000000000b59e740
Event: 4.650 Thread 0x000000000aafd000 DEOPT UNPACKING pc=0x00000000026075a4 sp=0x000000000b59e688 mode 2
Event: 4.659 Thread 0x000000000aafd000 Uncommon trap: trap_request=0xffffffc6 fr.pc=0x0000000002702de0
Event: 4.659 Thread 0x000000000aafd000 DEOPT PACKING pc=0x0000000002702de0 sp=0x000000000b59e750
Event: 4.659 Thread 0x000000000aafd000 DEOPT UNPACKING pc=0x00000000026075a4 sp=0x000000000b59e610 mode 2
Event: 5.376 Executing VM operation: ParallelGCFailedAllocation
Event: 5.578 Executing VM operation: ParallelGCFailedAllocation done
Event: 5.601 Thread 0x00000000025be000 flushing nmethod 0x0000000002645f90
Event: 5.691 Thread 0x00000000025c7800 flushing nmethod 0x0000000002669d50


Dynamic libraries:
0x00007ff685050000 - 0x00007ff685083000 	C:\Program Files\Java\jdk1.7.0_76\bin\java.exe
0x00007ffa1f3c0000 - 0x00007ffa1f581000 	C:\WINDOWS\SYSTEM32\ntdll.dll
0x00007ffa1f310000 - 0x00007ffa1f3bd000 	C:\WINDOWS\system32\KERNEL32.DLL
0x00007ffa1be90000 - 0x00007ffa1c06d000 	C:\WINDOWS\system32\KERNELBASE.dll
0x00007ffa1ea00000 - 0x00007ffa1eaa6000 	C:\WINDOWS\system32\ADVAPI32.dll
0x00007ffa1f190000 - 0x00007ffa1f22d000 	C:\WINDOWS\system32\msvcrt.dll
0x00007ffa1ed60000 - 0x00007ffa1edbb000 	C:\WINDOWS\system32\sechost.dll
0x00007ffa1d180000 - 0x00007ffa1d2a6000 	C:\WINDOWS\system32\RPCRT4.dll
0x00007ffa1d370000 - 0x00007ffa1d4be000 	C:\WINDOWS\system32\USER32.dll
0x00007ffa1ee30000 - 0x00007ffa1efb6000 	C:\WINDOWS\system32\GDI32.dll
0x00007ffa17d70000 - 0x00007ffa17fe4000 	C:\WINDOWS\WinSxS\amd64_microsoft.windows.common-controls_6595b64144ccf1df_6.0.10240.16384_none_f41f7b285750ef43\COMCTL32.dll
0x00007ffa1d2b0000 - 0x00007ffa1d2e6000 	C:\WINDOWS\system32\IMM32.DLL
0x00007ffa1ce70000 - 0x00007ffa1cfcc000 	C:\WINDOWS\system32\MSCTF.dll
0x0000000069b30000 - 0x0000000069c02000 	C:\Program Files\Java\jdk1.7.0_76\jre\bin\msvcr100.dll
0x0000000069d80000 - 0x000000006a555000 	C:\Program Files\Java\jdk1.7.0_76\jre\bin\server\jvm.dll
0x00007ffa1e9f0000 - 0x00007ffa1e9f8000 	C:\WINDOWS\system32\PSAPI.DLL
0x00007ffa19f20000 - 0x00007ffa19f29000 	C:\WINDOWS\SYSTEM32\WSOCK32.dll
0x00007ffa1edc0000 - 0x00007ffa1ee29000 	C:\WINDOWS\system32\WS2_32.dll
0x00007ffa1cbe0000 - 0x00007ffa1cbe8000 	C:\WINDOWS\system32\NSI.dll
0x00007ffa19e20000 - 0x00007ffa19e43000 	C:\WINDOWS\SYSTEM32\WINMM.dll
0x00007ffa19dc0000 - 0x00007ffa19dec000 	C:\WINDOWS\SYSTEM32\WINMMBASE.dll
0x00007ffa1c990000 - 0x00007ffa1c9d4000 	C:\WINDOWS\system32\cfgmgr32.dll
0x00007ffa1a6c0000 - 0x00007ffa1a6e7000 	C:\WINDOWS\SYSTEM32\DEVOBJ.dll
0x000000006a7f0000 - 0x000000006a7ff000 	C:\Program Files\Java\jdk1.7.0_76\jre\bin\verify.dll
0x000000006a7c0000 - 0x000000006a7e8000 	C:\Program Files\Java\jdk1.7.0_76\jre\bin\java.dll
0x000000006a7a0000 - 0x000000006a7b5000 	C:\Program Files\Java\jdk1.7.0_76\jre\bin\zip.dll
0x000000006a780000 - 0x000000006a79a000 	C:\Program Files\Java\jdk1.7.0_76\jre\bin\net.dll
0x00007ffa1b600000 - 0x00007ffa1b65d000 	C:\WINDOWS\system32\mswsock.dll
0x000000006a760000 - 0x000000006a771000 	C:\Program Files\Java\jdk1.7.0_76\jre\bin\nio.dll

VM Arguments:
jvm_args: -Xmx1024M -Dfile.encoding=windows-1252 -Duser.country=US -Duser.language=en -Duser.variant 
java_command: com.android.dx.command.Main --dex --num-threads=4 --output C:\Users\Xian\Desktop\watchface01\mobile\build\intermediates\pre-dexed\debug\classes-65764b9eeaf2bdc2b3e350410e10282bdceafa95.jar C:\Users\Xian\Desktop\watchface01\mobile\build\intermediates\exploded-aar\com.android.support\support-v4\23.0.1\jars\classes.jar
Launcher Type: SUN_STANDARD

Environment Variables:
JAVA_HOME=C:\Program Files\Java\jdk1.7.0_76
CLASSPATH=.;C:\Program Files\Java\jdk1.7.0_76\lib;C:\Program Files\Java\jdk1.7.0_76\lib\tools.jar
PATH=C:\Python27\;C:\Python27\Scripts;C:\Program Files (x86)\Intel\iCLS Client\;C:\Program Files\Intel\iCLS Client\;C:\WINDOWS\system32;C:\WINDOWS;C:\WINDOWS\System32\Wbem;C:\WINDOWS\System32\WindowsPowerShell\v1.0\;C:\Program Files\Intel\Intel(R) Management Engine Components\DAL;C:\Program Files\Intel\Intel(R) Management Engine Components\IPT;C:\Program Files (x86)\Intel\Intel(R) Management Engine Components\DAL;C:\Program Files (x86)\Intel\Intel(R) Management Engine Components\IPT;C:\Program Files\MATLAB\R2013a\runtime\win64;C:\Program Files\MATLAB\R2013a\bin;C:\Program Files\Java\jdk1.7.0_76\bin;C:\Program Files\Java\jdk1.7.0_76\jre\bin;C:\Program Files (x86)\Android\android-sdk\platform-tools;C:\Program Files\Intel\WiFi\bin\;C:\Program Files\Common Files\Intel\WirelessCommon\;C:\Program Files (x86)\NVIDIA Corporation\PhysX\Common;C:\Program Files\TortoiseSVN\bin;C:\Users\Xian\AppData\Roaming\Python\Scripts;C:\Program Files (x86)\Android\android-sdk\platform-tools;C:\Users\Xian\AppData\Roaming\Python\Scripts;C:\Program Files\Intel\WiFi\bin\;C:\Program Files\Common Files\Intel\WirelessCommon\
USERNAME=Xian
OS=Windows_NT
PROCESSOR_IDENTIFIER=Intel64 Family 6 Model 60 Stepping 3, GenuineIntel



---------------  S Y S T E M  ---------------

OS: Windows 8.1 , 64 bit Build 9600 

CPU:total 8 (4 cores per cpu, 2 threads per core) family 6 model 60 stepping 3, cmov, cx8, fxsr, mmx, sse, sse2, sse3, ssse3, sse4.1, sse4.2, popcnt, avx, avx2, aes, erms, ht, tsc, tscinvbit

Memory: 4k page, physical 8298776k(2636124k free), swap 9347352k(7364k free)

vm_info: Java HotSpot(TM) 64-Bit Server VM (24.76-b04) for windows-amd64 JRE (1.7.0_76-b13), built on Dec 18 2014 16:31:25 by "java_re" with unknown MS VC++:1600

time: Sat Oct 31 14:25:19 2015
elapsed time: 6 seconds

