#
# There is insufficient memory for the Java Runtime Environment to continue.
# Native memory allocation (malloc) failed to allocate 636496 bytes for Chunk::new
# Possible reasons:
#   The system is out of physical RAM or swap space
#   In 32 bit mode, the process size limit was hit
# Possible solutions:
#   Reduce memory load on the system
#   Increase physical memory or swap space
#   Check if swap backing store is full
#   Use 64 bit Java on a 64 bit OS
#   Decrease Java heap size (-Xmx/-Xms)
#   Decrease number of Java threads
#   Decrease Java thread stack sizes (-Xss)
#   Set larger code cache with -XX:ReservedCodeCacheSize=
# This output file may be truncated or incomplete.
#
#  Out of Memory Error (allocation.cpp:323), pid=5104, tid=5192
#
# JRE version: Java(TM) SE Runtime Environment (7.0_76-b13) (build 1.7.0_76-b13)
# Java VM: Java HotSpot(TM) 64-Bit Server VM (24.76-b04 mixed mode windows-amd64 compressed oops)
# Failed to write core dump. Minidumps are not enabled by default on client versions of Windows
#

---------------  T H R E A D  ---------------

Current thread (0x000000000229e000):  JavaThread "C2 CompilerThread0" daemon [_thread_in_native, id=5192, stack(0x000000000ab90000,0x000000000ac90000)]

Stack: [0x000000000ab90000,0x000000000ac90000]
[error occurred during error reporting (printing stack bounds), id 0xc0000005]


Current CompileTask:
C2:   9666  423   !         com.android.dx.cf.code.Ropper::processBlock (1101 bytes)


---------------  P R O C E S S  ---------------

Java Threads: ( => current thread )
  0x00000000022a0800 JavaThread "Service Thread" daemon [_thread_blocked, id=7160, stack(0x000000000ad90000,0x000000000ae90000)]
  0x000000000229f800 JavaThread "C2 CompilerThread1" daemon [_thread_in_native, id=5116, stack(0x000000000ac90000,0x000000000ad90000)]
=>0x000000000229e000 JavaThread "C2 CompilerThread0" daemon [_thread_in_native, id=5192, stack(0x000000000ab90000,0x000000000ac90000)]
  0x000000000229d000 JavaThread "Attach Listener" daemon [_thread_blocked, id=8620, stack(0x000000000aa90000,0x000000000ab90000)]
  0x0000000002298000 JavaThread "Signal Dispatcher" daemon [_thread_blocked, id=2188, stack(0x000000000a990000,0x000000000aa90000)]
  0x00000000085b0000 JavaThread "Finalizer" daemon [_thread_blocked, id=6624, stack(0x000000000a490000,0x000000000a590000)]
  0x00000000085a9000 JavaThread "Reference Handler" daemon [_thread_blocked, id=4576, stack(0x000000000a390000,0x000000000a490000)]
  0x00000000020ad800 JavaThread "main" [_thread_in_Java, id=5100, stack(0x00000000020b0000,0x00000000021b0000)]

Other Threads:
  0x00000000085a5800 VMThread [stack: 0x000000000a290000,0x000000000a390000] [id=8660]
  0x00000000022a7000 WatcherThread [stack: 0x000000000ae90000,0x000000000af90000] [id=7028]

VM state:not at safepoint (normal execution)

VM Mutex/Monitor currently owned by a thread: None

Heap
 PSYoungGen      total 71680K, used 44551K [0x00000000eaa80000, 0x00000000ef580000, 0x0000000100000000)
  eden space 66560K, 59% used [0x00000000eaa80000,0x00000000ed103418,0x00000000eeb80000)
  from space 5120K, 99% used [0x00000000ef080000,0x00000000ef57eac8,0x00000000ef580000)
  to   space 5120K, 0% used [0x00000000eeb80000,0x00000000eeb80000,0x00000000ef080000)
 ParOldGen       total 86528K, used 6402K [0x00000000c0000000, 0x00000000c5480000, 0x00000000eaa80000)
  object space 86528K, 7% used [0x00000000c0000000,0x00000000c0640b30,0x00000000c5480000)
 PSPermGen       total 21504K, used 5906K [0x00000000bae00000, 0x00000000bc300000, 0x00000000c0000000)
  object space 21504K, 27% used [0x00000000bae00000,0x00000000bb3c48d0,0x00000000bc300000)

Card table byte_map: [0x0000000005370000,0x00000000055a0000] byte_map_base: 0x0000000004d99000

Polling page: 0x0000000000410000

Code Cache  [0x00000000022b0000, 0x0000000002520000, 0x00000000052b0000)
 total_blobs=665 nmethods=428 adapters=189 free_code_cache=47284Kb largest_free_block=48378560

Compilation events (10 events):
Event: 9.355 Thread 0x000000000229f800 nmethod 428 0x0000000002432d50 code [0x0000000002432e80, 0x0000000002432ed8]
Event: 9.355 Thread 0x000000000229f800  429             java.util.TreeMap$PrivateEntryIterator::hasNext (13 bytes)
Event: 9.356 Thread 0x000000000229f800 nmethod 429 0x0000000002432b50 code [0x0000000002432c80, 0x0000000002432cd8]
Event: 9.356 Thread 0x000000000229f800  430             com.android.dx.rop.cst.TypedConstant::<init> (5 bytes)
Event: 9.356 Thread 0x000000000229f800 nmethod 430 0x0000000002432950 code [0x0000000002432a80, 0x0000000002432ad8]
Event: 9.356 Thread 0x000000000229f800  431             java.util.TreeMap::successor (66 bytes)
Event: 9.358 Thread 0x000000000229f800 nmethod 431 0x0000000002432690 code [0x00000000024327c0, 0x0000000002432878]
Event: 9.365 Thread 0x000000000229f800  432             com.android.dx.cf.code.ByteBlock::getLabel (5 bytes)
Event: 9.365 Thread 0x000000000229f800 nmethod 432 0x0000000002432490 code [0x00000000024325c0, 0x0000000002432618]
Event: 9.380 Thread 0x000000000229f800  433             com.android.dx.dex.cf.CfTranslator::translate0 (259 bytes)

GC Heap History (4 events):
Event: 2.517 GC heap before
{Heap before GC invocations=1 (full 0):
 PSYoungGen      total 38400K, used 33280K [0x00000000eaa80000, 0x00000000ed500000, 0x0000000100000000)
  eden space 33280K, 100% used [0x00000000eaa80000,0x00000000ecb00000,0x00000000ecb00000)
  from space 5120K, 0% used [0x00000000ed000000,0x00000000ed000000,0x00000000ed500000)
  to   space 5120K, 0% used [0x00000000ecb00000,0x00000000ecb00000,0x00000000ed000000)
 ParOldGen       total 86528K, used 0K [0x00000000c0000000, 0x00000000c5480000, 0x00000000eaa80000)
  object space 86528K, 0% used [0x00000000c0000000,0x00000000c0000000,0x00000000c5480000)
 PSPermGen       total 21504K, used 5749K [0x00000000bae00000, 0x00000000bc300000, 0x00000000c0000000)
  object space 21504K, 26% used [0x00000000bae00000,0x00000000bb39d6f0,0x00000000bc300000)
Event: 3.245 GC heap after
Heap after GC invocations=1 (full 0):
 PSYoungGen      total 38400K, used 5114K [0x00000000eaa80000, 0x00000000ef580000, 0x0000000100000000)
  eden space 33280K, 0% used [0x00000000eaa80000,0x00000000eaa80000,0x00000000ecb00000)
  from space 5120K, 99% used [0x00000000ecb00000,0x00000000ecffeaa8,0x00000000ed000000)
  to   space 5120K, 0% used [0x00000000ef080000,0x00000000ef080000,0x00000000ef580000)
 ParOldGen       total 86528K, used 1597K [0x00000000c0000000, 0x00000000c5480000, 0x00000000eaa80000)
  object space 86528K, 1% used [0x00000000c0000000,0x00000000c018f490,0x00000000c5480000)
 PSPermGen       total 21504K, used 5749K [0x00000000bae00000, 0x00000000bc300000, 0x00000000c0000000)
  object space 21504K, 26% used [0x00000000bae00000,0x00000000bb39d6f0,0x00000000bc300000)
}
Event: 8.335 GC heap before
{Heap before GC invocations=2 (full 0):
 PSYoungGen      total 38400K, used 38394K [0x00000000eaa80000, 0x00000000ef580000, 0x0000000100000000)
  eden space 33280K, 100% used [0x00000000eaa80000,0x00000000ecb00000,0x00000000ecb00000)
  from space 5120K, 99% used [0x00000000ecb00000,0x00000000ecffeaa8,0x00000000ed000000)
  to   space 5120K, 0% used [0x00000000ef080000,0x00000000ef080000,0x00000000ef580000)
 ParOldGen       total 86528K, used 1597K [0x00000000c0000000, 0x00000000c5480000, 0x00000000eaa80000)
  object space 86528K, 1% used [0x00000000c0000000,0x00000000c018f490,0x00000000c5480000)
 PSPermGen       total 21504K, used 5811K [0x00000000bae00000, 0x00000000bc300000, 0x00000000c0000000)
  object space 21504K, 27% used [0x00000000bae00000,0x00000000bb3acf80,0x00000000bc300000)
Event: 8.413 GC heap after
Heap after GC invocations=2 (full 0):
 PSYoungGen      total 71680K, used 5114K [0x00000000eaa80000, 0x00000000ef580000, 0x0000000100000000)
  eden space 66560K, 0% used [0x00000000eaa80000,0x00000000eaa80000,0x00000000eeb80000)
  from space 5120K, 99% used [0x00000000ef080000,0x00000000ef57eac8,0x00000000ef580000)
  to   space 5120K, 0% used [0x00000000eeb80000,0x00000000eeb80000,0x00000000ef080000)
 ParOldGen       total 86528K, used 6402K [0x00000000c0000000, 0x00000000c5480000, 0x00000000eaa80000)
  object space 86528K, 7% used [0x00000000c0000000,0x00000000c0640b30,0x00000000c5480000)
 PSPermGen       total 21504K, used 5811K [0x00000000bae00000, 0x00000000bc300000, 0x00000000c0000000)
  object space 21504K, 27% used [0x00000000bae00000,0x00000000bb3acf80,0x00000000bc300000)
}

Deoptimization events (10 events):
Event: 8.140 Thread 0x000000000a821000 Uncommon trap: reason=class_check action=maybe_recompile pc=0x0000000002375fec method=java.util.HashMap.put(Ljava/lang/Object;Ljava/lang/Object;)Ljava/lang/Object; @ 83
Event: 8.145 Thread 0x000000000a824000 Uncommon trap: reason=class_check action=maybe_recompile pc=0x00000000023dbf34 method=com.android.dx.cf.code.BytecodeArray.parseInstruction(ILcom/android/dx/cf/code/BytecodeArray$Visitor;)I @ 1051
Event: 8.146 Thread 0x000000000a824000 Uncommon trap: reason=class_check action=maybe_recompile pc=0x00000000023dbf34 method=com.android.dx.cf.code.BytecodeArray.parseInstruction(ILcom/android/dx/cf/code/BytecodeArray$Visitor;)I @ 1051
Event: 8.460 Thread 0x000000000a824000 Uncommon trap: reason=unreached action=reinterpret pc=0x00000000023815c0 method=com.android.dx.ssa.SCCP.simulateBranch(Lcom/android/dx/ssa/SsaInsn;)V @ 132
Event: 8.460 Thread 0x000000000a824000 Uncommon trap: reason=unloaded action=reinterpret pc=0x00000000023d0058 method=com.android.dx.ssa.LiteralOpUpgrader$1.visitNonMoveInsn(Lcom/android/dx/ssa/NormalSsaInsn;)V @ 72
Event: 9.159 Thread 0x000000000a821000 Uncommon trap: reason=null_check action=make_not_entrant pc=0x000000000246fd7c method=com.android.dx.cf.code.Ropper$CatchInfo.getSetup(Lcom/android/dx/rop/type/Type;)Lcom/android/dx/cf/code/Ropper$ExceptionHandlerSetup; @ 10
Event: 9.374 Thread 0x000000000a821000 Uncommon trap: reason=null_check action=make_not_entrant pc=0x0000000002483120 method=com.android.dx.dex.file.FieldIdsSection.intern(Lcom/android/dx/rop/cst/CstFieldRef;)Lcom/android/dx/dex/file/FieldIdItem; @ 26
Event: 9.636 Thread 0x00000000020ad800 Uncommon trap: reason=class_check action=maybe_recompile pc=0x0000000002375fec method=java.util.HashMap.put(Ljava/lang/Object;Ljava/lang/Object;)Ljava/lang/Object; @ 83
Event: 9.636 Thread 0x00000000020ad800 Uncommon trap: reason=class_check action=maybe_recompile pc=0x0000000002375fec method=java.util.HashMap.put(Ljava/lang/Object;Ljava/lang/Object;)Ljava/lang/Object; @ 83
Event: 9.636 Thread 0x00000000020ad800 Uncommon trap: reason=class_check action=maybe_recompile pc=0x0000000002375fec method=java.util.HashMap.put(Ljava/lang/Object;Ljava/lang/Object;)Ljava/lang/Object; @ 83

Internal exceptions (10 events):
Event: 0.922 Thread 0x00000000020ad800 Threw 0x00000000ebc76cd8 at C:\re\jdk7u76\1941\hotspot\src\share\vm\prims\jvm.cpp:1304
Event: 1.442 Thread 0x00000000020ad800 Threw 0x00000000ec0e3dd0 at C:\re\jdk7u76\1941\hotspot\src\share\vm\prims\jvm.cpp:1304
Event: 2.089 Thread 0x00000000020ad800 Implicit null exception at 0x0000000002372ffb to 0x00000000023736d9
Event: 3.951 Thread 0x00000000020ad800 Threw 0x00000000eac06868 at C:\re\jdk7u76\1941\hotspot\src\share\vm\prims\jvm.cpp:1304
Event: 5.718 Thread 0x000000000a821000 Implicit null exception at 0x000000000235baf7 to 0x000000000235ca89
Event: 7.688 Thread 0x000000000a826800 Implicit null exception at 0x000000000240f6f4 to 0x000000000240fda5
Event: 8.460 Thread 0x000000000a824000 Threw 0x00000000eacf74f0 at C:\re\jdk7u76\1941\hotspot\src\share\vm\prims\jvm.cpp:1304
Event: 9.111 Thread 0x000000000a826800 Threw 0x00000000eb4c8e10 at C:\re\jdk7u76\1941\hotspot\src\share\vm\prims\jvm.cpp:1304
Event: 9.159 Thread 0x000000000a821000 Implicit null exception at 0x000000000246da24 to 0x000000000246fd71
Event: 9.652 Thread 0x00000000020ad800 Threw 0x00000000ed0904b0 at C:\re\jdk7u76\1941\hotspot\src\share\vm\prims\jvm.cpp:1304

Events (10 events):
Event: 9.636 Thread 0x00000000020ad800 DEOPT PACKING pc=0x0000000002375fec sp=0x00000000021aee70
Event: 9.636 Thread 0x00000000020ad800 DEOPT UNPACKING pc=0x00000000022e75a4 sp=0x00000000021aee18 mode 2
Event: 9.636 Thread 0x00000000020ad800 Uncommon trap: trap_request=0xffffffde fr.pc=0x0000000002375fec
Event: 9.636 Thread 0x00000000020ad800 DEOPT PACKING pc=0x0000000002375fec sp=0x00000000021aee70
Event: 9.636 Thread 0x00000000020ad800 DEOPT UNPACKING pc=0x00000000022e75a4 sp=0x00000000021aee18 mode 2
Event: 9.636 Thread 0x00000000020ad800 Uncommon trap: trap_request=0xffffffde fr.pc=0x0000000002375fec
Event: 9.636 Thread 0x00000000020ad800 DEOPT PACKING pc=0x0000000002375fec sp=0x00000000021aee70
Event: 9.636 Thread 0x00000000020ad800 DEOPT UNPACKING pc=0x00000000022e75a4 sp=0x00000000021aee18 mode 2
Event: 9.652 loading class 0x000000000a82fd40
Event: 9.652 loading class 0x000000000a82fd40 done


Dynamic libraries:
0x00007ff685050000 - 0x00007ff685083000 	C:\Program Files\Java\jdk1.7.0_76\bin\java.exe
0x00007ffa1f3c0000 - 0x00007ffa1f581000 	C:\WINDOWS\SYSTEM32\ntdll.dll
0x00007ffa1f310000 - 0x00007ffa1f3bd000 	C:\WINDOWS\system32\KERNEL32.DLL
0x00007ffa1be90000 - 0x00007ffa1c06d000 	C:\WINDOWS\system32\KERNELBASE.dll
0x00007ffa1ea00000 - 0x00007ffa1eaa6000 	C:\WINDOWS\system32\ADVAPI32.dll
0x00007ffa1f190000 - 0x00007ffa1f22d000 	C:\WINDOWS\system32\msvcrt.dll
0x00007ffa1ed60000 - 0x00007ffa1edbb000 	C:\WINDOWS\system32\sechost.dll
0x00007ffa1d180000 - 0x00007ffa1d2a6000 	C:\WINDOWS\system32\RPCRT4.dll
0x00007ffa1d370000 - 0x00007ffa1d4be000 	C:\WINDOWS\system32\USER32.dll
0x00007ffa1ee30000 - 0x00007ffa1efb6000 	C:\WINDOWS\system32\GDI32.dll
0x00007ffa17d70000 - 0x00007ffa17fe4000 	C:\WINDOWS\WinSxS\amd64_microsoft.windows.common-controls_6595b64144ccf1df_6.0.10240.16384_none_f41f7b285750ef43\COMCTL32.dll
0x00007ffa1d2b0000 - 0x00007ffa1d2e6000 	C:\WINDOWS\system32\IMM32.DLL
0x00007ffa1ce70000 - 0x00007ffa1cfcc000 	C:\WINDOWS\system32\MSCTF.dll
0x0000000069810000 - 0x00000000698e2000 	C:\Program Files\Java\jdk1.7.0_76\jre\bin\msvcr100.dll
0x0000000069d80000 - 0x000000006a555000 	C:\Program Files\Java\jdk1.7.0_76\jre\bin\server\jvm.dll
0x00007ffa1e9f0000 - 0x00007ffa1e9f8000 	C:\WINDOWS\system32\PSAPI.DLL
0x00007ffa19f20000 - 0x00007ffa19f29000 	C:\WINDOWS\SYSTEM32\WSOCK32.dll
0x00007ffa19e20000 - 0x00007ffa19e43000 	C:\WINDOWS\SYSTEM32\WINMM.dll
0x00007ffa1edc0000 - 0x00007ffa1ee29000 	C:\WINDOWS\system32\WS2_32.dll
0x00007ffa1cbe0000 - 0x00007ffa1cbe8000 	C:\WINDOWS\system32\NSI.dll
0x00007ffa19dc0000 - 0x00007ffa19dec000 	C:\WINDOWS\SYSTEM32\WINMMBASE.dll
0x00007ffa1c990000 - 0x00007ffa1c9d4000 	C:\WINDOWS\system32\cfgmgr32.dll
0x00007ffa1a6c0000 - 0x00007ffa1a6e7000 	C:\WINDOWS\SYSTEM32\DEVOBJ.dll
0x0000000069c90000 - 0x0000000069c9f000 	C:\Program Files\Java\jdk1.7.0_76\jre\bin\verify.dll
0x0000000069c60000 - 0x0000000069c88000 	C:\Program Files\Java\jdk1.7.0_76\jre\bin\java.dll
0x0000000069c40000 - 0x0000000069c55000 	C:\Program Files\Java\jdk1.7.0_76\jre\bin\zip.dll
0x0000000069c20000 - 0x0000000069c3a000 	C:\Program Files\Java\jdk1.7.0_76\jre\bin\net.dll
0x00007ffa1b600000 - 0x00007ffa1b65d000 	C:\WINDOWS\system32\mswsock.dll
0x0000000069c00000 - 0x0000000069c11000 	C:\Program Files\Java\jdk1.7.0_76\jre\bin\nio.dll

VM Arguments:
jvm_args: -Xmx1024M -Dfile.encoding=windows-1252 -Duser.country=US -Duser.language=en -Duser.variant 
java_command: com.android.dx.command.Main --dex --num-threads=4 --output C:\Users\Xian\Desktop\watchface01\mobile\build\intermediates\pre-dexed\debug\internal_impl-23.0.1-e50ddd2b042fe002604674da3b3132c506775b3a.jar C:\Users\Xian\Desktop\watchface01\mobile\build\intermediates\exploded-aar\com.android.support\support-v4\23.0.1\jars\libs\internal_impl-23.0.1.jar
Launcher Type: SUN_STANDARD

Environment Variables:
JAVA_HOME=C:\Program Files\Java\jdk1.7.0_76
CLASSPATH=.;C:\Program Files\Java\jdk1.7.0_76\lib;C:\Program Files\Java\jdk1.7.0_76\lib\tools.jar
PATH=C:\Python27\;C:\Python27\Scripts;C:\Program Files (x86)\Intel\iCLS Client\;C:\Program Files\Intel\iCLS Client\;C:\WINDOWS\system32;C:\WINDOWS;C:\WINDOWS\System32\Wbem;C:\WINDOWS\System32\WindowsPowerShell\v1.0\;C:\Program Files\Intel\Intel(R) Management Engine Components\DAL;C:\Program Files\Intel\Intel(R) Management Engine Components\IPT;C:\Program Files (x86)\Intel\Intel(R) Management Engine Components\DAL;C:\Program Files (x86)\Intel\Intel(R) Management Engine Components\IPT;C:\Program Files\MATLAB\R2013a\runtime\win64;C:\Program Files\MATLAB\R2013a\bin;C:\Program Files\Java\jdk1.7.0_76\bin;C:\Program Files\Java\jdk1.7.0_76\jre\bin;C:\Program Files (x86)\Android\android-sdk\platform-tools;C:\Program Files\Intel\WiFi\bin\;C:\Program Files\Common Files\Intel\WirelessCommon\;C:\Program Files (x86)\NVIDIA Corporation\PhysX\Common;C:\Program Files\TortoiseSVN\bin;C:\Users\Xian\AppData\Roaming\Python\Scripts;C:\Program Files (x86)\Android\android-sdk\platform-tools;C:\Users\Xian\AppData\Roaming\Python\Scripts;C:\Program Files\Intel\WiFi\bin\;C:\Program Files\Common Files\Intel\WirelessCommon\
USERNAME=Xian
OS=Windows_NT
PROCESSOR_IDENTIFIER=Intel64 Family 6 Model 60 Stepping 3, GenuineIntel



---------------  S Y S T E M  ---------------

OS: Windows 8.1 , 64 bit Build 9600 

CPU:total 8 (4 cores per cpu, 2 threads per core) family 6 model 60 stepping 3, cmov, cx8, fxsr, mmx, sse, sse2, sse3, ssse3, sse4.1, sse4.2, popcnt, avx, avx2, aes, erms, ht, tsc, tscinvbit

Memory: 4k page, physical 8298776k(2878228k free), swap 9347352k(5740k free)

vm_info: Java HotSpot(TM) 64-Bit Server VM (24.76-b04) for windows-amd64 JRE (1.7.0_76-b13), built on Dec 18 2014 16:31:25 by "java_re" with unknown MS VC++:1600

time: Sat Oct 31 14:19:34 2015
elapsed time: 9 seconds

