#
# There is insufficient memory for the Java Runtime Environment to continue.
# Native memory allocation (malloc) failed to allocate 599296 bytes for Chunk::new
# Possible reasons:
#   The system is out of physical RAM or swap space
#   In 32 bit mode, the process size limit was hit
# Possible solutions:
#   Reduce memory load on the system
#   Increase physical memory or swap space
#   Check if swap backing store is full
#   Use 64 bit Java on a 64 bit OS
#   Decrease Java heap size (-Xmx/-Xms)
#   Decrease number of Java threads
#   Decrease Java thread stack sizes (-Xss)
#   Set larger code cache with -XX:ReservedCodeCacheSize=
# This output file may be truncated or incomplete.
#
#  Out of Memory Error (allocation.cpp:323), pid=1912, tid=8412
#
# JRE version: Java(TM) SE Runtime Environment (7.0_76-b13) (build 1.7.0_76-b13)
# Java VM: Java HotSpot(TM) 64-Bit Server VM (24.76-b04 mixed mode windows-amd64 compressed oops)
# Failed to write core dump. Minidumps are not enabled by default on client versions of Windows
#

---------------  T H R E A D  ---------------

Current thread (0x0000000002f5d800):  JavaThread "C2 CompilerThread1" daemon [_thread_in_native, id=8412, stack(0x000000000b940000,0x000000000ba40000)]

Stack: [0x000000000b940000,0x000000000ba40000]
[error occurred during error reporting (printing stack bounds), id 0xc0000005]


Current CompileTask:
C2:  18575  712             com.android.dx.ssa.SsaConverter::placePhiFunctions (394 bytes)


---------------  P R O C E S S  ---------------

Java Threads: ( => current thread )
  0x000000000b4c2000 JavaThread "pool-1-thread-4" [_thread_blocked, id=7408, stack(0x000000000c040000,0x000000000c140000)]
  0x000000000b4c1000 JavaThread "pool-1-thread-3" [_thread_blocked, id=4888, stack(0x000000000bf40000,0x000000000c040000)]
  0x000000000b4be000 JavaThread "pool-1-thread-2" [_thread_blocked, id=5148, stack(0x000000000be40000,0x000000000bf40000)]
  0x000000000b4ba000 JavaThread "pool-2-thread-1" [_thread_blocked, id=2732, stack(0x000000000bd40000,0x000000000be40000)]
  0x000000000b34b800 JavaThread "pool-1-thread-1" [_thread_in_Java, id=5976, stack(0x000000000bc40000,0x000000000bd40000)]
  0x0000000002f5e800 JavaThread "Service Thread" daemon [_thread_blocked, id=6132, stack(0x000000000ba40000,0x000000000bb40000)]
=>0x0000000002f5d800 JavaThread "C2 CompilerThread1" daemon [_thread_in_native, id=8412, stack(0x000000000b940000,0x000000000ba40000)]
  0x0000000002f4e800 JavaThread "C2 CompilerThread0" daemon [_thread_blocked, id=10004, stack(0x000000000b840000,0x000000000b940000)]
  0x0000000002f4e000 JavaThread "Attach Listener" daemon [_thread_blocked, id=9736, stack(0x000000000b740000,0x000000000b840000)]
  0x0000000002f49000 JavaThread "Signal Dispatcher" daemon [_thread_blocked, id=9432, stack(0x000000000b640000,0x000000000b740000)]
  0x0000000009260000 JavaThread "Finalizer" daemon [_thread_blocked, id=4528, stack(0x000000000b140000,0x000000000b240000)]
  0x0000000009259800 JavaThread "Reference Handler" daemon [_thread_blocked, id=2556, stack(0x000000000b040000,0x000000000b140000)]
  0x000000000145d800 JavaThread "main" [_thread_blocked, id=4492, stack(0x0000000002c20000,0x0000000002d20000)]

Other Threads:
  0x0000000009255800 VMThread [stack: 0x000000000af40000,0x000000000b040000] [id=3616]
  0x000000000b26d800 WatcherThread [stack: 0x000000000bb40000,0x000000000bc40000] [id=8360]

VM state:not at safepoint (normal execution)

VM Mutex/Monitor currently owned by a thread: None

Heap
 PSYoungGen      total 294912K, used 230839K [0x00000000eaa80000, 0x0000000100000000, 0x0000000100000000)
  eden space 242176K, 95% used [0x00000000eaa80000,0x00000000f8bedd98,0x00000000f9700000)
  from space 52736K, 0% used [0x00000000f9700000,0x00000000f9700000,0x00000000fca80000)
  to   space 54784K, 0% used [0x00000000fca80000,0x00000000fca80000,0x0000000100000000)
 ParOldGen       total 172544K, used 155722K [0x00000000c0000000, 0x00000000ca880000, 0x00000000eaa80000)
  object space 172544K, 90% used [0x00000000c0000000,0x00000000c98129f0,0x00000000ca880000)
 PSPermGen       total 21504K, used 5962K [0x00000000bae00000, 0x00000000bc300000, 0x00000000c0000000)
  object space 21504K, 27% used [0x00000000bae00000,0x00000000bb3d2838,0x00000000bc300000)

Card table byte_map: [0x0000000006020000,0x0000000006250000] byte_map_base: 0x0000000005a49000

Polling page: 0x0000000001430000

Code Cache  [0x0000000002f60000, 0x0000000003230000, 0x0000000005f60000)
 total_blobs=938 nmethods=701 adapters=189 free_code_cache=46383Kb largest_free_block=47414208

Compilation events (10 events):
Event: 13.922 Thread 0x0000000002f5d800  708             com.android.dx.util.ListIntSet$1::<init> (15 bytes)
Event: 13.922 Thread 0x0000000002f5d800 nmethod 708 0x0000000003125590 code [0x00000000031256c0, 0x0000000003125738]
Event: 13.922 Thread 0x0000000002f5d800  709             com.android.dx.util.ListIntSet$1::hasNext (23 bytes)
Event: 13.923 Thread 0x0000000002f5d800 nmethod 709 0x000000000321c150 code [0x000000000321c280, 0x000000000321c2f8]
Event: 13.930 Thread 0x0000000002f4e800 nmethod 704 0x00000000031aa4d0 code [0x00000000031aa9a0, 0x00000000031acd80]
Event: 14.110 Thread 0x0000000002f5d800  710             com.android.dx.ssa.SCCP::simulateMath (424 bytes)
Event: 14.116 Thread 0x0000000002f5d800 nmethod 710 0x0000000003222790 code [0x0000000003222900, 0x0000000003222cb8]
Event: 14.196 Thread 0x0000000002f4e800  711             com.android.dx.ssa.back.InterferenceGraph::<init> (42 bytes)
Event: 14.214 Thread 0x0000000002f4e800 nmethod 711 0x000000000312d090 code [0x000000000312d260, 0x000000000312db30]
Event: 18.494 Thread 0x0000000002f5d800  712             com.android.dx.ssa.SsaConverter::placePhiFunctions (394 bytes)

GC Heap History (10 events):
Event: 9.972 GC heap before
{Heap before GC invocations=5 (full 0):
 PSYoungGen      total 138240K, used 138225K [0x00000000eaa80000, 0x00000000f3680000, 0x0000000100000000)
  eden space 133120K, 100% used [0x00000000eaa80000,0x00000000f2c80000,0x00000000f2c80000)
  from space 5120K, 99% used [0x00000000f3180000,0x00000000f367c400,0x00000000f3680000)
  to   space 5120K, 0% used [0x00000000f2c80000,0x00000000f2c80000,0x00000000f3180000)
 ParOldGen       total 86528K, used 27213K [0x00000000c0000000, 0x00000000c5480000, 0x00000000eaa80000)
  object space 86528K, 31% used [0x00000000c0000000,0x00000000c1a93528,0x00000000c5480000)
 PSPermGen       total 21504K, used 5914K [0x00000000bae00000, 0x00000000bc300000, 0x00000000c0000000)
  object space 21504K, 27% used [0x00000000bae00000,0x00000000bb3c6af8,0x00000000bc300000)
Event: 10.237 GC heap after
Heap after GC invocations=5 (full 0):
 PSYoungGen      total 138240K, used 5119K [0x00000000eaa80000, 0x00000000fe680000, 0x0000000100000000)
  eden space 133120K, 0% used [0x00000000eaa80000,0x00000000eaa80000,0x00000000f2c80000)
  from space 5120K, 99% used [0x00000000f2c80000,0x00000000f317fd98,0x00000000f3180000)
  to   space 28672K, 0% used [0x00000000fca80000,0x00000000fca80000,0x00000000fe680000)
 ParOldGen       total 86528K, used 49979K [0x00000000c0000000, 0x00000000c5480000, 0x00000000eaa80000)
  object space 86528K, 57% used [0x00000000c0000000,0x00000000c30cec18,0x00000000c5480000)
 PSPermGen       total 21504K, used 5914K [0x00000000bae00000, 0x00000000bc300000, 0x00000000c0000000)
  object space 21504K, 27% used [0x00000000bae00000,0x00000000bb3c6af8,0x00000000bc300000)
}
Event: 11.229 GC heap before
{Heap before GC invocations=6 (full 0):
 PSYoungGen      total 138240K, used 138239K [0x00000000eaa80000, 0x00000000fe680000, 0x0000000100000000)
  eden space 133120K, 100% used [0x00000000eaa80000,0x00000000f2c80000,0x00000000f2c80000)
  from space 5120K, 99% used [0x00000000f2c80000,0x00000000f317fd98,0x00000000f3180000)
  to   space 28672K, 0% used [0x00000000fca80000,0x00000000fca80000,0x00000000fe680000)
 ParOldGen       total 86528K, used 49979K [0x00000000c0000000, 0x00000000c5480000, 0x00000000eaa80000)
  object space 86528K, 57% used [0x00000000c0000000,0x00000000c30cec18,0x00000000c5480000)
 PSPermGen       total 21504K, used 5950K [0x00000000bae00000, 0x00000000bc300000, 0x00000000c0000000)
  object space 21504K, 27% used [0x00000000bae00000,0x00000000bb3cfaa0,0x00000000bc300000)
Event: 11.399 GC heap after
Heap after GC invocations=6 (full 0):
 PSYoungGen      total 270848K, used 28670K [0x00000000eaa80000, 0x0000000100000000, 0x0000000100000000)
  eden space 242176K, 0% used [0x00000000eaa80000,0x00000000eaa80000,0x00000000f9700000)
  from space 28672K, 99% used [0x00000000fca80000,0x00000000fe67f9c8,0x00000000fe680000)
  to   space 52736K, 0% used [0x00000000f9700000,0x00000000f9700000,0x00000000fca80000)
 ParOldGen       total 86528K, used 82386K [0x00000000c0000000, 0x00000000c5480000, 0x00000000eaa80000)
  object space 86528K, 95% used [0x00000000c0000000,0x00000000c5074908,0x00000000c5480000)
 PSPermGen       total 21504K, used 5950K [0x00000000bae00000, 0x00000000bc300000, 0x00000000c0000000)
  object space 21504K, 27% used [0x00000000bae00000,0x00000000bb3cfaa0,0x00000000bc300000)
}
Event: 11.399 GC heap before
{Heap before GC invocations=7 (full 1):
 PSYoungGen      total 270848K, used 28670K [0x00000000eaa80000, 0x0000000100000000, 0x0000000100000000)
  eden space 242176K, 0% used [0x00000000eaa80000,0x00000000eaa80000,0x00000000f9700000)
  from space 28672K, 99% used [0x00000000fca80000,0x00000000fe67f9c8,0x00000000fe680000)
  to   space 52736K, 0% used [0x00000000f9700000,0x00000000f9700000,0x00000000fca80000)
 ParOldGen       total 86528K, used 82386K [0x00000000c0000000, 0x00000000c5480000, 0x00000000eaa80000)
  object space 86528K, 95% used [0x00000000c0000000,0x00000000c5074908,0x00000000c5480000)
 PSPermGen       total 21504K, used 5950K [0x00000000bae00000, 0x00000000bc300000, 0x00000000c0000000)
  object space 21504K, 27% used [0x00000000bae00000,0x00000000bb3cfaa0,0x00000000bc300000)
Event: 12.913 GC heap after
Heap after GC invocations=7 (full 1):
 PSYoungGen      total 270848K, used 18375K [0x00000000eaa80000, 0x0000000100000000, 0x0000000100000000)
  eden space 242176K, 0% used [0x00000000eaa80000,0x00000000eaa80000,0x00000000f9700000)
  from space 28672K, 64% used [0x00000000fca80000,0x00000000fdc71d68,0x00000000fe680000)
  to   space 52736K, 0% used [0x00000000f9700000,0x00000000f9700000,0x00000000fca80000)
 ParOldGen       total 172544K, used 86192K [0x00000000c0000000, 0x00000000ca880000, 0x00000000eaa80000)
  object space 172544K, 49% used [0x00000000c0000000,0x00000000c542c1b8,0x00000000ca880000)
 PSPermGen       total 21504K, used 5945K [0x00000000bae00000, 0x00000000bc300000, 0x00000000c0000000)
  object space 21504K, 27% used [0x00000000bae00000,0x00000000bb3ce6e0,0x00000000bc300000)
}
Event: 14.218 GC heap before
{Heap before GC invocations=8 (full 1):
 PSYoungGen      total 270848K, used 260551K [0x00000000eaa80000, 0x0000000100000000, 0x0000000100000000)
  eden space 242176K, 100% used [0x00000000eaa80000,0x00000000f9700000,0x00000000f9700000)
  from space 28672K, 64% used [0x00000000fca80000,0x00000000fdc71d68,0x00000000fe680000)
  to   space 52736K, 0% used [0x00000000f9700000,0x00000000f9700000,0x00000000fca80000)
 ParOldGen       total 172544K, used 86192K [0x00000000c0000000, 0x00000000ca880000, 0x00000000eaa80000)
  object space 172544K, 49% used [0x00000000c0000000,0x00000000c542c1b8,0x00000000ca880000)
 PSPermGen       total 21504K, used 5961K [0x00000000bae00000, 0x00000000bc300000, 0x00000000c0000000)
  object space 21504K, 27% used [0x00000000bae00000,0x00000000bb3d24f0,0x00000000bc300000)
Event: 14.344 GC heap after
Heap after GC invocations=8 (full 1):
 PSYoungGen      total 294912K, used 52715K [0x00000000eaa80000, 0x0000000100000000, 0x0000000100000000)
  eden space 242176K, 0% used [0x00000000eaa80000,0x00000000eaa80000,0x00000000f9700000)
  from space 52736K, 99% used [0x00000000f9700000,0x00000000fca7ac28,0x00000000fca80000)
  to   space 54784K, 0% used [0x00000000fca80000,0x00000000fca80000,0x0000000100000000)
 ParOldGen       total 172544K, used 153448K [0x00000000c0000000, 0x00000000ca880000, 0x00000000eaa80000)
  object space 172544K, 88% used [0x00000000c0000000,0x00000000c95da320,0x00000000ca880000)
 PSPermGen       total 21504K, used 5961K [0x00000000bae00000, 0x00000000bc300000, 0x00000000c0000000)
  object space 21504K, 27% used [0x00000000bae00000,0x00000000bb3d24f0,0x00000000bc300000)
}
Event: 14.344 GC heap before
{Heap before GC invocations=9 (full 2):
 PSYoungGen      total 294912K, used 52715K [0x00000000eaa80000, 0x0000000100000000, 0x0000000100000000)
  eden space 242176K, 0% used [0x00000000eaa80000,0x00000000eaa80000,0x00000000f9700000)
  from space 52736K, 99% used [0x00000000f9700000,0x00000000fca7ac28,0x00000000fca80000)
  to   space 54784K, 0% used [0x00000000fca80000,0x00000000fca80000,0x0000000100000000)
 ParOldGen       total 172544K, used 153448K [0x00000000c0000000, 0x00000000ca880000, 0x00000000eaa80000)
  object space 172544K, 88% used [0x00000000c0000000,0x00000000c95da320,0x00000000ca880000)
 PSPermGen       total 21504K, used 5961K [0x00000000bae00000, 0x00000000bc300000, 0x00000000c0000000)
  object space 21504K, 27% used [0x00000000bae00000,0x00000000bb3d24f0,0x00000000bc300000)
Event: 15.064 GC heap after
Heap after GC invocations=9 (full 2):
 PSYoungGen      total 294912K, used 0K [0x00000000eaa80000, 0x0000000100000000, 0x0000000100000000)
  eden space 242176K, 0% used [0x00000000eaa80000,0x00000000eaa80000,0x00000000f9700000)
  from space 52736K, 0% used [0x00000000f9700000,0x00000000f9700000,0x00000000fca80000)
  to   space 54784K, 0% used [0x00000000fca80000,0x00000000fca80000,0x0000000100000000)
 ParOldGen       total 172544K, used 155722K [0x00000000c0000000, 0x00000000ca880000, 0x00000000eaa80000)
  object space 172544K, 90% used [0x00000000c0000000,0x00000000c98129f0,0x00000000ca880000)
 PSPermGen       total 21504K, used 5961K [0x00000000bae00000, 0x00000000bc300000, 0x00000000c0000000)
  object space 21504K, 27% used [0x00000000bae00000,0x00000000bb3d2490,0x00000000bc300000)
}

Deoptimization events (10 events):
Event: 13.679 Thread 0x000000000b4c1000 Uncommon trap: reason=class_check action=maybe_recompile pc=0x00000000030bfc58 method=com.android.dx.ssa.back.InterferenceGraph.mergeInterferenceSet(ILcom/android/dx/util/IntSet;)V @ 20
Event: 13.679 Thread 0x000000000b4c1000 Uncommon trap: reason=class_check action=maybe_recompile pc=0x00000000031616f4 method=com.android.dx.util.BitIntSet.merge(Lcom/android/dx/util/IntSet;)V @ 1
Event: 13.679 Thread 0x000000000b4c1000 Uncommon trap: reason=class_check action=maybe_recompile pc=0x000000000301cf10 method=com.android.dx.ssa.back.InterferenceGraph.mergeInterferenceSet(ILcom/android/dx/util/IntSet;)V @ 20
Event: 13.679 Thread 0x000000000b4c1000 Uncommon trap: reason=class_check action=maybe_recompile pc=0x0000000003162f3c method=com.android.dx.ssa.back.InterferenceGraph.mergeInterferenceSet(ILcom/android/dx/util/IntSet;)V @ 20
Event: 13.920 Thread 0x000000000b4be000 Uncommon trap: reason=class_check action=maybe_recompile pc=0x000000000300bf6c method=com.android.dx.ssa.SsaConverter.placePhiFunctions(Lcom/android/dx/ssa/SsaMethod;Lcom/android/dx/ssa/LocalVariableInfo;I)V @ 257
Event: 14.065 Thread 0x000000000b4c2000 Uncommon trap: reason=class_check action=maybe_recompile pc=0x000000000300bf6c method=com.android.dx.ssa.SsaConverter.placePhiFunctions(Lcom/android/dx/ssa/SsaMethod;Lcom/android/dx/ssa/LocalVariableInfo;I)V @ 257
Event: 14.106 Thread 0x000000000b4be000 Uncommon trap: reason=predicate action=maybe_recompile pc=0x00000000030e35cc method=com.android.dx.ssa.back.InterferenceGraph.<init>(I)V @ 23
Event: 14.186 Thread 0x000000000b4be000 Uncommon trap: reason=class_check action=maybe_recompile pc=0x00000000030f28dc method=com.android.dx.ssa.back.InterferenceGraph.mergeInterferenceSet(ILcom/android/dx/util/IntSet;)V @ 20
Event: 17.385 Thread 0x000000000145d800 Uncommon trap: reason=class_check action=maybe_recompile pc=0x000000000300bf6c method=com.android.dx.ssa.SsaConverter.placePhiFunctions(Lcom/android/dx/ssa/SsaMethod;Lcom/android/dx/ssa/LocalVariableInfo;I)V @ 257
Event: 17.433 Thread 0x000000000b34b800 Uncommon trap: reason=class_check action=maybe_recompile pc=0x000000000300bf6c method=com.android.dx.ssa.SsaConverter.placePhiFunctions(Lcom/android/dx/ssa/SsaMethod;Lcom/android/dx/ssa/LocalVariableInfo;I)V @ 257

Internal exceptions (10 events):
Event: 3.023 Thread 0x000000000145d800 Threw 0x00000000ebabdd80 at C:\re\jdk7u76\1941\hotspot\src\share\vm\prims\jvm.cpp:1304
Event: 3.136 Thread 0x000000000b4c2000 Threw 0x00000000ec14fe48 at C:\re\jdk7u76\1941\hotspot\src\share\vm\prims\jvm.cpp:1304
Event: 3.222 Thread 0x000000000b4be000 Implicit null exception at 0x000000000301b4bb to 0x000000000301c309
Event: 3.592 Thread 0x000000000b34b800 Implicit null exception at 0x0000000003040e2f to 0x000000000304150d
Event: 3.653 Thread 0x000000000b4be000 Threw 0x00000000eb21b078 at C:\re\jdk7u76\1941\hotspot\src\share\vm\prims\jvm.cpp:1304
Event: 4.339 Thread 0x000000000b4be000 Threw 0x00000000eb77f060 at C:\re\jdk7u76\1941\hotspot\src\share\vm\prims\jvm.cpp:1304
Event: 4.400 Thread 0x000000000b4c1000 Threw 0x00000000ec0d5d00 at C:\re\jdk7u76\1941\hotspot\src\share\vm\prims\jvm.cpp:1304
Event: 6.636 Thread 0x000000000b4c2000 Implicit null exception at 0x00000000031a85dc to 0x00000000031ad301
Event: 13.046 Thread 0x000000000b4c1000 Threw 0x00000000eb0970a0 at C:\re\jdk7u76\1941\hotspot\src\share\vm\prims\jvm.cpp:1304
Event: 13.058 Thread 0x000000000b4c1000 Threw 0x00000000eb176338 at C:\re\jdk7u76\1941\hotspot\src\share\vm\prims\jvm.cpp:1304

Events (10 events):
Event: 15.091 Executing VM operation: RevokeBias
Event: 15.091 Executing VM operation: RevokeBias done
Event: 15.091 Executing VM operation: RevokeBias
Event: 15.091 Executing VM operation: RevokeBias done
Event: 17.385 Thread 0x000000000145d800 Uncommon trap: trap_request=0xffffffde fr.pc=0x000000000300bf6c
Event: 17.385 Thread 0x000000000145d800 DEOPT PACKING pc=0x000000000300bf6c sp=0x0000000002d1e380
Event: 17.385 Thread 0x000000000145d800 DEOPT UNPACKING pc=0x0000000002f975a4 sp=0x0000000002d1e330 mode 2
Event: 17.433 Thread 0x000000000b34b800 Uncommon trap: trap_request=0xffffffde fr.pc=0x000000000300bf6c
Event: 17.433 Thread 0x000000000b34b800 DEOPT PACKING pc=0x000000000300bf6c sp=0x000000000bd3f070
Event: 17.433 Thread 0x000000000b34b800 DEOPT UNPACKING pc=0x0000000002f975a4 sp=0x000000000bd3f020 mode 2


Dynamic libraries:
0x00007ff685050000 - 0x00007ff685083000 	C:\Program Files\Java\jdk1.7.0_76\bin\java.exe
0x00007ffa1f3c0000 - 0x00007ffa1f581000 	C:\WINDOWS\SYSTEM32\ntdll.dll
0x00007ffa1f310000 - 0x00007ffa1f3bd000 	C:\WINDOWS\system32\KERNEL32.DLL
0x00007ffa1be90000 - 0x00007ffa1c06d000 	C:\WINDOWS\system32\KERNELBASE.dll
0x00007ffa1ea00000 - 0x00007ffa1eaa6000 	C:\WINDOWS\system32\ADVAPI32.dll
0x00007ffa1f190000 - 0x00007ffa1f22d000 	C:\WINDOWS\system32\msvcrt.dll
0x00007ffa1ed60000 - 0x00007ffa1edbb000 	C:\WINDOWS\system32\sechost.dll
0x00007ffa1d180000 - 0x00007ffa1d2a6000 	C:\WINDOWS\system32\RPCRT4.dll
0x00007ffa1d370000 - 0x00007ffa1d4be000 	C:\WINDOWS\system32\USER32.dll
0x00007ffa1ee30000 - 0x00007ffa1efb6000 	C:\WINDOWS\system32\GDI32.dll
0x00007ffa17d70000 - 0x00007ffa17fe4000 	C:\WINDOWS\WinSxS\amd64_microsoft.windows.common-controls_6595b64144ccf1df_6.0.10240.16384_none_f41f7b285750ef43\COMCTL32.dll
0x00007ffa1d2b0000 - 0x00007ffa1d2e6000 	C:\WINDOWS\system32\IMM32.DLL
0x00007ffa1ce70000 - 0x00007ffa1cfcc000 	C:\WINDOWS\system32\MSCTF.dll
0x0000000069b30000 - 0x0000000069c02000 	C:\Program Files\Java\jdk1.7.0_76\jre\bin\msvcr100.dll
0x0000000069d80000 - 0x000000006a555000 	C:\Program Files\Java\jdk1.7.0_76\jre\bin\server\jvm.dll
0x00007ffa1e9f0000 - 0x00007ffa1e9f8000 	C:\WINDOWS\system32\PSAPI.DLL
0x00007ffa19f20000 - 0x00007ffa19f29000 	C:\WINDOWS\SYSTEM32\WSOCK32.dll
0x00007ffa1edc0000 - 0x00007ffa1ee29000 	C:\WINDOWS\system32\WS2_32.dll
0x00007ffa1cbe0000 - 0x00007ffa1cbe8000 	C:\WINDOWS\system32\NSI.dll
0x00007ffa19e20000 - 0x00007ffa19e43000 	C:\WINDOWS\SYSTEM32\WINMM.dll
0x00007ffa19dc0000 - 0x00007ffa19dec000 	C:\WINDOWS\SYSTEM32\WINMMBASE.dll
0x00007ffa1c990000 - 0x00007ffa1c9d4000 	C:\WINDOWS\system32\cfgmgr32.dll
0x00007ffa1a6c0000 - 0x00007ffa1a6e7000 	C:\WINDOWS\SYSTEM32\DEVOBJ.dll
0x000000006a7f0000 - 0x000000006a7ff000 	C:\Program Files\Java\jdk1.7.0_76\jre\bin\verify.dll
0x000000006a7c0000 - 0x000000006a7e8000 	C:\Program Files\Java\jdk1.7.0_76\jre\bin\java.dll
0x000000006a7a0000 - 0x000000006a7b5000 	C:\Program Files\Java\jdk1.7.0_76\jre\bin\zip.dll
0x000000006a780000 - 0x000000006a79a000 	C:\Program Files\Java\jdk1.7.0_76\jre\bin\net.dll
0x00007ffa1b600000 - 0x00007ffa1b65d000 	C:\WINDOWS\system32\mswsock.dll
0x000000006a760000 - 0x000000006a771000 	C:\Program Files\Java\jdk1.7.0_76\jre\bin\nio.dll

VM Arguments:
jvm_args: -Xmx1024M -Dfile.encoding=windows-1252 -Duser.country=US -Duser.language=en -Duser.variant 
java_command: com.android.dx.command.Main --dex --num-threads=4 --output C:\Users\Xian\Desktop\watchface01\mobile\build\intermediates\pre-dexed\debug\classes-c55123176ec677aa45d4d230fbcf3a56b693100f.jar C:\Users\Xian\Desktop\watchface01\mobile\build\intermediates\exploded-aar\com.google.android.gms\play-services-ads\8.1.0\jars\classes.jar
Launcher Type: SUN_STANDARD

Environment Variables:
JAVA_HOME=C:\Program Files\Java\jdk1.7.0_76
CLASSPATH=.;C:\Program Files\Java\jdk1.7.0_76\lib;C:\Program Files\Java\jdk1.7.0_76\lib\tools.jar
PATH=C:\Python27\;C:\Python27\Scripts;C:\Program Files (x86)\Intel\iCLS Client\;C:\Program Files\Intel\iCLS Client\;C:\WINDOWS\system32;C:\WINDOWS;C:\WINDOWS\System32\Wbem;C:\WINDOWS\System32\WindowsPowerShell\v1.0\;C:\Program Files\Intel\Intel(R) Management Engine Components\DAL;C:\Program Files\Intel\Intel(R) Management Engine Components\IPT;C:\Program Files (x86)\Intel\Intel(R) Management Engine Components\DAL;C:\Program Files (x86)\Intel\Intel(R) Management Engine Components\IPT;C:\Program Files\MATLAB\R2013a\runtime\win64;C:\Program Files\MATLAB\R2013a\bin;C:\Program Files\Java\jdk1.7.0_76\bin;C:\Program Files\Java\jdk1.7.0_76\jre\bin;C:\Program Files (x86)\Android\android-sdk\platform-tools;C:\Program Files\Intel\WiFi\bin\;C:\Program Files\Common Files\Intel\WirelessCommon\;C:\Program Files (x86)\NVIDIA Corporation\PhysX\Common;C:\Program Files\TortoiseSVN\bin;C:\Users\Xian\AppData\Roaming\Python\Scripts;C:\Program Files (x86)\Android\android-sdk\platform-tools;C:\Users\Xian\AppData\Roaming\Python\Scripts;C:\Program Files\Intel\WiFi\bin\;C:\Program Files\Common Files\Intel\WirelessCommon\
USERNAME=Xian
OS=Windows_NT
PROCESSOR_IDENTIFIER=Intel64 Family 6 Model 60 Stepping 3, GenuineIntel



---------------  S Y S T E M  ---------------

OS: Windows 8.1 , 64 bit Build 9600 

CPU:total 8 (4 cores per cpu, 2 threads per core) family 6 model 60 stepping 3, cmov, cx8, fxsr, mmx, sse, sse2, sse3, ssse3, sse4.1, sse4.2, popcnt, avx, avx2, aes, erms, ht, tsc, tscinvbit

Memory: 4k page, physical 8298776k(2627668k free), swap 9347352k(5380k free)

vm_info: Java HotSpot(TM) 64-Bit Server VM (24.76-b04) for windows-amd64 JRE (1.7.0_76-b13), built on Dec 18 2014 16:31:25 by "java_re" with unknown MS VC++:1600

time: Sat Oct 31 14:25:19 2015
elapsed time: 18 seconds

